[2024-06-27T10:12:07.502+0700] {manager.py:487} INFO - Processing files using up to 1 processes at a time 
[2024-06-27T10:12:07.502+0700] {manager.py:488} INFO - Process each file at most once every 30 seconds
[2024-06-27T10:12:07.503+0700] {manager.py:489} INFO - Checking for new files in /home/laptop24h/Project/HUST/datn/airflow/dags every 300 seconds
[2024-06-27T10:12:07.503+0700] {manager.py:758} INFO - Searching for files in /home/laptop24h/Project/HUST/datn/airflow/dags
[2024-06-27T10:12:07.726+0700] {manager.py:761} INFO - There are 47 files in /home/laptop24h/Project/HUST/datn/airflow/dags
[2024-06-27T10:12:08.233+0700] {manager.py:889} INFO - 
================================================================================
DAG File Processing Stats

File Path                                                                                                                                            PID    Runtime      # DAGs    # Errors  Last Runtime    Last Run
---------------------------------------------------------------------------------------------------------------------------------------------------  -----  ---------  --------  ----------  --------------  -------------------
/home/laptop24h/Project/HUST/datn/venv/lib/python3.10/site-packages/airflow/example_dags/example_kubernetes_executor.py                                                       0           0
/home/laptop24h/Project/HUST/datn/venv/lib/python3.10/site-packages/airflow/example_dags/example_short_circuit_decorator.py                                                   0           0
/home/laptop24h/Project/HUST/datn/venv/lib/python3.10/site-packages/airflow/example_dags/example_dynamic_task_mapping.py                                                      0           0
/home/laptop24h/Project/HUST/datn/venv/lib/python3.10/site-packages/airflow/example_dags/example_external_task_marker_dag.py                                                  0           0
/home/laptop24h/Project/HUST/datn/venv/lib/python3.10/site-packages/airflow/example_dags/example_bash_operator.py                                                             0           0
/home/laptop24h/Project/HUST/datn/venv/lib/python3.10/site-packages/airflow/example_dags/example_subdag_operator.py                                                           0           0
/home/laptop24h/Project/HUST/datn/venv/lib/python3.10/site-packages/airflow/example_dags/tutorial_taskflow_api_virtualenv.py                                                  0           0
/home/laptop24h/Project/HUST/datn/venv/lib/python3.10/site-packages/airflow/example_dags/example_setup_teardown.py                                                            0           0
/home/laptop24h/Project/HUST/datn/venv/lib/python3.10/site-packages/airflow/example_dags/example_setup_teardown_taskflow.py                                                   0           0
/home/laptop24h/Project/HUST/datn/venv/lib/python3.10/site-packages/airflow/example_dags/example_sensors.py                                                                   0           0
/home/laptop24h/Project/HUST/datn/venv/lib/python3.10/site-packages/airflow/example_dags/example_task_group.py                                                                0           0
/home/laptop24h/Project/HUST/datn/venv/lib/python3.10/site-packages/airflow/example_dags/example_params_trigger_ui.py                                                         0           0
/home/laptop24h/Project/HUST/datn/venv/lib/python3.10/site-packages/airflow/example_dags/example_branch_day_of_week_operator.py                                               0           0
/home/laptop24h/Project/HUST/datn/venv/lib/python3.10/site-packages/airflow/example_dags/example_local_kubernetes_executor.py                                                 0           0
/home/laptop24h/Project/HUST/datn/venv/lib/python3.10/site-packages/airflow/example_dags/example_short_circuit_operator.py                                                    0           0
/home/laptop24h/Project/HUST/datn/venv/lib/python3.10/site-packages/airflow/example_dags/example_branch_operator.py                                                           0           0
/home/laptop24h/Project/HUST/datn/venv/lib/python3.10/site-packages/airflow/example_dags/example_branch_python_dop_operator_3.py                                              0           0
/home/laptop24h/Project/HUST/datn/venv/lib/python3.10/site-packages/airflow/example_dags/example_xcom.py                                                                      0           0
/home/laptop24h/Project/HUST/datn/venv/lib/python3.10/site-packages/airflow/example_dags/example_latest_only.py                                                               0           0
/home/laptop24h/Project/HUST/datn/venv/lib/python3.10/site-packages/airflow/example_dags/example_task_group_decorator.py                                                      0           0
/home/laptop24h/Project/HUST/datn/venv/lib/python3.10/site-packages/airflow/example_dags/example_latest_only_with_trigger.py                                                  0           0
/home/laptop24h/Project/HUST/datn/venv/lib/python3.10/site-packages/airflow/example_dags/example_xcomargs.py                                                                  0           0
/home/laptop24h/Project/HUST/datn/venv/lib/python3.10/site-packages/airflow/example_dags/example_trigger_controller_dag.py                                                    0           0
/home/laptop24h/Project/HUST/datn/venv/lib/python3.10/site-packages/airflow/example_dags/tutorial.py                                                                          0           0
/home/laptop24h/Project/HUST/datn/venv/lib/python3.10/site-packages/airflow/example_dags/example_branch_operator_decorator.py                                                 0           0
/home/laptop24h/Project/HUST/datn/venv/lib/python3.10/site-packages/airflow/example_dags/tutorial_taskflow_api.py                                                             0           0
/home/laptop24h/Project/HUST/datn/venv/lib/python3.10/site-packages/airflow/example_dags/example_passing_params_via_test_command.py                                           0           0
/home/laptop24h/Project/HUST/datn/venv/lib/python3.10/site-packages/airflow/example_dags/example_branch_labels.py                                                             0           0
/home/laptop24h/Project/HUST/datn/venv/lib/python3.10/site-packages/airflow/example_dags/example_branch_datetime_operator.py                                                  0           0
/home/laptop24h/Project/HUST/datn/venv/lib/python3.10/site-packages/airflow/example_dags/example_sensor_decorator.py                                                          0           0
/home/laptop24h/Project/HUST/datn/venv/lib/python3.10/site-packages/airflow/example_dags/example_complex.py                                                                   0           0
/home/laptop24h/Project/HUST/datn/venv/lib/python3.10/site-packages/airflow/example_dags/example_dynamic_task_mapping_with_no_taskflow_operators.py                           0           0
/home/laptop24h/Project/HUST/datn/venv/lib/python3.10/site-packages/airflow/example_dags/example_python_operator.py                                                           0           0
/home/laptop24h/Project/HUST/datn/venv/lib/python3.10/site-packages/airflow/example_dags/example_dag_decorator.py                                                             0           0
/home/laptop24h/Project/HUST/datn/venv/lib/python3.10/site-packages/airflow/example_dags/example_time_delta_sensor_async.py                                                   0           0
/home/laptop24h/Project/HUST/datn/venv/lib/python3.10/site-packages/airflow/example_dags/tutorial_dag.py                                                                      0           0
/home/laptop24h/Project/HUST/datn/venv/lib/python3.10/site-packages/airflow/example_dags/example_trigger_target_dag.py                                                        0           0
/home/laptop24h/Project/HUST/datn/venv/lib/python3.10/site-packages/airflow/example_dags/example_datasets.py                                                                  0           0
/home/laptop24h/Project/HUST/datn/venv/lib/python3.10/site-packages/airflow/example_dags/example_sla_dag.py                                                                   0           0
/home/laptop24h/Project/HUST/datn/venv/lib/python3.10/site-packages/airflow/example_dags/example_nested_branch_dag.py                                                         0           0
/home/laptop24h/Project/HUST/datn/venv/lib/python3.10/site-packages/airflow/example_dags/example_params_ui_tutorial.py                                                        0           0
/home/laptop24h/Project/HUST/datn/venv/lib/python3.10/site-packages/airflow/example_dags/example_skip_dag.py                                                                  0           0
/home/laptop24h/Project/HUST/datn/venv/lib/python3.10/site-packages/airflow/example_dags/plugins/listener_plugin.py                                                           0           0
/home/laptop24h/Project/HUST/datn/venv/lib/python3.10/site-packages/airflow/example_dags/plugins/workday.py                                                                   0           0
/home/laptop24h/Project/HUST/datn/venv/lib/python3.10/site-packages/airflow/example_dags/plugins/event_listener.py                                                            0           0
/home/laptop24h/Project/HUST/datn/venv/lib/python3.10/site-packages/airflow/example_dags/subdags/subdag.py                                                                    0           0
/home/laptop24h/Project/HUST/datn/airflow/dags/pipeline.py                                                                                                                    1           0  0.31s           2024-06-27T03:12:08
================================================================================
[2024-06-27T10:12:19.315+0700] {manager.py:470} INFO - Exiting gracefully upon receiving signal 15
[2024-06-27T10:32:51.677+0700] {manager.py:487} INFO - Processing files using up to 1 processes at a time 
[2024-06-27T10:32:51.681+0700] {manager.py:488} INFO - Process each file at most once every 30 seconds
[2024-06-27T10:32:51.682+0700] {manager.py:489} INFO - Checking for new files in /home/laptop24h/Project/HUST/datn/airflow/dags every 300 seconds
[2024-06-27T10:32:51.682+0700] {manager.py:758} INFO - Searching for files in /home/laptop24h/Project/HUST/datn/airflow/dags
[2024-06-27T10:32:51.710+0700] {manager.py:761} INFO - There are 47 files in /home/laptop24h/Project/HUST/datn/airflow/dags
[2024-06-27T10:32:52.075+0700] {manager.py:889} INFO - 
================================================================================
DAG File Processing Stats

File Path                                                                                                                                            PID    Runtime      # DAGs    # Errors  Last Runtime    Last Run
---------------------------------------------------------------------------------------------------------------------------------------------------  -----  ---------  --------  ----------  --------------  -------------------
/home/laptop24h/Project/HUST/datn/venv/lib/python3.10/site-packages/airflow/example_dags/example_kubernetes_executor.py                                                       0           0
/home/laptop24h/Project/HUST/datn/venv/lib/python3.10/site-packages/airflow/example_dags/example_short_circuit_decorator.py                                                   0           0
/home/laptop24h/Project/HUST/datn/venv/lib/python3.10/site-packages/airflow/example_dags/example_dynamic_task_mapping.py                                                      0           0
/home/laptop24h/Project/HUST/datn/venv/lib/python3.10/site-packages/airflow/example_dags/example_external_task_marker_dag.py                                                  0           0
/home/laptop24h/Project/HUST/datn/venv/lib/python3.10/site-packages/airflow/example_dags/example_bash_operator.py                                                             0           0
/home/laptop24h/Project/HUST/datn/venv/lib/python3.10/site-packages/airflow/example_dags/example_subdag_operator.py                                                           0           0
/home/laptop24h/Project/HUST/datn/venv/lib/python3.10/site-packages/airflow/example_dags/tutorial_taskflow_api_virtualenv.py                                                  0           0
/home/laptop24h/Project/HUST/datn/venv/lib/python3.10/site-packages/airflow/example_dags/example_setup_teardown.py                                                            0           0
/home/laptop24h/Project/HUST/datn/venv/lib/python3.10/site-packages/airflow/example_dags/example_setup_teardown_taskflow.py                                                   0           0
/home/laptop24h/Project/HUST/datn/venv/lib/python3.10/site-packages/airflow/example_dags/example_sensors.py                                                                   0           0
/home/laptop24h/Project/HUST/datn/venv/lib/python3.10/site-packages/airflow/example_dags/example_task_group.py                                                                0           0
/home/laptop24h/Project/HUST/datn/venv/lib/python3.10/site-packages/airflow/example_dags/example_params_trigger_ui.py                                                         0           0
/home/laptop24h/Project/HUST/datn/venv/lib/python3.10/site-packages/airflow/example_dags/example_branch_day_of_week_operator.py                                               0           0
/home/laptop24h/Project/HUST/datn/venv/lib/python3.10/site-packages/airflow/example_dags/example_local_kubernetes_executor.py                                                 0           0
/home/laptop24h/Project/HUST/datn/venv/lib/python3.10/site-packages/airflow/example_dags/example_short_circuit_operator.py                                                    0           0
/home/laptop24h/Project/HUST/datn/venv/lib/python3.10/site-packages/airflow/example_dags/example_branch_operator.py                                                           0           0
/home/laptop24h/Project/HUST/datn/venv/lib/python3.10/site-packages/airflow/example_dags/example_branch_python_dop_operator_3.py                                              0           0
/home/laptop24h/Project/HUST/datn/venv/lib/python3.10/site-packages/airflow/example_dags/example_xcom.py                                                                      0           0
/home/laptop24h/Project/HUST/datn/venv/lib/python3.10/site-packages/airflow/example_dags/example_latest_only.py                                                               0           0
/home/laptop24h/Project/HUST/datn/venv/lib/python3.10/site-packages/airflow/example_dags/example_task_group_decorator.py                                                      0           0
/home/laptop24h/Project/HUST/datn/venv/lib/python3.10/site-packages/airflow/example_dags/example_latest_only_with_trigger.py                                                  0           0
/home/laptop24h/Project/HUST/datn/venv/lib/python3.10/site-packages/airflow/example_dags/example_xcomargs.py                                                                  0           0
/home/laptop24h/Project/HUST/datn/venv/lib/python3.10/site-packages/airflow/example_dags/example_trigger_controller_dag.py                                                    0           0
/home/laptop24h/Project/HUST/datn/venv/lib/python3.10/site-packages/airflow/example_dags/tutorial.py                                                                          0           0
/home/laptop24h/Project/HUST/datn/venv/lib/python3.10/site-packages/airflow/example_dags/example_branch_operator_decorator.py                                                 0           0
/home/laptop24h/Project/HUST/datn/venv/lib/python3.10/site-packages/airflow/example_dags/tutorial_taskflow_api.py                                                             0           0
/home/laptop24h/Project/HUST/datn/venv/lib/python3.10/site-packages/airflow/example_dags/example_passing_params_via_test_command.py                                           0           0
/home/laptop24h/Project/HUST/datn/venv/lib/python3.10/site-packages/airflow/example_dags/example_branch_labels.py                                                             0           0
/home/laptop24h/Project/HUST/datn/venv/lib/python3.10/site-packages/airflow/example_dags/example_branch_datetime_operator.py                                                  0           0
/home/laptop24h/Project/HUST/datn/venv/lib/python3.10/site-packages/airflow/example_dags/example_sensor_decorator.py                                                          0           0
/home/laptop24h/Project/HUST/datn/venv/lib/python3.10/site-packages/airflow/example_dags/example_complex.py                                                                   0           0
/home/laptop24h/Project/HUST/datn/venv/lib/python3.10/site-packages/airflow/example_dags/example_dynamic_task_mapping_with_no_taskflow_operators.py                           0           0
/home/laptop24h/Project/HUST/datn/venv/lib/python3.10/site-packages/airflow/example_dags/example_python_operator.py                                                           0           0
/home/laptop24h/Project/HUST/datn/venv/lib/python3.10/site-packages/airflow/example_dags/example_dag_decorator.py                                                             0           0
/home/laptop24h/Project/HUST/datn/venv/lib/python3.10/site-packages/airflow/example_dags/example_time_delta_sensor_async.py                                                   0           0
/home/laptop24h/Project/HUST/datn/venv/lib/python3.10/site-packages/airflow/example_dags/tutorial_dag.py                                                                      0           0
/home/laptop24h/Project/HUST/datn/venv/lib/python3.10/site-packages/airflow/example_dags/example_trigger_target_dag.py                                                        0           0
/home/laptop24h/Project/HUST/datn/venv/lib/python3.10/site-packages/airflow/example_dags/example_datasets.py                                                                  0           0
/home/laptop24h/Project/HUST/datn/venv/lib/python3.10/site-packages/airflow/example_dags/example_sla_dag.py                                                                   0           0
/home/laptop24h/Project/HUST/datn/venv/lib/python3.10/site-packages/airflow/example_dags/example_nested_branch_dag.py                                                         0           0
/home/laptop24h/Project/HUST/datn/venv/lib/python3.10/site-packages/airflow/example_dags/example_params_ui_tutorial.py                                                        0           0
/home/laptop24h/Project/HUST/datn/venv/lib/python3.10/site-packages/airflow/example_dags/example_skip_dag.py                                                                  0           0
/home/laptop24h/Project/HUST/datn/venv/lib/python3.10/site-packages/airflow/example_dags/plugins/listener_plugin.py                                                           0           0
/home/laptop24h/Project/HUST/datn/venv/lib/python3.10/site-packages/airflow/example_dags/plugins/workday.py                                                                   0           0
/home/laptop24h/Project/HUST/datn/venv/lib/python3.10/site-packages/airflow/example_dags/plugins/event_listener.py                                                            0           0
/home/laptop24h/Project/HUST/datn/venv/lib/python3.10/site-packages/airflow/example_dags/subdags/subdag.py                                                                    0           0
/home/laptop24h/Project/HUST/datn/airflow/dags/pipeline.py                                                                                                                    1           0  0.20s           2024-06-27T03:32:52
================================================================================
[2024-06-27T10:32:58.210+0700] {manager.py:470} INFO - Exiting gracefully upon receiving signal 15
[2024-06-27T10:39:08.881+0700] {manager.py:487} INFO - Processing files using up to 1 processes at a time 
[2024-06-27T10:39:08.885+0700] {manager.py:488} INFO - Process each file at most once every 30 seconds
[2024-06-27T10:39:08.886+0700] {manager.py:489} INFO - Checking for new files in /home/laptop24h/Project/HUST/datn/airflow/dags every 300 seconds
[2024-06-27T10:39:08.887+0700] {manager.py:758} INFO - Searching for files in /home/laptop24h/Project/HUST/datn/airflow/dags
[2024-06-27T10:39:08.909+0700] {manager.py:761} INFO - There are 47 files in /home/laptop24h/Project/HUST/datn/airflow/dags
[2024-06-27T10:39:09.257+0700] {manager.py:889} INFO - 
================================================================================
DAG File Processing Stats

File Path                                                                                                                                            PID    Runtime      # DAGs    # Errors  Last Runtime    Last Run
---------------------------------------------------------------------------------------------------------------------------------------------------  -----  ---------  --------  ----------  --------------  -------------------
/home/laptop24h/Project/HUST/datn/venv/lib/python3.10/site-packages/airflow/example_dags/example_kubernetes_executor.py                                                       0           0
/home/laptop24h/Project/HUST/datn/venv/lib/python3.10/site-packages/airflow/example_dags/example_short_circuit_decorator.py                                                   0           0
/home/laptop24h/Project/HUST/datn/venv/lib/python3.10/site-packages/airflow/example_dags/example_dynamic_task_mapping.py                                                      0           0
/home/laptop24h/Project/HUST/datn/venv/lib/python3.10/site-packages/airflow/example_dags/example_external_task_marker_dag.py                                                  0           0
/home/laptop24h/Project/HUST/datn/venv/lib/python3.10/site-packages/airflow/example_dags/example_bash_operator.py                                                             0           0
/home/laptop24h/Project/HUST/datn/venv/lib/python3.10/site-packages/airflow/example_dags/example_subdag_operator.py                                                           0           0
/home/laptop24h/Project/HUST/datn/venv/lib/python3.10/site-packages/airflow/example_dags/tutorial_taskflow_api_virtualenv.py                                                  0           0
/home/laptop24h/Project/HUST/datn/venv/lib/python3.10/site-packages/airflow/example_dags/example_setup_teardown.py                                                            0           0
/home/laptop24h/Project/HUST/datn/venv/lib/python3.10/site-packages/airflow/example_dags/example_setup_teardown_taskflow.py                                                   0           0
/home/laptop24h/Project/HUST/datn/venv/lib/python3.10/site-packages/airflow/example_dags/example_sensors.py                                                                   0           0
/home/laptop24h/Project/HUST/datn/venv/lib/python3.10/site-packages/airflow/example_dags/example_task_group.py                                                                0           0
/home/laptop24h/Project/HUST/datn/venv/lib/python3.10/site-packages/airflow/example_dags/example_params_trigger_ui.py                                                         0           0
/home/laptop24h/Project/HUST/datn/venv/lib/python3.10/site-packages/airflow/example_dags/example_branch_day_of_week_operator.py                                               0           0
/home/laptop24h/Project/HUST/datn/venv/lib/python3.10/site-packages/airflow/example_dags/example_local_kubernetes_executor.py                                                 0           0
/home/laptop24h/Project/HUST/datn/venv/lib/python3.10/site-packages/airflow/example_dags/example_short_circuit_operator.py                                                    0           0
/home/laptop24h/Project/HUST/datn/venv/lib/python3.10/site-packages/airflow/example_dags/example_branch_operator.py                                                           0           0
/home/laptop24h/Project/HUST/datn/venv/lib/python3.10/site-packages/airflow/example_dags/example_branch_python_dop_operator_3.py                                              0           0
/home/laptop24h/Project/HUST/datn/venv/lib/python3.10/site-packages/airflow/example_dags/example_xcom.py                                                                      0           0
/home/laptop24h/Project/HUST/datn/venv/lib/python3.10/site-packages/airflow/example_dags/example_latest_only.py                                                               0           0
/home/laptop24h/Project/HUST/datn/venv/lib/python3.10/site-packages/airflow/example_dags/example_task_group_decorator.py                                                      0           0
/home/laptop24h/Project/HUST/datn/venv/lib/python3.10/site-packages/airflow/example_dags/example_latest_only_with_trigger.py                                                  0           0
/home/laptop24h/Project/HUST/datn/venv/lib/python3.10/site-packages/airflow/example_dags/example_xcomargs.py                                                                  0           0
/home/laptop24h/Project/HUST/datn/venv/lib/python3.10/site-packages/airflow/example_dags/example_trigger_controller_dag.py                                                    0           0
/home/laptop24h/Project/HUST/datn/venv/lib/python3.10/site-packages/airflow/example_dags/tutorial.py                                                                          0           0
/home/laptop24h/Project/HUST/datn/venv/lib/python3.10/site-packages/airflow/example_dags/example_branch_operator_decorator.py                                                 0           0
/home/laptop24h/Project/HUST/datn/venv/lib/python3.10/site-packages/airflow/example_dags/tutorial_taskflow_api.py                                                             0           0
/home/laptop24h/Project/HUST/datn/venv/lib/python3.10/site-packages/airflow/example_dags/example_passing_params_via_test_command.py                                           0           0
/home/laptop24h/Project/HUST/datn/venv/lib/python3.10/site-packages/airflow/example_dags/example_branch_labels.py                                                             0           0
/home/laptop24h/Project/HUST/datn/venv/lib/python3.10/site-packages/airflow/example_dags/example_branch_datetime_operator.py                                                  0           0
/home/laptop24h/Project/HUST/datn/venv/lib/python3.10/site-packages/airflow/example_dags/example_sensor_decorator.py                                                          0           0
/home/laptop24h/Project/HUST/datn/venv/lib/python3.10/site-packages/airflow/example_dags/example_complex.py                                                                   0           0
/home/laptop24h/Project/HUST/datn/venv/lib/python3.10/site-packages/airflow/example_dags/example_dynamic_task_mapping_with_no_taskflow_operators.py                           0           0
/home/laptop24h/Project/HUST/datn/venv/lib/python3.10/site-packages/airflow/example_dags/example_python_operator.py                                                           0           0
/home/laptop24h/Project/HUST/datn/venv/lib/python3.10/site-packages/airflow/example_dags/example_dag_decorator.py                                                             0           0
/home/laptop24h/Project/HUST/datn/venv/lib/python3.10/site-packages/airflow/example_dags/example_time_delta_sensor_async.py                                                   0           0
/home/laptop24h/Project/HUST/datn/venv/lib/python3.10/site-packages/airflow/example_dags/tutorial_dag.py                                                                      0           0
/home/laptop24h/Project/HUST/datn/venv/lib/python3.10/site-packages/airflow/example_dags/example_trigger_target_dag.py                                                        0           0
/home/laptop24h/Project/HUST/datn/venv/lib/python3.10/site-packages/airflow/example_dags/example_datasets.py                                                                  0           0
/home/laptop24h/Project/HUST/datn/venv/lib/python3.10/site-packages/airflow/example_dags/example_sla_dag.py                                                                   0           0
/home/laptop24h/Project/HUST/datn/venv/lib/python3.10/site-packages/airflow/example_dags/example_nested_branch_dag.py                                                         0           0
/home/laptop24h/Project/HUST/datn/venv/lib/python3.10/site-packages/airflow/example_dags/example_params_ui_tutorial.py                                                        0           0
/home/laptop24h/Project/HUST/datn/venv/lib/python3.10/site-packages/airflow/example_dags/example_skip_dag.py                                                                  0           0
/home/laptop24h/Project/HUST/datn/venv/lib/python3.10/site-packages/airflow/example_dags/plugins/listener_plugin.py                                                           0           0
/home/laptop24h/Project/HUST/datn/venv/lib/python3.10/site-packages/airflow/example_dags/plugins/workday.py                                                                   0           0
/home/laptop24h/Project/HUST/datn/venv/lib/python3.10/site-packages/airflow/example_dags/plugins/event_listener.py                                                            0           0
/home/laptop24h/Project/HUST/datn/venv/lib/python3.10/site-packages/airflow/example_dags/subdags/subdag.py                                                                    0           0
/home/laptop24h/Project/HUST/datn/airflow/dags/pipeline.py                                                                                                                    1           0  0.20s           2024-06-27T03:39:09
================================================================================
[2024-06-27T10:39:12.610+0700] {manager.py:470} INFO - Exiting gracefully upon receiving signal 15
[2024-06-27T10:40:39.035+0700] {manager.py:487} INFO - Processing files using up to 1 processes at a time 
[2024-06-27T10:40:39.039+0700] {manager.py:488} INFO - Process each file at most once every 30 seconds
[2024-06-27T10:40:39.039+0700] {manager.py:489} INFO - Checking for new files in /home/laptop24h/Project/HUST/datn/airflow/dags every 300 seconds
[2024-06-27T10:40:39.039+0700] {manager.py:758} INFO - Searching for files in /home/laptop24h/Project/HUST/datn/airflow/dags
[2024-06-27T10:40:39.057+0700] {manager.py:761} INFO - There are 47 files in /home/laptop24h/Project/HUST/datn/airflow/dags
[2024-06-27T10:40:39.406+0700] {manager.py:889} INFO - 
================================================================================
DAG File Processing Stats

File Path                                                                                                                                            PID    Runtime      # DAGs    # Errors  Last Runtime    Last Run
---------------------------------------------------------------------------------------------------------------------------------------------------  -----  ---------  --------  ----------  --------------  -------------------
/home/laptop24h/Project/HUST/datn/venv/lib/python3.10/site-packages/airflow/example_dags/example_kubernetes_executor.py                                                       0           0
/home/laptop24h/Project/HUST/datn/venv/lib/python3.10/site-packages/airflow/example_dags/example_short_circuit_decorator.py                                                   0           0
/home/laptop24h/Project/HUST/datn/venv/lib/python3.10/site-packages/airflow/example_dags/example_dynamic_task_mapping.py                                                      0           0
/home/laptop24h/Project/HUST/datn/venv/lib/python3.10/site-packages/airflow/example_dags/example_external_task_marker_dag.py                                                  0           0
/home/laptop24h/Project/HUST/datn/venv/lib/python3.10/site-packages/airflow/example_dags/example_bash_operator.py                                                             0           0
/home/laptop24h/Project/HUST/datn/venv/lib/python3.10/site-packages/airflow/example_dags/example_subdag_operator.py                                                           0           0
/home/laptop24h/Project/HUST/datn/venv/lib/python3.10/site-packages/airflow/example_dags/tutorial_taskflow_api_virtualenv.py                                                  0           0
/home/laptop24h/Project/HUST/datn/venv/lib/python3.10/site-packages/airflow/example_dags/example_setup_teardown.py                                                            0           0
/home/laptop24h/Project/HUST/datn/venv/lib/python3.10/site-packages/airflow/example_dags/example_setup_teardown_taskflow.py                                                   0           0
/home/laptop24h/Project/HUST/datn/venv/lib/python3.10/site-packages/airflow/example_dags/example_sensors.py                                                                   0           0
/home/laptop24h/Project/HUST/datn/venv/lib/python3.10/site-packages/airflow/example_dags/example_task_group.py                                                                0           0
/home/laptop24h/Project/HUST/datn/venv/lib/python3.10/site-packages/airflow/example_dags/example_params_trigger_ui.py                                                         0           0
/home/laptop24h/Project/HUST/datn/venv/lib/python3.10/site-packages/airflow/example_dags/example_branch_day_of_week_operator.py                                               0           0
/home/laptop24h/Project/HUST/datn/venv/lib/python3.10/site-packages/airflow/example_dags/example_local_kubernetes_executor.py                                                 0           0
/home/laptop24h/Project/HUST/datn/venv/lib/python3.10/site-packages/airflow/example_dags/example_short_circuit_operator.py                                                    0           0
/home/laptop24h/Project/HUST/datn/venv/lib/python3.10/site-packages/airflow/example_dags/example_branch_operator.py                                                           0           0
/home/laptop24h/Project/HUST/datn/venv/lib/python3.10/site-packages/airflow/example_dags/example_branch_python_dop_operator_3.py                                              0           0
/home/laptop24h/Project/HUST/datn/venv/lib/python3.10/site-packages/airflow/example_dags/example_xcom.py                                                                      0           0
/home/laptop24h/Project/HUST/datn/venv/lib/python3.10/site-packages/airflow/example_dags/example_latest_only.py                                                               0           0
/home/laptop24h/Project/HUST/datn/venv/lib/python3.10/site-packages/airflow/example_dags/example_task_group_decorator.py                                                      0           0
/home/laptop24h/Project/HUST/datn/venv/lib/python3.10/site-packages/airflow/example_dags/example_latest_only_with_trigger.py                                                  0           0
/home/laptop24h/Project/HUST/datn/venv/lib/python3.10/site-packages/airflow/example_dags/example_xcomargs.py                                                                  0           0
/home/laptop24h/Project/HUST/datn/venv/lib/python3.10/site-packages/airflow/example_dags/example_trigger_controller_dag.py                                                    0           0
/home/laptop24h/Project/HUST/datn/venv/lib/python3.10/site-packages/airflow/example_dags/tutorial.py                                                                          0           0
/home/laptop24h/Project/HUST/datn/venv/lib/python3.10/site-packages/airflow/example_dags/example_branch_operator_decorator.py                                                 0           0
/home/laptop24h/Project/HUST/datn/venv/lib/python3.10/site-packages/airflow/example_dags/tutorial_taskflow_api.py                                                             0           0
/home/laptop24h/Project/HUST/datn/venv/lib/python3.10/site-packages/airflow/example_dags/example_passing_params_via_test_command.py                                           0           0
/home/laptop24h/Project/HUST/datn/venv/lib/python3.10/site-packages/airflow/example_dags/example_branch_labels.py                                                             0           0
/home/laptop24h/Project/HUST/datn/venv/lib/python3.10/site-packages/airflow/example_dags/example_branch_datetime_operator.py                                                  0           0
/home/laptop24h/Project/HUST/datn/venv/lib/python3.10/site-packages/airflow/example_dags/example_sensor_decorator.py                                                          0           0
/home/laptop24h/Project/HUST/datn/venv/lib/python3.10/site-packages/airflow/example_dags/example_complex.py                                                                   0           0
/home/laptop24h/Project/HUST/datn/venv/lib/python3.10/site-packages/airflow/example_dags/example_dynamic_task_mapping_with_no_taskflow_operators.py                           0           0
/home/laptop24h/Project/HUST/datn/venv/lib/python3.10/site-packages/airflow/example_dags/example_python_operator.py                                                           0           0
/home/laptop24h/Project/HUST/datn/venv/lib/python3.10/site-packages/airflow/example_dags/example_dag_decorator.py                                                             0           0
/home/laptop24h/Project/HUST/datn/venv/lib/python3.10/site-packages/airflow/example_dags/example_time_delta_sensor_async.py                                                   0           0
/home/laptop24h/Project/HUST/datn/venv/lib/python3.10/site-packages/airflow/example_dags/tutorial_dag.py                                                                      0           0
/home/laptop24h/Project/HUST/datn/venv/lib/python3.10/site-packages/airflow/example_dags/example_trigger_target_dag.py                                                        0           0
/home/laptop24h/Project/HUST/datn/venv/lib/python3.10/site-packages/airflow/example_dags/example_datasets.py                                                                  0           0
/home/laptop24h/Project/HUST/datn/venv/lib/python3.10/site-packages/airflow/example_dags/example_sla_dag.py                                                                   0           0
/home/laptop24h/Project/HUST/datn/venv/lib/python3.10/site-packages/airflow/example_dags/example_nested_branch_dag.py                                                         0           0
/home/laptop24h/Project/HUST/datn/venv/lib/python3.10/site-packages/airflow/example_dags/example_params_ui_tutorial.py                                                        0           0
/home/laptop24h/Project/HUST/datn/venv/lib/python3.10/site-packages/airflow/example_dags/example_skip_dag.py                                                                  0           0
/home/laptop24h/Project/HUST/datn/venv/lib/python3.10/site-packages/airflow/example_dags/plugins/listener_plugin.py                                                           0           0
/home/laptop24h/Project/HUST/datn/venv/lib/python3.10/site-packages/airflow/example_dags/plugins/workday.py                                                                   0           0
/home/laptop24h/Project/HUST/datn/venv/lib/python3.10/site-packages/airflow/example_dags/plugins/event_listener.py                                                            0           0
/home/laptop24h/Project/HUST/datn/venv/lib/python3.10/site-packages/airflow/example_dags/subdags/subdag.py                                                                    0           0
/home/laptop24h/Project/HUST/datn/airflow/dags/pipeline.py                                                                                                                    1           0  0.20s           2024-06-27T03:40:39
================================================================================
[2024-06-27T10:40:41.609+0700] {manager.py:470} INFO - Exiting gracefully upon receiving signal 15
[2024-06-27T10:42:06.960+0700] {manager.py:487} INFO - Processing files using up to 1 processes at a time 
[2024-06-27T10:42:06.965+0700] {manager.py:488} INFO - Process each file at most once every 30 seconds
[2024-06-27T10:42:06.965+0700] {manager.py:489} INFO - Checking for new files in /home/laptop24h/Project/HUST/datn/airflow/dags every 300 seconds
[2024-06-27T10:42:06.965+0700] {manager.py:758} INFO - Searching for files in /home/laptop24h/Project/HUST/datn/airflow/dags
[2024-06-27T10:42:06.995+0700] {manager.py:761} INFO - There are 47 files in /home/laptop24h/Project/HUST/datn/airflow/dags
[2024-06-27T10:42:07.380+0700] {manager.py:889} INFO - 
================================================================================
DAG File Processing Stats

File Path                                                                                                                                            PID    Runtime      # DAGs    # Errors  Last Runtime    Last Run
---------------------------------------------------------------------------------------------------------------------------------------------------  -----  ---------  --------  ----------  --------------  -------------------
/home/laptop24h/Project/HUST/datn/venv/lib/python3.10/site-packages/airflow/example_dags/example_kubernetes_executor.py                                                       0           0
/home/laptop24h/Project/HUST/datn/venv/lib/python3.10/site-packages/airflow/example_dags/example_short_circuit_decorator.py                                                   0           0
/home/laptop24h/Project/HUST/datn/venv/lib/python3.10/site-packages/airflow/example_dags/example_dynamic_task_mapping.py                                                      0           0
/home/laptop24h/Project/HUST/datn/venv/lib/python3.10/site-packages/airflow/example_dags/example_external_task_marker_dag.py                                                  0           0
/home/laptop24h/Project/HUST/datn/venv/lib/python3.10/site-packages/airflow/example_dags/example_bash_operator.py                                                             0           0
/home/laptop24h/Project/HUST/datn/venv/lib/python3.10/site-packages/airflow/example_dags/example_subdag_operator.py                                                           0           0
/home/laptop24h/Project/HUST/datn/venv/lib/python3.10/site-packages/airflow/example_dags/tutorial_taskflow_api_virtualenv.py                                                  0           0
/home/laptop24h/Project/HUST/datn/venv/lib/python3.10/site-packages/airflow/example_dags/example_setup_teardown.py                                                            0           0
/home/laptop24h/Project/HUST/datn/venv/lib/python3.10/site-packages/airflow/example_dags/example_setup_teardown_taskflow.py                                                   0           0
/home/laptop24h/Project/HUST/datn/venv/lib/python3.10/site-packages/airflow/example_dags/example_sensors.py                                                                   0           0
/home/laptop24h/Project/HUST/datn/venv/lib/python3.10/site-packages/airflow/example_dags/example_task_group.py                                                                0           0
/home/laptop24h/Project/HUST/datn/venv/lib/python3.10/site-packages/airflow/example_dags/example_params_trigger_ui.py                                                         0           0
/home/laptop24h/Project/HUST/datn/venv/lib/python3.10/site-packages/airflow/example_dags/example_branch_day_of_week_operator.py                                               0           0
/home/laptop24h/Project/HUST/datn/venv/lib/python3.10/site-packages/airflow/example_dags/example_local_kubernetes_executor.py                                                 0           0
/home/laptop24h/Project/HUST/datn/venv/lib/python3.10/site-packages/airflow/example_dags/example_short_circuit_operator.py                                                    0           0
/home/laptop24h/Project/HUST/datn/venv/lib/python3.10/site-packages/airflow/example_dags/example_branch_operator.py                                                           0           0
/home/laptop24h/Project/HUST/datn/venv/lib/python3.10/site-packages/airflow/example_dags/example_branch_python_dop_operator_3.py                                              0           0
/home/laptop24h/Project/HUST/datn/venv/lib/python3.10/site-packages/airflow/example_dags/example_xcom.py                                                                      0           0
/home/laptop24h/Project/HUST/datn/venv/lib/python3.10/site-packages/airflow/example_dags/example_latest_only.py                                                               0           0
/home/laptop24h/Project/HUST/datn/venv/lib/python3.10/site-packages/airflow/example_dags/example_task_group_decorator.py                                                      0           0
/home/laptop24h/Project/HUST/datn/venv/lib/python3.10/site-packages/airflow/example_dags/example_latest_only_with_trigger.py                                                  0           0
/home/laptop24h/Project/HUST/datn/venv/lib/python3.10/site-packages/airflow/example_dags/example_xcomargs.py                                                                  0           0
/home/laptop24h/Project/HUST/datn/venv/lib/python3.10/site-packages/airflow/example_dags/example_trigger_controller_dag.py                                                    0           0
/home/laptop24h/Project/HUST/datn/venv/lib/python3.10/site-packages/airflow/example_dags/tutorial.py                                                                          0           0
/home/laptop24h/Project/HUST/datn/venv/lib/python3.10/site-packages/airflow/example_dags/example_branch_operator_decorator.py                                                 0           0
/home/laptop24h/Project/HUST/datn/venv/lib/python3.10/site-packages/airflow/example_dags/tutorial_taskflow_api.py                                                             0           0
/home/laptop24h/Project/HUST/datn/venv/lib/python3.10/site-packages/airflow/example_dags/example_passing_params_via_test_command.py                                           0           0
/home/laptop24h/Project/HUST/datn/venv/lib/python3.10/site-packages/airflow/example_dags/example_branch_labels.py                                                             0           0
/home/laptop24h/Project/HUST/datn/venv/lib/python3.10/site-packages/airflow/example_dags/example_branch_datetime_operator.py                                                  0           0
/home/laptop24h/Project/HUST/datn/venv/lib/python3.10/site-packages/airflow/example_dags/example_sensor_decorator.py                                                          0           0
/home/laptop24h/Project/HUST/datn/venv/lib/python3.10/site-packages/airflow/example_dags/example_complex.py                                                                   0           0
/home/laptop24h/Project/HUST/datn/venv/lib/python3.10/site-packages/airflow/example_dags/example_dynamic_task_mapping_with_no_taskflow_operators.py                           0           0
/home/laptop24h/Project/HUST/datn/venv/lib/python3.10/site-packages/airflow/example_dags/example_python_operator.py                                                           0           0
/home/laptop24h/Project/HUST/datn/venv/lib/python3.10/site-packages/airflow/example_dags/example_dag_decorator.py                                                             0           0
/home/laptop24h/Project/HUST/datn/venv/lib/python3.10/site-packages/airflow/example_dags/example_time_delta_sensor_async.py                                                   0           0
/home/laptop24h/Project/HUST/datn/venv/lib/python3.10/site-packages/airflow/example_dags/tutorial_dag.py                                                                      0           0
/home/laptop24h/Project/HUST/datn/venv/lib/python3.10/site-packages/airflow/example_dags/example_trigger_target_dag.py                                                        0           0
/home/laptop24h/Project/HUST/datn/venv/lib/python3.10/site-packages/airflow/example_dags/example_datasets.py                                                                  0           0
/home/laptop24h/Project/HUST/datn/venv/lib/python3.10/site-packages/airflow/example_dags/example_sla_dag.py                                                                   0           0
/home/laptop24h/Project/HUST/datn/venv/lib/python3.10/site-packages/airflow/example_dags/example_nested_branch_dag.py                                                         0           0
/home/laptop24h/Project/HUST/datn/venv/lib/python3.10/site-packages/airflow/example_dags/example_params_ui_tutorial.py                                                        0           0
/home/laptop24h/Project/HUST/datn/venv/lib/python3.10/site-packages/airflow/example_dags/example_skip_dag.py                                                                  0           0
/home/laptop24h/Project/HUST/datn/venv/lib/python3.10/site-packages/airflow/example_dags/plugins/listener_plugin.py                                                           0           0
/home/laptop24h/Project/HUST/datn/venv/lib/python3.10/site-packages/airflow/example_dags/plugins/workday.py                                                                   0           0
/home/laptop24h/Project/HUST/datn/venv/lib/python3.10/site-packages/airflow/example_dags/plugins/event_listener.py                                                            0           0
/home/laptop24h/Project/HUST/datn/venv/lib/python3.10/site-packages/airflow/example_dags/subdags/subdag.py                                                                    0           0
/home/laptop24h/Project/HUST/datn/airflow/dags/pipeline.py                                                                                                                    1           0  0.20s           2024-06-27T03:42:07
================================================================================
[2024-06-27T10:42:37.585+0700] {manager.py:889} INFO - 
================================================================================
DAG File Processing Stats

File Path                                                                                                                                            PID    Runtime      # DAGs    # Errors  Last Runtime    Last Run
---------------------------------------------------------------------------------------------------------------------------------------------------  -----  ---------  --------  ----------  --------------  -------------------
/home/laptop24h/Project/HUST/datn/venv/lib/python3.10/site-packages/airflow/example_dags/example_kubernetes_executor.py                                                       0           0
/home/laptop24h/Project/HUST/datn/venv/lib/python3.10/site-packages/airflow/example_dags/example_dynamic_task_mapping.py                                                      0           0
/home/laptop24h/Project/HUST/datn/venv/lib/python3.10/site-packages/airflow/example_dags/example_external_task_marker_dag.py                                                  0           0
/home/laptop24h/Project/HUST/datn/venv/lib/python3.10/site-packages/airflow/example_dags/example_bash_operator.py                                                             0           0
/home/laptop24h/Project/HUST/datn/venv/lib/python3.10/site-packages/airflow/example_dags/tutorial_taskflow_api_virtualenv.py                                                  0           0  0.11s           2024-06-27T03:42:09
/home/laptop24h/Project/HUST/datn/venv/lib/python3.10/site-packages/airflow/example_dags/example_setup_teardown.py                                                            0           0  0.11s           2024-06-27T03:42:24
/home/laptop24h/Project/HUST/datn/venv/lib/python3.10/site-packages/airflow/example_dags/example_setup_teardown_taskflow.py                                                   0           0  0.11s           2024-06-27T03:42:25
/home/laptop24h/Project/HUST/datn/venv/lib/python3.10/site-packages/airflow/example_dags/example_params_trigger_ui.py                                                         0           0
/home/laptop24h/Project/HUST/datn/venv/lib/python3.10/site-packages/airflow/example_dags/example_branch_day_of_week_operator.py                                               0           0
/home/laptop24h/Project/HUST/datn/venv/lib/python3.10/site-packages/airflow/example_dags/example_local_kubernetes_executor.py                                                 0           0
/home/laptop24h/Project/HUST/datn/venv/lib/python3.10/site-packages/airflow/example_dags/example_branch_operator.py                                                           0           0
/home/laptop24h/Project/HUST/datn/venv/lib/python3.10/site-packages/airflow/example_dags/example_branch_python_dop_operator_3.py                                              0           0
/home/laptop24h/Project/HUST/datn/venv/lib/python3.10/site-packages/airflow/example_dags/example_latest_only.py                                                               0           0
/home/laptop24h/Project/HUST/datn/venv/lib/python3.10/site-packages/airflow/example_dags/example_latest_only_with_trigger.py                                                  0           0
/home/laptop24h/Project/HUST/datn/venv/lib/python3.10/site-packages/airflow/example_dags/example_branch_operator_decorator.py                                                 0           0
/home/laptop24h/Project/HUST/datn/venv/lib/python3.10/site-packages/airflow/example_dags/example_branch_labels.py                                                             0           0
/home/laptop24h/Project/HUST/datn/venv/lib/python3.10/site-packages/airflow/example_dags/example_branch_datetime_operator.py                                                  0           0
/home/laptop24h/Project/HUST/datn/venv/lib/python3.10/site-packages/airflow/example_dags/example_complex.py                                                                   0           0
/home/laptop24h/Project/HUST/datn/venv/lib/python3.10/site-packages/airflow/example_dags/example_dynamic_task_mapping_with_no_taskflow_operators.py                           0           0
/home/laptop24h/Project/HUST/datn/venv/lib/python3.10/site-packages/airflow/example_dags/example_dag_decorator.py                                                             0           0
/home/laptop24h/Project/HUST/datn/venv/lib/python3.10/site-packages/airflow/example_dags/example_datasets.py                                                                  0           0
/home/laptop24h/Project/HUST/datn/venv/lib/python3.10/site-packages/airflow/example_dags/example_nested_branch_dag.py                                                         0           0
/home/laptop24h/Project/HUST/datn/venv/lib/python3.10/site-packages/airflow/example_dags/example_params_ui_tutorial.py                                                        0           0
/home/laptop24h/Project/HUST/datn/venv/lib/python3.10/site-packages/airflow/example_dags/plugins/listener_plugin.py                                                           0           0  0.10s           2024-06-27T03:42:18
/home/laptop24h/Project/HUST/datn/venv/lib/python3.10/site-packages/airflow/example_dags/plugins/workday.py                                                                   0           0  0.81s           2024-06-27T03:42:20
/home/laptop24h/Project/HUST/datn/venv/lib/python3.10/site-packages/airflow/example_dags/plugins/event_listener.py                                                            0           0  0.11s           2024-06-27T03:42:21
/home/laptop24h/Project/HUST/datn/venv/lib/python3.10/site-packages/airflow/example_dags/subdags/subdag.py                                                                    0           0  0.11s           2024-06-27T03:42:08
/home/laptop24h/Project/HUST/datn/airflow/dags/pipeline.py                                                                                                                    1           0  0.20s           2024-06-27T03:42:07
/home/laptop24h/Project/HUST/datn/venv/lib/python3.10/site-packages/airflow/example_dags/example_short_circuit_decorator.py                                                   1           0  0.21s           2024-06-27T03:42:22
/home/laptop24h/Project/HUST/datn/venv/lib/python3.10/site-packages/airflow/example_dags/example_sensors.py                                                                   1           0  0.21s           2024-06-27T03:42:27
/home/laptop24h/Project/HUST/datn/venv/lib/python3.10/site-packages/airflow/example_dags/example_task_group.py                                                                1           0  0.22s           2024-06-27T03:42:27
/home/laptop24h/Project/HUST/datn/venv/lib/python3.10/site-packages/airflow/example_dags/example_short_circuit_operator.py                                                    1           0  0.21s           2024-06-27T03:42:28
/home/laptop24h/Project/HUST/datn/venv/lib/python3.10/site-packages/airflow/example_dags/example_xcom.py                                                                      1           0  0.11s           2024-06-27T03:42:10
/home/laptop24h/Project/HUST/datn/venv/lib/python3.10/site-packages/airflow/example_dags/example_task_group_decorator.py                                                      1           0  0.31s           2024-06-27T03:42:30
/home/laptop24h/Project/HUST/datn/venv/lib/python3.10/site-packages/airflow/example_dags/example_trigger_controller_dag.py                                                    1           0  0.11s           2024-06-27T03:42:13
/home/laptop24h/Project/HUST/datn/venv/lib/python3.10/site-packages/airflow/example_dags/tutorial.py                                                                          1           0  0.11s           2024-06-27T03:42:14
/home/laptop24h/Project/HUST/datn/venv/lib/python3.10/site-packages/airflow/example_dags/tutorial_taskflow_api.py                                                             1           0  0.11s           2024-06-27T03:42:15
/home/laptop24h/Project/HUST/datn/venv/lib/python3.10/site-packages/airflow/example_dags/example_passing_params_via_test_command.py                                           1           0  0.21s           2024-06-27T03:42:31
/home/laptop24h/Project/HUST/datn/venv/lib/python3.10/site-packages/airflow/example_dags/example_sensor_decorator.py                                                          1           0  0.21s           2024-06-27T03:42:32
/home/laptop24h/Project/HUST/datn/venv/lib/python3.10/site-packages/airflow/example_dags/example_python_operator.py                                                           1           0  0.21s           2024-06-27T03:42:33
/home/laptop24h/Project/HUST/datn/venv/lib/python3.10/site-packages/airflow/example_dags/example_time_delta_sensor_async.py                                                   1           0  0.31s           2024-06-27T03:42:35
/home/laptop24h/Project/HUST/datn/venv/lib/python3.10/site-packages/airflow/example_dags/tutorial_dag.py                                                                      1           0  0.11s           2024-06-27T03:42:16
/home/laptop24h/Project/HUST/datn/venv/lib/python3.10/site-packages/airflow/example_dags/example_trigger_target_dag.py                                                        1           0  0.11s           2024-06-27T03:42:17
/home/laptop24h/Project/HUST/datn/venv/lib/python3.10/site-packages/airflow/example_dags/example_sla_dag.py                                                                   1           0  0.21s           2024-06-27T03:42:36
/home/laptop24h/Project/HUST/datn/venv/lib/python3.10/site-packages/airflow/example_dags/example_skip_dag.py                                                                  1           0  0.22s           2024-06-27T03:42:37
/home/laptop24h/Project/HUST/datn/venv/lib/python3.10/site-packages/airflow/example_dags/example_xcomargs.py                                                                  2           0  0.21s           2024-06-27T03:42:12
/home/laptop24h/Project/HUST/datn/venv/lib/python3.10/site-packages/airflow/example_dags/example_subdag_operator.py                                                           3           0  0.22s           2024-06-27T03:42:23
================================================================================
[2024-06-27T10:43:08.104+0700] {manager.py:889} INFO - 
================================================================================
DAG File Processing Stats

File Path                                                                                                                                            PID    Runtime      # DAGs    # Errors  Last Runtime    Last Run
---------------------------------------------------------------------------------------------------------------------------------------------------  -----  ---------  --------  ----------  --------------  -------------------
/home/laptop24h/Project/HUST/datn/venv/lib/python3.10/site-packages/airflow/example_dags/example_kubernetes_executor.py                                                       0           0  0.11s           2024-06-27T03:42:37
/home/laptop24h/Project/HUST/datn/venv/lib/python3.10/site-packages/airflow/example_dags/tutorial_taskflow_api_virtualenv.py                                                  0           0  0.11s           2024-06-27T03:43:02
/home/laptop24h/Project/HUST/datn/venv/lib/python3.10/site-packages/airflow/example_dags/example_setup_teardown.py                                                            0           0  0.11s           2024-06-27T03:42:24
/home/laptop24h/Project/HUST/datn/venv/lib/python3.10/site-packages/airflow/example_dags/example_setup_teardown_taskflow.py                                                   0           0  0.11s           2024-06-27T03:42:25
/home/laptop24h/Project/HUST/datn/venv/lib/python3.10/site-packages/airflow/example_dags/example_local_kubernetes_executor.py                                                 0           0  0.11s           2024-06-27T03:42:42
/home/laptop24h/Project/HUST/datn/venv/lib/python3.10/site-packages/airflow/example_dags/plugins/listener_plugin.py                                                           0           0  0.10s           2024-06-27T03:42:18
/home/laptop24h/Project/HUST/datn/venv/lib/python3.10/site-packages/airflow/example_dags/plugins/workday.py                                                                   0           0  0.81s           2024-06-27T03:42:20
/home/laptop24h/Project/HUST/datn/venv/lib/python3.10/site-packages/airflow/example_dags/plugins/event_listener.py                                                            0           0  0.11s           2024-06-27T03:42:21
/home/laptop24h/Project/HUST/datn/venv/lib/python3.10/site-packages/airflow/example_dags/subdags/subdag.py                                                                    0           0  0.11s           2024-06-27T03:43:01
/home/laptop24h/Project/HUST/datn/airflow/dags/pipeline.py                                                                                                                    1           0  0.11s           2024-06-27T03:43:00
/home/laptop24h/Project/HUST/datn/venv/lib/python3.10/site-packages/airflow/example_dags/example_short_circuit_decorator.py                                                   1           0  0.21s           2024-06-27T03:42:22
/home/laptop24h/Project/HUST/datn/venv/lib/python3.10/site-packages/airflow/example_dags/example_dynamic_task_mapping.py                                                      1           0  0.21s           2024-06-27T03:42:39
/home/laptop24h/Project/HUST/datn/venv/lib/python3.10/site-packages/airflow/example_dags/example_bash_operator.py                                                             1           0  0.21s           2024-06-27T03:42:52
/home/laptop24h/Project/HUST/datn/venv/lib/python3.10/site-packages/airflow/example_dags/example_sensors.py                                                                   1           0  0.21s           2024-06-27T03:42:27
/home/laptop24h/Project/HUST/datn/venv/lib/python3.10/site-packages/airflow/example_dags/example_task_group.py                                                                1           0  0.22s           2024-06-27T03:42:27
/home/laptop24h/Project/HUST/datn/venv/lib/python3.10/site-packages/airflow/example_dags/example_params_trigger_ui.py                                                         1           0  0.31s           2024-06-27T03:42:41
/home/laptop24h/Project/HUST/datn/venv/lib/python3.10/site-packages/airflow/example_dags/example_branch_day_of_week_operator.py                                               1           0  0.31s           2024-06-27T03:42:53
/home/laptop24h/Project/HUST/datn/venv/lib/python3.10/site-packages/airflow/example_dags/example_short_circuit_operator.py                                                    1           0  0.21s           2024-06-27T03:42:28
/home/laptop24h/Project/HUST/datn/venv/lib/python3.10/site-packages/airflow/example_dags/example_branch_operator.py                                                           1           0  0.21s           2024-06-27T03:42:54
/home/laptop24h/Project/HUST/datn/venv/lib/python3.10/site-packages/airflow/example_dags/example_branch_python_dop_operator_3.py                                              1           0  0.31s           2024-06-27T03:42:56
/home/laptop24h/Project/HUST/datn/venv/lib/python3.10/site-packages/airflow/example_dags/example_xcom.py                                                                      1           0  0.11s           2024-06-27T03:43:03
/home/laptop24h/Project/HUST/datn/venv/lib/python3.10/site-packages/airflow/example_dags/example_latest_only.py                                                               1           0  0.21s           2024-06-27T03:42:44
/home/laptop24h/Project/HUST/datn/venv/lib/python3.10/site-packages/airflow/example_dags/example_task_group_decorator.py                                                      1           0  0.31s           2024-06-27T03:42:30
/home/laptop24h/Project/HUST/datn/venv/lib/python3.10/site-packages/airflow/example_dags/example_latest_only_with_trigger.py                                                  1           0  0.31s           2024-06-27T03:42:45
/home/laptop24h/Project/HUST/datn/venv/lib/python3.10/site-packages/airflow/example_dags/example_trigger_controller_dag.py                                                    1           0  0.21s           2024-06-27T03:43:05
/home/laptop24h/Project/HUST/datn/venv/lib/python3.10/site-packages/airflow/example_dags/tutorial.py                                                                          1           0  0.21s           2024-06-27T03:43:06
/home/laptop24h/Project/HUST/datn/venv/lib/python3.10/site-packages/airflow/example_dags/example_branch_operator_decorator.py                                                 1           0  0.31s           2024-06-27T03:42:57
/home/laptop24h/Project/HUST/datn/venv/lib/python3.10/site-packages/airflow/example_dags/tutorial_taskflow_api.py                                                             1           0  0.11s           2024-06-27T03:43:07
/home/laptop24h/Project/HUST/datn/venv/lib/python3.10/site-packages/airflow/example_dags/example_passing_params_via_test_command.py                                           1           0  0.21s           2024-06-27T03:42:31
/home/laptop24h/Project/HUST/datn/venv/lib/python3.10/site-packages/airflow/example_dags/example_branch_labels.py                                                             1           0  0.21s           2024-06-27T03:42:58
/home/laptop24h/Project/HUST/datn/venv/lib/python3.10/site-packages/airflow/example_dags/example_sensor_decorator.py                                                          1           0  0.21s           2024-06-27T03:42:32
/home/laptop24h/Project/HUST/datn/venv/lib/python3.10/site-packages/airflow/example_dags/example_complex.py                                                                   1           0  0.31s           2024-06-27T03:42:46
/home/laptop24h/Project/HUST/datn/venv/lib/python3.10/site-packages/airflow/example_dags/example_dynamic_task_mapping_with_no_taskflow_operators.py                           1           0  0.21s           2024-06-27T03:42:47
/home/laptop24h/Project/HUST/datn/venv/lib/python3.10/site-packages/airflow/example_dags/example_python_operator.py                                                           1           0  0.21s           2024-06-27T03:42:33
/home/laptop24h/Project/HUST/datn/venv/lib/python3.10/site-packages/airflow/example_dags/example_dag_decorator.py                                                             1           0  0.21s           2024-06-27T03:42:48
/home/laptop24h/Project/HUST/datn/venv/lib/python3.10/site-packages/airflow/example_dags/example_time_delta_sensor_async.py                                                   1           0  0.31s           2024-06-27T03:42:35
/home/laptop24h/Project/HUST/datn/venv/lib/python3.10/site-packages/airflow/example_dags/tutorial_dag.py                                                                      1           0  0.21s           2024-06-27T03:43:08
/home/laptop24h/Project/HUST/datn/venv/lib/python3.10/site-packages/airflow/example_dags/example_trigger_target_dag.py                                                        1           0  0.11s           2024-06-27T03:42:17
/home/laptop24h/Project/HUST/datn/venv/lib/python3.10/site-packages/airflow/example_dags/example_sla_dag.py                                                                   1           0  0.21s           2024-06-27T03:42:36
/home/laptop24h/Project/HUST/datn/venv/lib/python3.10/site-packages/airflow/example_dags/example_nested_branch_dag.py                                                         1           0  0.21s           2024-06-27T03:42:50
/home/laptop24h/Project/HUST/datn/venv/lib/python3.10/site-packages/airflow/example_dags/example_params_ui_tutorial.py                                                        1           0  0.31s           2024-06-27T03:42:52
/home/laptop24h/Project/HUST/datn/venv/lib/python3.10/site-packages/airflow/example_dags/example_skip_dag.py                                                                  1           0  0.22s           2024-06-27T03:42:37
/home/laptop24h/Project/HUST/datn/venv/lib/python3.10/site-packages/airflow/example_dags/example_external_task_marker_dag.py                                                  2           0  0.31s           2024-06-27T03:42:40
/home/laptop24h/Project/HUST/datn/venv/lib/python3.10/site-packages/airflow/example_dags/example_xcomargs.py                                                                  2           0  0.11s           2024-06-27T03:43:04
/home/laptop24h/Project/HUST/datn/venv/lib/python3.10/site-packages/airflow/example_dags/example_subdag_operator.py                                                           3           0  0.22s           2024-06-27T03:42:23
/home/laptop24h/Project/HUST/datn/venv/lib/python3.10/site-packages/airflow/example_dags/example_branch_datetime_operator.py                                                  3           0  0.31s           2024-06-27T03:42:58
/home/laptop24h/Project/HUST/datn/venv/lib/python3.10/site-packages/airflow/example_dags/example_datasets.py                                                                  6           0  0.41s           2024-06-27T03:42:49
================================================================================
[2024-06-27T10:43:38.490+0700] {manager.py:889} INFO - 
================================================================================
DAG File Processing Stats

File Path                                                                                                                                            PID    Runtime      # DAGs    # Errors  Last Runtime    Last Run
---------------------------------------------------------------------------------------------------------------------------------------------------  -----  ---------  --------  ----------  --------------  -------------------
/home/laptop24h/Project/HUST/datn/venv/lib/python3.10/site-packages/airflow/example_dags/example_kubernetes_executor.py                                                       0           0  0.11s           2024-06-27T03:43:29
/home/laptop24h/Project/HUST/datn/venv/lib/python3.10/site-packages/airflow/example_dags/tutorial_taskflow_api_virtualenv.py                                                  0           0  0.11s           2024-06-27T03:43:02
/home/laptop24h/Project/HUST/datn/venv/lib/python3.10/site-packages/airflow/example_dags/example_setup_teardown.py                                                            0           0  0.11s           2024-06-27T03:43:16
/home/laptop24h/Project/HUST/datn/venv/lib/python3.10/site-packages/airflow/example_dags/example_setup_teardown_taskflow.py                                                   0           0  0.11s           2024-06-27T03:43:17
/home/laptop24h/Project/HUST/datn/venv/lib/python3.10/site-packages/airflow/example_dags/example_local_kubernetes_executor.py                                                 0           0  0.11s           2024-06-27T03:43:34
/home/laptop24h/Project/HUST/datn/venv/lib/python3.10/site-packages/airflow/example_dags/plugins/listener_plugin.py                                                           0           0  0.11s           2024-06-27T03:43:10
/home/laptop24h/Project/HUST/datn/venv/lib/python3.10/site-packages/airflow/example_dags/plugins/workday.py                                                                   0           0  0.41s           2024-06-27T03:43:11
/home/laptop24h/Project/HUST/datn/venv/lib/python3.10/site-packages/airflow/example_dags/plugins/event_listener.py                                                            0           0  0.11s           2024-06-27T03:43:13
/home/laptop24h/Project/HUST/datn/venv/lib/python3.10/site-packages/airflow/example_dags/subdags/subdag.py                                                                    0           0  0.11s           2024-06-27T03:43:01
/home/laptop24h/Project/HUST/datn/airflow/dags/pipeline.py                                                                                                                    1           0  0.11s           2024-06-27T03:43:00
/home/laptop24h/Project/HUST/datn/venv/lib/python3.10/site-packages/airflow/example_dags/example_short_circuit_decorator.py                                                   1           0  0.21s           2024-06-27T03:43:14
/home/laptop24h/Project/HUST/datn/venv/lib/python3.10/site-packages/airflow/example_dags/example_dynamic_task_mapping.py                                                      1           0  0.21s           2024-06-27T03:43:31
/home/laptop24h/Project/HUST/datn/venv/lib/python3.10/site-packages/airflow/example_dags/example_bash_operator.py                                                             1           0  0.21s           2024-06-27T03:42:52
/home/laptop24h/Project/HUST/datn/venv/lib/python3.10/site-packages/airflow/example_dags/example_sensors.py                                                                   1           0  0.21s           2024-06-27T03:43:18
/home/laptop24h/Project/HUST/datn/venv/lib/python3.10/site-packages/airflow/example_dags/example_task_group.py                                                                1           0  0.12s           2024-06-27T03:43:19
/home/laptop24h/Project/HUST/datn/venv/lib/python3.10/site-packages/airflow/example_dags/example_params_trigger_ui.py                                                         1           0  0.23s           2024-06-27T03:43:33
/home/laptop24h/Project/HUST/datn/venv/lib/python3.10/site-packages/airflow/example_dags/example_branch_day_of_week_operator.py                                               1           0  0.31s           2024-06-27T03:42:53
/home/laptop24h/Project/HUST/datn/venv/lib/python3.10/site-packages/airflow/example_dags/example_short_circuit_operator.py                                                    1           0  0.21s           2024-06-27T03:43:20
/home/laptop24h/Project/HUST/datn/venv/lib/python3.10/site-packages/airflow/example_dags/example_branch_operator.py                                                           1           0  0.21s           2024-06-27T03:42:54
/home/laptop24h/Project/HUST/datn/venv/lib/python3.10/site-packages/airflow/example_dags/example_branch_python_dop_operator_3.py                                              1           0  0.31s           2024-06-27T03:42:56
/home/laptop24h/Project/HUST/datn/venv/lib/python3.10/site-packages/airflow/example_dags/example_xcom.py                                                                      1           0  0.11s           2024-06-27T03:43:03
/home/laptop24h/Project/HUST/datn/venv/lib/python3.10/site-packages/airflow/example_dags/example_latest_only.py                                                               1           0  0.21s           2024-06-27T03:43:36
/home/laptop24h/Project/HUST/datn/venv/lib/python3.10/site-packages/airflow/example_dags/example_task_group_decorator.py                                                      1           0  0.11s           2024-06-27T03:43:21
/home/laptop24h/Project/HUST/datn/venv/lib/python3.10/site-packages/airflow/example_dags/example_latest_only_with_trigger.py                                                  1           0  0.21s           2024-06-27T03:43:37
/home/laptop24h/Project/HUST/datn/venv/lib/python3.10/site-packages/airflow/example_dags/example_trigger_controller_dag.py                                                    1           0  0.21s           2024-06-27T03:43:05
/home/laptop24h/Project/HUST/datn/venv/lib/python3.10/site-packages/airflow/example_dags/tutorial.py                                                                          1           0  0.21s           2024-06-27T03:43:06
/home/laptop24h/Project/HUST/datn/venv/lib/python3.10/site-packages/airflow/example_dags/example_branch_operator_decorator.py                                                 1           0  0.31s           2024-06-27T03:42:57
/home/laptop24h/Project/HUST/datn/venv/lib/python3.10/site-packages/airflow/example_dags/tutorial_taskflow_api.py                                                             1           0  0.11s           2024-06-27T03:43:07
/home/laptop24h/Project/HUST/datn/venv/lib/python3.10/site-packages/airflow/example_dags/example_passing_params_via_test_command.py                                           1           0  0.21s           2024-06-27T03:43:23
/home/laptop24h/Project/HUST/datn/venv/lib/python3.10/site-packages/airflow/example_dags/example_branch_labels.py                                                             1           0  0.21s           2024-06-27T03:42:58
/home/laptop24h/Project/HUST/datn/venv/lib/python3.10/site-packages/airflow/example_dags/example_sensor_decorator.py                                                          1           0  0.21s           2024-06-27T03:43:24
/home/laptop24h/Project/HUST/datn/venv/lib/python3.10/site-packages/airflow/example_dags/example_complex.py                                                                   1           0  0.21s           2024-06-27T03:43:38
/home/laptop24h/Project/HUST/datn/venv/lib/python3.10/site-packages/airflow/example_dags/example_dynamic_task_mapping_with_no_taskflow_operators.py                           1           0  0.21s           2024-06-27T03:42:47
/home/laptop24h/Project/HUST/datn/venv/lib/python3.10/site-packages/airflow/example_dags/example_python_operator.py                                                           1           0  0.11s           2024-06-27T03:43:24
/home/laptop24h/Project/HUST/datn/venv/lib/python3.10/site-packages/airflow/example_dags/example_dag_decorator.py                                                             1           0  0.21s           2024-06-27T03:42:48
/home/laptop24h/Project/HUST/datn/venv/lib/python3.10/site-packages/airflow/example_dags/example_time_delta_sensor_async.py                                                   1           0  0.21s           2024-06-27T03:43:25
/home/laptop24h/Project/HUST/datn/venv/lib/python3.10/site-packages/airflow/example_dags/tutorial_dag.py                                                                      1           0  0.21s           2024-06-27T03:43:08
/home/laptop24h/Project/HUST/datn/venv/lib/python3.10/site-packages/airflow/example_dags/example_trigger_target_dag.py                                                        1           0  0.11s           2024-06-27T03:43:09
/home/laptop24h/Project/HUST/datn/venv/lib/python3.10/site-packages/airflow/example_dags/example_sla_dag.py                                                                   1           0  0.21s           2024-06-27T03:43:27
/home/laptop24h/Project/HUST/datn/venv/lib/python3.10/site-packages/airflow/example_dags/example_nested_branch_dag.py                                                         1           0  0.21s           2024-06-27T03:42:50
/home/laptop24h/Project/HUST/datn/venv/lib/python3.10/site-packages/airflow/example_dags/example_params_ui_tutorial.py                                                        1           0  0.31s           2024-06-27T03:42:52
/home/laptop24h/Project/HUST/datn/venv/lib/python3.10/site-packages/airflow/example_dags/example_skip_dag.py                                                                  1           0  0.31s           2024-06-27T03:43:28
/home/laptop24h/Project/HUST/datn/venv/lib/python3.10/site-packages/airflow/example_dags/example_external_task_marker_dag.py                                                  2           0  0.21s           2024-06-27T03:43:32
/home/laptop24h/Project/HUST/datn/venv/lib/python3.10/site-packages/airflow/example_dags/example_xcomargs.py                                                                  2           0  0.11s           2024-06-27T03:43:04
/home/laptop24h/Project/HUST/datn/venv/lib/python3.10/site-packages/airflow/example_dags/example_subdag_operator.py                                                           3           0  0.22s           2024-06-27T03:43:15
/home/laptop24h/Project/HUST/datn/venv/lib/python3.10/site-packages/airflow/example_dags/example_branch_datetime_operator.py                                                  3           0  0.31s           2024-06-27T03:42:58
/home/laptop24h/Project/HUST/datn/venv/lib/python3.10/site-packages/airflow/example_dags/example_datasets.py                                                                  6           0  0.41s           2024-06-27T03:42:49
================================================================================
[2024-06-27T10:44:08.938+0700] {manager.py:889} INFO - 
================================================================================
DAG File Processing Stats

File Path                                                                                                                                            PID    Runtime      # DAGs    # Errors  Last Runtime    Last Run
---------------------------------------------------------------------------------------------------------------------------------------------------  -----  ---------  --------  ----------  --------------  -------------------
/home/laptop24h/Project/HUST/datn/venv/lib/python3.10/site-packages/airflow/example_dags/example_kubernetes_executor.py                                                       0           0  0.11s           2024-06-27T03:43:29
/home/laptop24h/Project/HUST/datn/venv/lib/python3.10/site-packages/airflow/example_dags/tutorial_taskflow_api_virtualenv.py                                                  0           0  0.11s           2024-06-27T03:43:46
/home/laptop24h/Project/HUST/datn/venv/lib/python3.10/site-packages/airflow/example_dags/example_setup_teardown.py                                                            0           0  0.11s           2024-06-27T03:44:08
/home/laptop24h/Project/HUST/datn/venv/lib/python3.10/site-packages/airflow/example_dags/example_setup_teardown_taskflow.py                                                   0           0  0.11s           2024-06-27T03:44:08
/home/laptop24h/Project/HUST/datn/venv/lib/python3.10/site-packages/airflow/example_dags/example_local_kubernetes_executor.py                                                 0           0  0.11s           2024-06-27T03:43:34
/home/laptop24h/Project/HUST/datn/venv/lib/python3.10/site-packages/airflow/example_dags/plugins/listener_plugin.py                                                           0           0  0.11s           2024-06-27T03:43:54
/home/laptop24h/Project/HUST/datn/venv/lib/python3.10/site-packages/airflow/example_dags/plugins/workday.py                                                                   0           0  0.41s           2024-06-27T03:43:55
/home/laptop24h/Project/HUST/datn/venv/lib/python3.10/site-packages/airflow/example_dags/plugins/event_listener.py                                                            0           0  0.10s           2024-06-27T03:43:57
/home/laptop24h/Project/HUST/datn/venv/lib/python3.10/site-packages/airflow/example_dags/subdags/subdag.py                                                                    0           0  0.12s           2024-06-27T03:43:45
/home/laptop24h/Project/HUST/datn/airflow/dags/pipeline.py                                                                                                                    1           0  0.21s           2024-06-27T03:43:44
/home/laptop24h/Project/HUST/datn/venv/lib/python3.10/site-packages/airflow/example_dags/example_short_circuit_decorator.py                                                   1           0  0.21s           2024-06-27T03:44:06
/home/laptop24h/Project/HUST/datn/venv/lib/python3.10/site-packages/airflow/example_dags/example_dynamic_task_mapping.py                                                      1           0  0.21s           2024-06-27T03:43:31
/home/laptop24h/Project/HUST/datn/venv/lib/python3.10/site-packages/airflow/example_dags/example_bash_operator.py                                                             1           0  0.21s           2024-06-27T03:43:59
/home/laptop24h/Project/HUST/datn/venv/lib/python3.10/site-packages/airflow/example_dags/example_sensors.py                                                                   1           0  0.21s           2024-06-27T03:43:18
/home/laptop24h/Project/HUST/datn/venv/lib/python3.10/site-packages/airflow/example_dags/example_task_group.py                                                                1           0  0.12s           2024-06-27T03:43:19
/home/laptop24h/Project/HUST/datn/venv/lib/python3.10/site-packages/airflow/example_dags/example_params_trigger_ui.py                                                         1           0  0.23s           2024-06-27T03:43:33
/home/laptop24h/Project/HUST/datn/venv/lib/python3.10/site-packages/airflow/example_dags/example_branch_day_of_week_operator.py                                               1           0  0.21s           2024-06-27T03:44:00
/home/laptop24h/Project/HUST/datn/venv/lib/python3.10/site-packages/airflow/example_dags/example_short_circuit_operator.py                                                    1           0  0.21s           2024-06-27T03:43:20
/home/laptop24h/Project/HUST/datn/venv/lib/python3.10/site-packages/airflow/example_dags/example_branch_operator.py                                                           1           0  0.11s           2024-06-27T03:44:01
/home/laptop24h/Project/HUST/datn/venv/lib/python3.10/site-packages/airflow/example_dags/example_branch_python_dop_operator_3.py                                              1           0  0.11s           2024-06-27T03:44:02
/home/laptop24h/Project/HUST/datn/venv/lib/python3.10/site-packages/airflow/example_dags/example_xcom.py                                                                      1           0  0.11s           2024-06-27T03:43:47
/home/laptop24h/Project/HUST/datn/venv/lib/python3.10/site-packages/airflow/example_dags/example_latest_only.py                                                               1           0  0.21s           2024-06-27T03:43:36
/home/laptop24h/Project/HUST/datn/venv/lib/python3.10/site-packages/airflow/example_dags/example_task_group_decorator.py                                                      1           0  0.11s           2024-06-27T03:43:21
/home/laptop24h/Project/HUST/datn/venv/lib/python3.10/site-packages/airflow/example_dags/example_latest_only_with_trigger.py                                                  1           0  0.21s           2024-06-27T03:43:37
/home/laptop24h/Project/HUST/datn/venv/lib/python3.10/site-packages/airflow/example_dags/example_trigger_controller_dag.py                                                    1           0  0.11s           2024-06-27T03:43:50
/home/laptop24h/Project/HUST/datn/venv/lib/python3.10/site-packages/airflow/example_dags/tutorial.py                                                                          1           0  0.11s           2024-06-27T03:43:50
/home/laptop24h/Project/HUST/datn/venv/lib/python3.10/site-packages/airflow/example_dags/example_branch_operator_decorator.py                                                 1           0  0.21s           2024-06-27T03:44:03
/home/laptop24h/Project/HUST/datn/venv/lib/python3.10/site-packages/airflow/example_dags/tutorial_taskflow_api.py                                                             1           0  0.21s           2024-06-27T03:43:51
/home/laptop24h/Project/HUST/datn/venv/lib/python3.10/site-packages/airflow/example_dags/example_passing_params_via_test_command.py                                           1           0  0.21s           2024-06-27T03:43:23
/home/laptop24h/Project/HUST/datn/venv/lib/python3.10/site-packages/airflow/example_dags/example_branch_labels.py                                                             1           0  0.22s           2024-06-27T03:44:04
/home/laptop24h/Project/HUST/datn/venv/lib/python3.10/site-packages/airflow/example_dags/example_sensor_decorator.py                                                          1           0  0.21s           2024-06-27T03:43:24
/home/laptop24h/Project/HUST/datn/venv/lib/python3.10/site-packages/airflow/example_dags/example_complex.py                                                                   1           0  0.21s           2024-06-27T03:43:38
/home/laptop24h/Project/HUST/datn/venv/lib/python3.10/site-packages/airflow/example_dags/example_dynamic_task_mapping_with_no_taskflow_operators.py                           1           0  0.21s           2024-06-27T03:43:38
/home/laptop24h/Project/HUST/datn/venv/lib/python3.10/site-packages/airflow/example_dags/example_python_operator.py                                                           1           0  0.11s           2024-06-27T03:43:24
/home/laptop24h/Project/HUST/datn/venv/lib/python3.10/site-packages/airflow/example_dags/example_dag_decorator.py                                                             1           0  0.31s           2024-06-27T03:43:40
/home/laptop24h/Project/HUST/datn/venv/lib/python3.10/site-packages/airflow/example_dags/example_time_delta_sensor_async.py                                                   1           0  0.21s           2024-06-27T03:43:25
/home/laptop24h/Project/HUST/datn/venv/lib/python3.10/site-packages/airflow/example_dags/tutorial_dag.py                                                                      1           0  0.20s           2024-06-27T03:43:53
/home/laptop24h/Project/HUST/datn/venv/lib/python3.10/site-packages/airflow/example_dags/example_trigger_target_dag.py                                                        1           0  0.21s           2024-06-27T03:43:53
/home/laptop24h/Project/HUST/datn/venv/lib/python3.10/site-packages/airflow/example_dags/example_sla_dag.py                                                                   1           0  0.21s           2024-06-27T03:43:27
/home/laptop24h/Project/HUST/datn/venv/lib/python3.10/site-packages/airflow/example_dags/example_nested_branch_dag.py                                                         1           0  0.22s           2024-06-27T03:43:42
/home/laptop24h/Project/HUST/datn/venv/lib/python3.10/site-packages/airflow/example_dags/example_params_ui_tutorial.py                                                        1           0  0.21s           2024-06-27T03:43:58
/home/laptop24h/Project/HUST/datn/venv/lib/python3.10/site-packages/airflow/example_dags/example_skip_dag.py                                                                  1           0  0.31s           2024-06-27T03:43:28
/home/laptop24h/Project/HUST/datn/venv/lib/python3.10/site-packages/airflow/example_dags/example_external_task_marker_dag.py                                                  2           0  0.21s           2024-06-27T03:43:32
/home/laptop24h/Project/HUST/datn/venv/lib/python3.10/site-packages/airflow/example_dags/example_xcomargs.py                                                                  2           0  0.21s           2024-06-27T03:43:48
/home/laptop24h/Project/HUST/datn/venv/lib/python3.10/site-packages/airflow/example_dags/example_subdag_operator.py                                                           3           0  0.20s           2024-06-27T03:44:07
/home/laptop24h/Project/HUST/datn/venv/lib/python3.10/site-packages/airflow/example_dags/example_branch_datetime_operator.py                                                  3           0  0.21s           2024-06-27T03:44:06
/home/laptop24h/Project/HUST/datn/venv/lib/python3.10/site-packages/airflow/example_dags/example_datasets.py                                                                  6           0  0.31s           2024-06-27T03:43:41
================================================================================
[2024-06-27T10:44:23.011+0700] {manager.py:470} INFO - Exiting gracefully upon receiving signal 15
