[2024-06-27T10:42:28.538+0700] {processor.py:157} INFO - Started process (PID=23251) to work on /home/laptop24h/Project/HUST/datn/venv/lib/python3.10/site-packages/airflow/example_dags/example_short_circuit_operator.py
[2024-06-27T10:42:28.540+0700] {processor.py:826} INFO - Processing file /home/laptop24h/Project/HUST/datn/venv/lib/python3.10/site-packages/airflow/example_dags/example_short_circuit_operator.py for tasks to queue
[2024-06-27T10:42:28.541+0700] {logging_mixin.py:150} INFO - [2024-06-27T10:42:28.540+0700] {dagbag.py:541} INFO - Filling up the DagBag from /home/laptop24h/Project/HUST/datn/venv/lib/python3.10/site-packages/airflow/example_dags/example_short_circuit_operator.py
[2024-06-27T10:42:28.555+0700] {processor.py:836} INFO - DAG(s) dict_keys(['example_short_circuit_operator']) retrieved from /home/laptop24h/Project/HUST/datn/venv/lib/python3.10/site-packages/airflow/example_dags/example_short_circuit_operator.py
[2024-06-27T10:42:28.656+0700] {logging_mixin.py:150} INFO - [2024-06-27T10:42:28.656+0700] {manager.py:504} INFO - Created Permission View: can read on DAG:example_short_circuit_operator
[2024-06-27T10:42:28.667+0700] {logging_mixin.py:150} INFO - [2024-06-27T10:42:28.667+0700] {manager.py:504} INFO - Created Permission View: can edit on DAG:example_short_circuit_operator
[2024-06-27T10:42:28.674+0700] {logging_mixin.py:150} INFO - [2024-06-27T10:42:28.673+0700] {manager.py:504} INFO - Created Permission View: can delete on DAG:example_short_circuit_operator
[2024-06-27T10:42:28.684+0700] {logging_mixin.py:150} INFO - [2024-06-27T10:42:28.683+0700] {dag.py:2742} INFO - Sync 1 DAGs
[2024-06-27T10:42:28.693+0700] {logging_mixin.py:150} INFO - [2024-06-27T10:42:28.693+0700] {dag.py:2763} INFO - Creating ORM DAG for example_short_circuit_operator
[2024-06-27T10:42:28.701+0700] {logging_mixin.py:150} INFO - [2024-06-27T10:42:28.701+0700] {dag.py:3504} INFO - Setting next_dagrun for example_short_circuit_operator to 2024-06-26T03:42:28.701442+00:00, run_after=2024-06-27T03:42:28.701442+00:00
[2024-06-27T10:42:28.719+0700] {processor.py:179} INFO - Processing /home/laptop24h/Project/HUST/datn/venv/lib/python3.10/site-packages/airflow/example_dags/example_short_circuit_operator.py took 0.186 seconds
[2024-06-27T10:43:20.580+0700] {processor.py:157} INFO - Started process (PID=23460) to work on /home/laptop24h/Project/HUST/datn/venv/lib/python3.10/site-packages/airflow/example_dags/example_short_circuit_operator.py
[2024-06-27T10:43:20.585+0700] {processor.py:826} INFO - Processing file /home/laptop24h/Project/HUST/datn/venv/lib/python3.10/site-packages/airflow/example_dags/example_short_circuit_operator.py for tasks to queue
[2024-06-27T10:43:20.587+0700] {logging_mixin.py:150} INFO - [2024-06-27T10:43:20.586+0700] {dagbag.py:541} INFO - Filling up the DagBag from /home/laptop24h/Project/HUST/datn/venv/lib/python3.10/site-packages/airflow/example_dags/example_short_circuit_operator.py
[2024-06-27T10:43:20.602+0700] {processor.py:836} INFO - DAG(s) dict_keys(['example_short_circuit_operator']) retrieved from /home/laptop24h/Project/HUST/datn/venv/lib/python3.10/site-packages/airflow/example_dags/example_short_circuit_operator.py
[2024-06-27T10:43:20.632+0700] {logging_mixin.py:150} INFO - [2024-06-27T10:43:20.632+0700] {dag.py:2742} INFO - Sync 1 DAGs
[2024-06-27T10:43:20.655+0700] {logging_mixin.py:150} INFO - [2024-06-27T10:43:20.654+0700] {dag.py:3504} INFO - Setting next_dagrun for example_short_circuit_operator to 2024-06-26T03:43:20.654695+00:00, run_after=2024-06-27T03:43:20.654695+00:00
[2024-06-27T10:43:20.676+0700] {processor.py:179} INFO - Processing /home/laptop24h/Project/HUST/datn/venv/lib/python3.10/site-packages/airflow/example_dags/example_short_circuit_operator.py took 0.101 seconds
[2024-06-27T10:44:11.487+0700] {processor.py:157} INFO - Started process (PID=23649) to work on /home/laptop24h/Project/HUST/datn/venv/lib/python3.10/site-packages/airflow/example_dags/example_short_circuit_operator.py
[2024-06-27T10:44:11.492+0700] {processor.py:826} INFO - Processing file /home/laptop24h/Project/HUST/datn/venv/lib/python3.10/site-packages/airflow/example_dags/example_short_circuit_operator.py for tasks to queue
[2024-06-27T10:44:11.492+0700] {logging_mixin.py:150} INFO - [2024-06-27T10:44:11.492+0700] {dagbag.py:541} INFO - Filling up the DagBag from /home/laptop24h/Project/HUST/datn/venv/lib/python3.10/site-packages/airflow/example_dags/example_short_circuit_operator.py
[2024-06-27T10:44:11.502+0700] {processor.py:836} INFO - DAG(s) dict_keys(['example_short_circuit_operator']) retrieved from /home/laptop24h/Project/HUST/datn/venv/lib/python3.10/site-packages/airflow/example_dags/example_short_circuit_operator.py
[2024-06-27T10:44:11.525+0700] {logging_mixin.py:150} INFO - [2024-06-27T10:44:11.524+0700] {dag.py:2742} INFO - Sync 1 DAGs
[2024-06-27T10:44:11.546+0700] {logging_mixin.py:150} INFO - [2024-06-27T10:44:11.545+0700] {dag.py:3504} INFO - Setting next_dagrun for example_short_circuit_operator to 2024-06-26T03:44:11.545696+00:00, run_after=2024-06-27T03:44:11.545696+00:00
[2024-06-27T10:44:11.572+0700] {processor.py:179} INFO - Processing /home/laptop24h/Project/HUST/datn/venv/lib/python3.10/site-packages/airflow/example_dags/example_short_circuit_operator.py took 0.089 seconds
