[2024-06-27T10:12:11.676+0700] {processor.py:157} INFO - Started process (PID=17551) to work on /home/laptop24h/Project/HUST/datn/venv/lib/python3.10/site-packages/airflow/example_dags/example_xcom.py
[2024-06-27T10:12:11.677+0700] {processor.py:826} INFO - Processing file /home/laptop24h/Project/HUST/datn/venv/lib/python3.10/site-packages/airflow/example_dags/example_xcom.py for tasks to queue
[2024-06-27T10:12:11.678+0700] {logging_mixin.py:150} INFO - [2024-06-27T10:12:11.678+0700] {dagbag.py:541} INFO - Filling up the DagBag from /home/laptop24h/Project/HUST/datn/venv/lib/python3.10/site-packages/airflow/example_dags/example_xcom.py
[2024-06-27T10:12:11.695+0700] {processor.py:836} INFO - DAG(s) dict_keys(['example_xcom']) retrieved from /home/laptop24h/Project/HUST/datn/venv/lib/python3.10/site-packages/airflow/example_dags/example_xcom.py
[2024-06-27T10:12:11.796+0700] {logging_mixin.py:150} INFO - [2024-06-27T10:12:11.796+0700] {manager.py:504} INFO - Created Permission View: can read on DAG:example_xcom
[2024-06-27T10:12:11.806+0700] {logging_mixin.py:150} INFO - [2024-06-27T10:12:11.805+0700] {manager.py:504} INFO - Created Permission View: can edit on DAG:example_xcom
[2024-06-27T10:12:11.813+0700] {logging_mixin.py:150} INFO - [2024-06-27T10:12:11.812+0700] {manager.py:504} INFO - Created Permission View: can delete on DAG:example_xcom
[2024-06-27T10:12:11.824+0700] {logging_mixin.py:150} INFO - [2024-06-27T10:12:11.823+0700] {dag.py:2742} INFO - Sync 1 DAGs
[2024-06-27T10:12:11.833+0700] {logging_mixin.py:150} INFO - [2024-06-27T10:12:11.832+0700] {dag.py:2763} INFO - Creating ORM DAG for example_xcom
[2024-06-27T10:12:11.842+0700] {logging_mixin.py:150} INFO - [2024-06-27T10:12:11.841+0700] {dag.py:3504} INFO - Setting next_dagrun for example_xcom to 2021-01-01T00:00:00+00:00, run_after=2021-01-01T00:00:00+00:00
[2024-06-27T10:12:11.860+0700] {processor.py:179} INFO - Processing /home/laptop24h/Project/HUST/datn/venv/lib/python3.10/site-packages/airflow/example_dags/example_xcom.py took 0.189 seconds
[2024-06-27T10:32:55.486+0700] {processor.py:157} INFO - Started process (PID=21158) to work on /home/laptop24h/Project/HUST/datn/venv/lib/python3.10/site-packages/airflow/example_dags/example_xcom.py
[2024-06-27T10:32:55.492+0700] {processor.py:826} INFO - Processing file /home/laptop24h/Project/HUST/datn/venv/lib/python3.10/site-packages/airflow/example_dags/example_xcom.py for tasks to queue
[2024-06-27T10:32:55.493+0700] {logging_mixin.py:150} INFO - [2024-06-27T10:32:55.492+0700] {dagbag.py:541} INFO - Filling up the DagBag from /home/laptop24h/Project/HUST/datn/venv/lib/python3.10/site-packages/airflow/example_dags/example_xcom.py
[2024-06-27T10:32:55.509+0700] {processor.py:836} INFO - DAG(s) dict_keys(['example_xcom']) retrieved from /home/laptop24h/Project/HUST/datn/venv/lib/python3.10/site-packages/airflow/example_dags/example_xcom.py
[2024-06-27T10:32:55.534+0700] {logging_mixin.py:150} INFO - [2024-06-27T10:32:55.534+0700] {dag.py:2742} INFO - Sync 1 DAGs
[2024-06-27T10:32:55.551+0700] {logging_mixin.py:150} INFO - [2024-06-27T10:32:55.551+0700] {dag.py:3504} INFO - Setting next_dagrun for example_xcom to 2021-01-01T00:00:00+00:00, run_after=2021-01-01T00:00:00+00:00
[2024-06-27T10:32:55.574+0700] {processor.py:179} INFO - Processing /home/laptop24h/Project/HUST/datn/venv/lib/python3.10/site-packages/airflow/example_dags/example_xcom.py took 0.093 seconds
[2024-06-27T10:42:10.802+0700] {processor.py:157} INFO - Started process (PID=23163) to work on /home/laptop24h/Project/HUST/datn/venv/lib/python3.10/site-packages/airflow/example_dags/example_xcom.py
[2024-06-27T10:42:10.807+0700] {processor.py:826} INFO - Processing file /home/laptop24h/Project/HUST/datn/venv/lib/python3.10/site-packages/airflow/example_dags/example_xcom.py for tasks to queue
[2024-06-27T10:42:10.808+0700] {logging_mixin.py:150} INFO - [2024-06-27T10:42:10.807+0700] {dagbag.py:541} INFO - Filling up the DagBag from /home/laptop24h/Project/HUST/datn/venv/lib/python3.10/site-packages/airflow/example_dags/example_xcom.py
[2024-06-27T10:42:10.817+0700] {processor.py:836} INFO - DAG(s) dict_keys(['example_xcom']) retrieved from /home/laptop24h/Project/HUST/datn/venv/lib/python3.10/site-packages/airflow/example_dags/example_xcom.py
[2024-06-27T10:42:10.838+0700] {logging_mixin.py:150} INFO - [2024-06-27T10:42:10.838+0700] {dag.py:2742} INFO - Sync 1 DAGs
[2024-06-27T10:42:10.856+0700] {logging_mixin.py:150} INFO - [2024-06-27T10:42:10.856+0700] {dag.py:3504} INFO - Setting next_dagrun for example_xcom to 2021-01-01T00:00:00+00:00, run_after=2021-01-01T00:00:00+00:00
[2024-06-27T10:42:10.875+0700] {processor.py:179} INFO - Processing /home/laptop24h/Project/HUST/datn/venv/lib/python3.10/site-packages/airflow/example_dags/example_xcom.py took 0.076 seconds
[2024-06-27T10:43:03.460+0700] {processor.py:157} INFO - Started process (PID=23387) to work on /home/laptop24h/Project/HUST/datn/venv/lib/python3.10/site-packages/airflow/example_dags/example_xcom.py
[2024-06-27T10:43:03.464+0700] {processor.py:826} INFO - Processing file /home/laptop24h/Project/HUST/datn/venv/lib/python3.10/site-packages/airflow/example_dags/example_xcom.py for tasks to queue
[2024-06-27T10:43:03.465+0700] {logging_mixin.py:150} INFO - [2024-06-27T10:43:03.465+0700] {dagbag.py:541} INFO - Filling up the DagBag from /home/laptop24h/Project/HUST/datn/venv/lib/python3.10/site-packages/airflow/example_dags/example_xcom.py
[2024-06-27T10:43:03.474+0700] {processor.py:836} INFO - DAG(s) dict_keys(['example_xcom']) retrieved from /home/laptop24h/Project/HUST/datn/venv/lib/python3.10/site-packages/airflow/example_dags/example_xcom.py
[2024-06-27T10:43:03.490+0700] {logging_mixin.py:150} INFO - [2024-06-27T10:43:03.490+0700] {dag.py:2742} INFO - Sync 1 DAGs
[2024-06-27T10:43:03.507+0700] {logging_mixin.py:150} INFO - [2024-06-27T10:43:03.507+0700] {dag.py:3504} INFO - Setting next_dagrun for example_xcom to 2021-01-01T00:00:00+00:00, run_after=2021-01-01T00:00:00+00:00
[2024-06-27T10:43:03.526+0700] {processor.py:179} INFO - Processing /home/laptop24h/Project/HUST/datn/venv/lib/python3.10/site-packages/airflow/example_dags/example_xcom.py took 0.071 seconds
[2024-06-27T10:43:47.600+0700] {processor.py:157} INFO - Started process (PID=23556) to work on /home/laptop24h/Project/HUST/datn/venv/lib/python3.10/site-packages/airflow/example_dags/example_xcom.py
[2024-06-27T10:43:47.604+0700] {processor.py:826} INFO - Processing file /home/laptop24h/Project/HUST/datn/venv/lib/python3.10/site-packages/airflow/example_dags/example_xcom.py for tasks to queue
[2024-06-27T10:43:47.606+0700] {logging_mixin.py:150} INFO - [2024-06-27T10:43:47.605+0700] {dagbag.py:541} INFO - Filling up the DagBag from /home/laptop24h/Project/HUST/datn/venv/lib/python3.10/site-packages/airflow/example_dags/example_xcom.py
[2024-06-27T10:43:47.614+0700] {processor.py:836} INFO - DAG(s) dict_keys(['example_xcom']) retrieved from /home/laptop24h/Project/HUST/datn/venv/lib/python3.10/site-packages/airflow/example_dags/example_xcom.py
[2024-06-27T10:43:47.632+0700] {logging_mixin.py:150} INFO - [2024-06-27T10:43:47.632+0700] {dag.py:2742} INFO - Sync 1 DAGs
[2024-06-27T10:43:47.653+0700] {logging_mixin.py:150} INFO - [2024-06-27T10:43:47.653+0700] {dag.py:3504} INFO - Setting next_dagrun for example_xcom to 2021-01-01T00:00:00+00:00, run_after=2021-01-01T00:00:00+00:00
[2024-06-27T10:43:47.677+0700] {processor.py:179} INFO - Processing /home/laptop24h/Project/HUST/datn/venv/lib/python3.10/site-packages/airflow/example_dags/example_xcom.py took 0.080 seconds
