[2024-06-27T10:42:29.781+0700] {processor.py:157} INFO - Started process (PID=23267) to work on /home/laptop24h/Project/HUST/datn/venv/lib/python3.10/site-packages/airflow/example_dags/example_task_group_decorator.py
[2024-06-27T10:42:29.782+0700] {processor.py:826} INFO - Processing file /home/laptop24h/Project/HUST/datn/venv/lib/python3.10/site-packages/airflow/example_dags/example_task_group_decorator.py for tasks to queue
[2024-06-27T10:42:29.783+0700] {logging_mixin.py:150} INFO - [2024-06-27T10:42:29.783+0700] {dagbag.py:541} INFO - Filling up the DagBag from /home/laptop24h/Project/HUST/datn/venv/lib/python3.10/site-packages/airflow/example_dags/example_task_group_decorator.py
[2024-06-27T10:42:29.805+0700] {processor.py:836} INFO - DAG(s) dict_keys(['example_task_group_decorator']) retrieved from /home/laptop24h/Project/HUST/datn/venv/lib/python3.10/site-packages/airflow/example_dags/example_task_group_decorator.py
[2024-06-27T10:42:29.913+0700] {logging_mixin.py:150} INFO - [2024-06-27T10:42:29.913+0700] {manager.py:504} INFO - Created Permission View: can read on DAG:example_task_group_decorator
[2024-06-27T10:42:29.924+0700] {logging_mixin.py:150} INFO - [2024-06-27T10:42:29.924+0700] {manager.py:504} INFO - Created Permission View: can edit on DAG:example_task_group_decorator
[2024-06-27T10:42:29.933+0700] {logging_mixin.py:150} INFO - [2024-06-27T10:42:29.933+0700] {manager.py:504} INFO - Created Permission View: can delete on DAG:example_task_group_decorator
[2024-06-27T10:42:29.944+0700] {logging_mixin.py:150} INFO - [2024-06-27T10:42:29.944+0700] {dag.py:2742} INFO - Sync 1 DAGs
[2024-06-27T10:42:29.955+0700] {logging_mixin.py:150} INFO - [2024-06-27T10:42:29.955+0700] {dag.py:2763} INFO - Creating ORM DAG for example_task_group_decorator
[2024-06-27T10:42:29.965+0700] {logging_mixin.py:150} INFO - [2024-06-27T10:42:29.964+0700] {dag.py:3504} INFO - Setting next_dagrun for example_task_group_decorator to 2024-06-26T03:42:29.964746+00:00, run_after=2024-06-27T03:42:29.964746+00:00
[2024-06-27T10:42:29.983+0700] {processor.py:179} INFO - Processing /home/laptop24h/Project/HUST/datn/venv/lib/python3.10/site-packages/airflow/example_dags/example_task_group_decorator.py took 0.205 seconds
[2024-06-27T10:43:21.855+0700] {processor.py:157} INFO - Started process (PID=23467) to work on /home/laptop24h/Project/HUST/datn/venv/lib/python3.10/site-packages/airflow/example_dags/example_task_group_decorator.py
[2024-06-27T10:43:21.859+0700] {processor.py:826} INFO - Processing file /home/laptop24h/Project/HUST/datn/venv/lib/python3.10/site-packages/airflow/example_dags/example_task_group_decorator.py for tasks to queue
[2024-06-27T10:43:21.860+0700] {logging_mixin.py:150} INFO - [2024-06-27T10:43:21.860+0700] {dagbag.py:541} INFO - Filling up the DagBag from /home/laptop24h/Project/HUST/datn/venv/lib/python3.10/site-packages/airflow/example_dags/example_task_group_decorator.py
[2024-06-27T10:43:21.875+0700] {processor.py:836} INFO - DAG(s) dict_keys(['example_task_group_decorator']) retrieved from /home/laptop24h/Project/HUST/datn/venv/lib/python3.10/site-packages/airflow/example_dags/example_task_group_decorator.py
[2024-06-27T10:43:21.894+0700] {logging_mixin.py:150} INFO - [2024-06-27T10:43:21.894+0700] {dag.py:2742} INFO - Sync 1 DAGs
[2024-06-27T10:43:21.913+0700] {logging_mixin.py:150} INFO - [2024-06-27T10:43:21.913+0700] {dag.py:3504} INFO - Setting next_dagrun for example_task_group_decorator to 2024-06-26T03:43:21.913385+00:00, run_after=2024-06-27T03:43:21.913385+00:00
[2024-06-27T10:43:21.945+0700] {processor.py:179} INFO - Processing /home/laptop24h/Project/HUST/datn/venv/lib/python3.10/site-packages/airflow/example_dags/example_task_group_decorator.py took 0.094 seconds
[2024-06-27T10:44:12.638+0700] {processor.py:157} INFO - Started process (PID=23650) to work on /home/laptop24h/Project/HUST/datn/venv/lib/python3.10/site-packages/airflow/example_dags/example_task_group_decorator.py
[2024-06-27T10:44:12.642+0700] {processor.py:826} INFO - Processing file /home/laptop24h/Project/HUST/datn/venv/lib/python3.10/site-packages/airflow/example_dags/example_task_group_decorator.py for tasks to queue
[2024-06-27T10:44:12.643+0700] {logging_mixin.py:150} INFO - [2024-06-27T10:44:12.643+0700] {dagbag.py:541} INFO - Filling up the DagBag from /home/laptop24h/Project/HUST/datn/venv/lib/python3.10/site-packages/airflow/example_dags/example_task_group_decorator.py
[2024-06-27T10:44:12.658+0700] {processor.py:836} INFO - DAG(s) dict_keys(['example_task_group_decorator']) retrieved from /home/laptop24h/Project/HUST/datn/venv/lib/python3.10/site-packages/airflow/example_dags/example_task_group_decorator.py
[2024-06-27T10:44:12.677+0700] {logging_mixin.py:150} INFO - [2024-06-27T10:44:12.677+0700] {dag.py:2742} INFO - Sync 1 DAGs
[2024-06-27T10:44:12.695+0700] {logging_mixin.py:150} INFO - [2024-06-27T10:44:12.695+0700] {dag.py:3504} INFO - Setting next_dagrun for example_task_group_decorator to 2024-06-26T03:44:12.695431+00:00, run_after=2024-06-27T03:44:12.695431+00:00
[2024-06-27T10:44:12.722+0700] {processor.py:179} INFO - Processing /home/laptop24h/Project/HUST/datn/venv/lib/python3.10/site-packages/airflow/example_dags/example_task_group_decorator.py took 0.087 seconds
