[2024-06-27T10:42:58.627+0700] {processor.py:157} INFO - Started process (PID=23360) to work on /home/laptop24h/Project/HUST/datn/venv/lib/python3.10/site-packages/airflow/example_dags/example_branch_datetime_operator.py
[2024-06-27T10:42:58.628+0700] {processor.py:826} INFO - Processing file /home/laptop24h/Project/HUST/datn/venv/lib/python3.10/site-packages/airflow/example_dags/example_branch_datetime_operator.py for tasks to queue
[2024-06-27T10:42:58.629+0700] {logging_mixin.py:150} INFO - [2024-06-27T10:42:58.629+0700] {dagbag.py:541} INFO - Filling up the DagBag from /home/laptop24h/Project/HUST/datn/venv/lib/python3.10/site-packages/airflow/example_dags/example_branch_datetime_operator.py
[2024-06-27T10:42:58.646+0700] {processor.py:836} INFO - DAG(s) dict_keys(['example_branch_datetime_operator', 'example_branch_datetime_operator_2', 'example_branch_datetime_operator_3']) retrieved from /home/laptop24h/Project/HUST/datn/venv/lib/python3.10/site-packages/airflow/example_dags/example_branch_datetime_operator.py
[2024-06-27T10:42:58.744+0700] {logging_mixin.py:150} INFO - [2024-06-27T10:42:58.743+0700] {manager.py:504} INFO - Created Permission View: can read on DAG:example_branch_datetime_operator
[2024-06-27T10:42:58.754+0700] {logging_mixin.py:150} INFO - [2024-06-27T10:42:58.754+0700] {manager.py:504} INFO - Created Permission View: can edit on DAG:example_branch_datetime_operator
[2024-06-27T10:42:58.761+0700] {logging_mixin.py:150} INFO - [2024-06-27T10:42:58.761+0700] {manager.py:504} INFO - Created Permission View: can delete on DAG:example_branch_datetime_operator
[2024-06-27T10:42:58.785+0700] {logging_mixin.py:150} INFO - [2024-06-27T10:42:58.784+0700] {manager.py:504} INFO - Created Permission View: can read on DAG:example_branch_datetime_operator_2
[2024-06-27T10:42:58.791+0700] {logging_mixin.py:150} INFO - [2024-06-27T10:42:58.791+0700] {manager.py:504} INFO - Created Permission View: can edit on DAG:example_branch_datetime_operator_2
[2024-06-27T10:42:58.798+0700] {logging_mixin.py:150} INFO - [2024-06-27T10:42:58.798+0700] {manager.py:504} INFO - Created Permission View: can delete on DAG:example_branch_datetime_operator_2
[2024-06-27T10:42:58.819+0700] {logging_mixin.py:150} INFO - [2024-06-27T10:42:58.819+0700] {manager.py:504} INFO - Created Permission View: can read on DAG:example_branch_datetime_operator_3
[2024-06-27T10:42:58.827+0700] {logging_mixin.py:150} INFO - [2024-06-27T10:42:58.827+0700] {manager.py:504} INFO - Created Permission View: can edit on DAG:example_branch_datetime_operator_3
[2024-06-27T10:42:58.834+0700] {logging_mixin.py:150} INFO - [2024-06-27T10:42:58.834+0700] {manager.py:504} INFO - Created Permission View: can delete on DAG:example_branch_datetime_operator_3
[2024-06-27T10:42:58.839+0700] {logging_mixin.py:150} INFO - [2024-06-27T10:42:58.838+0700] {dag.py:2742} INFO - Sync 3 DAGs
[2024-06-27T10:42:58.847+0700] {logging_mixin.py:150} INFO - [2024-06-27T10:42:58.847+0700] {dag.py:2763} INFO - Creating ORM DAG for example_branch_datetime_operator_2
[2024-06-27T10:42:58.847+0700] {logging_mixin.py:150} INFO - [2024-06-27T10:42:58.847+0700] {dag.py:2763} INFO - Creating ORM DAG for example_branch_datetime_operator_3
[2024-06-27T10:42:58.848+0700] {logging_mixin.py:150} INFO - [2024-06-27T10:42:58.848+0700] {dag.py:2763} INFO - Creating ORM DAG for example_branch_datetime_operator
[2024-06-27T10:42:58.857+0700] {logging_mixin.py:150} INFO - [2024-06-27T10:42:58.857+0700] {dag.py:3504} INFO - Setting next_dagrun for example_branch_datetime_operator to 2024-06-26T00:00:00+00:00, run_after=2024-06-27T00:00:00+00:00
[2024-06-27T10:42:58.859+0700] {logging_mixin.py:150} INFO - [2024-06-27T10:42:58.859+0700] {dag.py:3504} INFO - Setting next_dagrun for example_branch_datetime_operator_2 to 2024-06-26T00:00:00+00:00, run_after=2024-06-27T00:00:00+00:00
[2024-06-27T10:42:58.861+0700] {logging_mixin.py:150} INFO - [2024-06-27T10:42:58.861+0700] {dag.py:3504} INFO - Setting next_dagrun for example_branch_datetime_operator_3 to 2024-06-26T00:00:00+00:00, run_after=2024-06-27T00:00:00+00:00
[2024-06-27T10:42:58.879+0700] {processor.py:179} INFO - Processing /home/laptop24h/Project/HUST/datn/venv/lib/python3.10/site-packages/airflow/example_dags/example_branch_datetime_operator.py took 0.257 seconds
[2024-06-27T10:44:05.922+0700] {processor.py:157} INFO - Started process (PID=23633) to work on /home/laptop24h/Project/HUST/datn/venv/lib/python3.10/site-packages/airflow/example_dags/example_branch_datetime_operator.py
[2024-06-27T10:44:05.929+0700] {processor.py:826} INFO - Processing file /home/laptop24h/Project/HUST/datn/venv/lib/python3.10/site-packages/airflow/example_dags/example_branch_datetime_operator.py for tasks to queue
[2024-06-27T10:44:05.930+0700] {logging_mixin.py:150} INFO - [2024-06-27T10:44:05.929+0700] {dagbag.py:541} INFO - Filling up the DagBag from /home/laptop24h/Project/HUST/datn/venv/lib/python3.10/site-packages/airflow/example_dags/example_branch_datetime_operator.py
[2024-06-27T10:44:05.959+0700] {processor.py:836} INFO - DAG(s) dict_keys(['example_branch_datetime_operator', 'example_branch_datetime_operator_2', 'example_branch_datetime_operator_3']) retrieved from /home/laptop24h/Project/HUST/datn/venv/lib/python3.10/site-packages/airflow/example_dags/example_branch_datetime_operator.py
[2024-06-27T10:44:05.992+0700] {logging_mixin.py:150} INFO - [2024-06-27T10:44:05.992+0700] {dag.py:2742} INFO - Sync 3 DAGs
[2024-06-27T10:44:06.014+0700] {logging_mixin.py:150} INFO - [2024-06-27T10:44:06.014+0700] {dag.py:3504} INFO - Setting next_dagrun for example_branch_datetime_operator to 2024-06-26T00:00:00+00:00, run_after=2024-06-27T00:00:00+00:00
[2024-06-27T10:44:06.019+0700] {logging_mixin.py:150} INFO - [2024-06-27T10:44:06.018+0700] {dag.py:3504} INFO - Setting next_dagrun for example_branch_datetime_operator_2 to 2024-06-26T00:00:00+00:00, run_after=2024-06-27T00:00:00+00:00
[2024-06-27T10:44:06.023+0700] {logging_mixin.py:150} INFO - [2024-06-27T10:44:06.022+0700] {dag.py:3504} INFO - Setting next_dagrun for example_branch_datetime_operator_3 to 2024-06-26T00:00:00+00:00, run_after=2024-06-27T00:00:00+00:00
[2024-06-27T10:44:06.049+0700] {processor.py:179} INFO - Processing /home/laptop24h/Project/HUST/datn/venv/lib/python3.10/site-packages/airflow/example_dags/example_branch_datetime_operator.py took 0.148 seconds
