[2024-06-27T10:42:33.674+0700] {processor.py:157} INFO - Started process (PID=23278) to work on /home/laptop24h/Project/HUST/datn/venv/lib/python3.10/site-packages/airflow/example_dags/example_python_operator.py
[2024-06-27T10:42:33.675+0700] {processor.py:826} INFO - Processing file /home/laptop24h/Project/HUST/datn/venv/lib/python3.10/site-packages/airflow/example_dags/example_python_operator.py for tasks to queue
[2024-06-27T10:42:33.677+0700] {logging_mixin.py:150} INFO - [2024-06-27T10:42:33.676+0700] {dagbag.py:541} INFO - Filling up the DagBag from /home/laptop24h/Project/HUST/datn/venv/lib/python3.10/site-packages/airflow/example_dags/example_python_operator.py
[2024-06-27T10:42:33.691+0700] {logging_mixin.py:150} INFO - [2024-06-27T10:42:33.690+0700] {example_python_operator.py:90} WARNING - The virtalenv_python example task requires virtualenv, please install it.
[2024-06-27T10:42:33.691+0700] {processor.py:836} INFO - DAG(s) dict_keys(['example_python_operator']) retrieved from /home/laptop24h/Project/HUST/datn/venv/lib/python3.10/site-packages/airflow/example_dags/example_python_operator.py
[2024-06-27T10:42:33.788+0700] {logging_mixin.py:150} INFO - [2024-06-27T10:42:33.788+0700] {manager.py:504} INFO - Created Permission View: can read on DAG:example_python_operator
[2024-06-27T10:42:33.798+0700] {logging_mixin.py:150} INFO - [2024-06-27T10:42:33.798+0700] {manager.py:504} INFO - Created Permission View: can edit on DAG:example_python_operator
[2024-06-27T10:42:33.805+0700] {logging_mixin.py:150} INFO - [2024-06-27T10:42:33.805+0700] {manager.py:504} INFO - Created Permission View: can delete on DAG:example_python_operator
[2024-06-27T10:42:33.815+0700] {logging_mixin.py:150} INFO - [2024-06-27T10:42:33.815+0700] {dag.py:2742} INFO - Sync 1 DAGs
[2024-06-27T10:42:33.825+0700] {logging_mixin.py:150} INFO - [2024-06-27T10:42:33.824+0700] {dag.py:2763} INFO - Creating ORM DAG for example_python_operator
[2024-06-27T10:42:33.833+0700] {logging_mixin.py:150} INFO - [2024-06-27T10:42:33.833+0700] {dag.py:3504} INFO - Setting next_dagrun for example_python_operator to None, run_after=None
[2024-06-27T10:42:33.851+0700] {processor.py:179} INFO - Processing /home/laptop24h/Project/HUST/datn/venv/lib/python3.10/site-packages/airflow/example_dags/example_python_operator.py took 0.182 seconds
[2024-06-27T10:43:24.576+0700] {processor.py:157} INFO - Started process (PID=23474) to work on /home/laptop24h/Project/HUST/datn/venv/lib/python3.10/site-packages/airflow/example_dags/example_python_operator.py
[2024-06-27T10:43:24.580+0700] {processor.py:826} INFO - Processing file /home/laptop24h/Project/HUST/datn/venv/lib/python3.10/site-packages/airflow/example_dags/example_python_operator.py for tasks to queue
[2024-06-27T10:43:24.582+0700] {logging_mixin.py:150} INFO - [2024-06-27T10:43:24.581+0700] {dagbag.py:541} INFO - Filling up the DagBag from /home/laptop24h/Project/HUST/datn/venv/lib/python3.10/site-packages/airflow/example_dags/example_python_operator.py
[2024-06-27T10:43:24.592+0700] {logging_mixin.py:150} INFO - [2024-06-27T10:43:24.592+0700] {example_python_operator.py:90} WARNING - The virtalenv_python example task requires virtualenv, please install it.
[2024-06-27T10:43:24.593+0700] {processor.py:836} INFO - DAG(s) dict_keys(['example_python_operator']) retrieved from /home/laptop24h/Project/HUST/datn/venv/lib/python3.10/site-packages/airflow/example_dags/example_python_operator.py
[2024-06-27T10:43:24.611+0700] {logging_mixin.py:150} INFO - [2024-06-27T10:43:24.610+0700] {dag.py:2742} INFO - Sync 1 DAGs
[2024-06-27T10:43:24.628+0700] {logging_mixin.py:150} INFO - [2024-06-27T10:43:24.628+0700] {dag.py:3504} INFO - Setting next_dagrun for example_python_operator to None, run_after=None
[2024-06-27T10:43:24.648+0700] {processor.py:179} INFO - Processing /home/laptop24h/Project/HUST/datn/venv/lib/python3.10/site-packages/airflow/example_dags/example_python_operator.py took 0.076 seconds
[2024-06-27T10:44:16.214+0700] {processor.py:157} INFO - Started process (PID=23668) to work on /home/laptop24h/Project/HUST/datn/venv/lib/python3.10/site-packages/airflow/example_dags/example_python_operator.py
[2024-06-27T10:44:16.219+0700] {processor.py:826} INFO - Processing file /home/laptop24h/Project/HUST/datn/venv/lib/python3.10/site-packages/airflow/example_dags/example_python_operator.py for tasks to queue
[2024-06-27T10:44:16.221+0700] {logging_mixin.py:150} INFO - [2024-06-27T10:44:16.220+0700] {dagbag.py:541} INFO - Filling up the DagBag from /home/laptop24h/Project/HUST/datn/venv/lib/python3.10/site-packages/airflow/example_dags/example_python_operator.py
[2024-06-27T10:44:16.236+0700] {logging_mixin.py:150} INFO - [2024-06-27T10:44:16.236+0700] {example_python_operator.py:90} WARNING - The virtalenv_python example task requires virtualenv, please install it.
[2024-06-27T10:44:16.237+0700] {processor.py:836} INFO - DAG(s) dict_keys(['example_python_operator']) retrieved from /home/laptop24h/Project/HUST/datn/venv/lib/python3.10/site-packages/airflow/example_dags/example_python_operator.py
[2024-06-27T10:44:16.256+0700] {logging_mixin.py:150} INFO - [2024-06-27T10:44:16.256+0700] {dag.py:2742} INFO - Sync 1 DAGs
[2024-06-27T10:44:16.274+0700] {logging_mixin.py:150} INFO - [2024-06-27T10:44:16.274+0700] {dag.py:3504} INFO - Setting next_dagrun for example_python_operator to None, run_after=None
[2024-06-27T10:44:16.296+0700] {processor.py:179} INFO - Processing /home/laptop24h/Project/HUST/datn/venv/lib/python3.10/site-packages/airflow/example_dags/example_python_operator.py took 0.088 seconds
