[2024-06-27T10:12:14.083+0700] {processor.py:157} INFO - Started process (PID=17571) to work on /home/laptop24h/Project/HUST/datn/venv/lib/python3.10/site-packages/airflow/example_dags/example_trigger_controller_dag.py
[2024-06-27T10:12:14.084+0700] {processor.py:826} INFO - Processing file /home/laptop24h/Project/HUST/datn/venv/lib/python3.10/site-packages/airflow/example_dags/example_trigger_controller_dag.py for tasks to queue
[2024-06-27T10:12:14.085+0700] {logging_mixin.py:150} INFO - [2024-06-27T10:12:14.085+0700] {dagbag.py:541} INFO - Filling up the DagBag from /home/laptop24h/Project/HUST/datn/venv/lib/python3.10/site-packages/airflow/example_dags/example_trigger_controller_dag.py
[2024-06-27T10:12:14.093+0700] {processor.py:836} INFO - DAG(s) dict_keys(['example_trigger_controller_dag']) retrieved from /home/laptop24h/Project/HUST/datn/venv/lib/python3.10/site-packages/airflow/example_dags/example_trigger_controller_dag.py
[2024-06-27T10:12:14.195+0700] {logging_mixin.py:150} INFO - [2024-06-27T10:12:14.195+0700] {manager.py:504} INFO - Created Permission View: can read on DAG:example_trigger_controller_dag
[2024-06-27T10:12:14.206+0700] {logging_mixin.py:150} INFO - [2024-06-27T10:12:14.206+0700] {manager.py:504} INFO - Created Permission View: can edit on DAG:example_trigger_controller_dag
[2024-06-27T10:12:14.215+0700] {logging_mixin.py:150} INFO - [2024-06-27T10:12:14.215+0700] {manager.py:504} INFO - Created Permission View: can delete on DAG:example_trigger_controller_dag
[2024-06-27T10:12:14.234+0700] {logging_mixin.py:150} INFO - [2024-06-27T10:12:14.234+0700] {dag.py:2742} INFO - Sync 1 DAGs
[2024-06-27T10:12:14.247+0700] {logging_mixin.py:150} INFO - [2024-06-27T10:12:14.247+0700] {dag.py:2763} INFO - Creating ORM DAG for example_trigger_controller_dag
[2024-06-27T10:12:14.255+0700] {logging_mixin.py:150} INFO - [2024-06-27T10:12:14.255+0700] {dag.py:3504} INFO - Setting next_dagrun for example_trigger_controller_dag to 2021-01-01T00:00:00+00:00, run_after=2021-01-01T00:00:00+00:00
[2024-06-27T10:12:14.281+0700] {processor.py:179} INFO - Processing /home/laptop24h/Project/HUST/datn/venv/lib/python3.10/site-packages/airflow/example_dags/example_trigger_controller_dag.py took 0.201 seconds
[2024-06-27T10:32:56.823+0700] {processor.py:157} INFO - Started process (PID=21174) to work on /home/laptop24h/Project/HUST/datn/venv/lib/python3.10/site-packages/airflow/example_dags/example_trigger_controller_dag.py
[2024-06-27T10:32:56.827+0700] {processor.py:826} INFO - Processing file /home/laptop24h/Project/HUST/datn/venv/lib/python3.10/site-packages/airflow/example_dags/example_trigger_controller_dag.py for tasks to queue
[2024-06-27T10:32:56.829+0700] {logging_mixin.py:150} INFO - [2024-06-27T10:32:56.828+0700] {dagbag.py:541} INFO - Filling up the DagBag from /home/laptop24h/Project/HUST/datn/venv/lib/python3.10/site-packages/airflow/example_dags/example_trigger_controller_dag.py
[2024-06-27T10:32:56.838+0700] {processor.py:836} INFO - DAG(s) dict_keys(['example_trigger_controller_dag']) retrieved from /home/laptop24h/Project/HUST/datn/venv/lib/python3.10/site-packages/airflow/example_dags/example_trigger_controller_dag.py
[2024-06-27T10:32:56.859+0700] {logging_mixin.py:150} INFO - [2024-06-27T10:32:56.859+0700] {dag.py:2742} INFO - Sync 1 DAGs
[2024-06-27T10:32:56.877+0700] {logging_mixin.py:150} INFO - [2024-06-27T10:32:56.877+0700] {dag.py:3504} INFO - Setting next_dagrun for example_trigger_controller_dag to 2021-01-01T00:00:00+00:00, run_after=2021-01-01T00:00:00+00:00
[2024-06-27T10:32:56.896+0700] {processor.py:179} INFO - Processing /home/laptop24h/Project/HUST/datn/venv/lib/python3.10/site-packages/airflow/example_dags/example_trigger_controller_dag.py took 0.078 seconds
[2024-06-27T10:42:13.221+0700] {processor.py:157} INFO - Started process (PID=23196) to work on /home/laptop24h/Project/HUST/datn/venv/lib/python3.10/site-packages/airflow/example_dags/example_trigger_controller_dag.py
[2024-06-27T10:42:13.226+0700] {processor.py:826} INFO - Processing file /home/laptop24h/Project/HUST/datn/venv/lib/python3.10/site-packages/airflow/example_dags/example_trigger_controller_dag.py for tasks to queue
[2024-06-27T10:42:13.227+0700] {logging_mixin.py:150} INFO - [2024-06-27T10:42:13.226+0700] {dagbag.py:541} INFO - Filling up the DagBag from /home/laptop24h/Project/HUST/datn/venv/lib/python3.10/site-packages/airflow/example_dags/example_trigger_controller_dag.py
[2024-06-27T10:42:13.237+0700] {processor.py:836} INFO - DAG(s) dict_keys(['example_trigger_controller_dag']) retrieved from /home/laptop24h/Project/HUST/datn/venv/lib/python3.10/site-packages/airflow/example_dags/example_trigger_controller_dag.py
[2024-06-27T10:42:13.257+0700] {logging_mixin.py:150} INFO - [2024-06-27T10:42:13.257+0700] {dag.py:2742} INFO - Sync 1 DAGs
[2024-06-27T10:42:13.275+0700] {logging_mixin.py:150} INFO - [2024-06-27T10:42:13.275+0700] {dag.py:3504} INFO - Setting next_dagrun for example_trigger_controller_dag to 2021-01-01T00:00:00+00:00, run_after=2021-01-01T00:00:00+00:00
[2024-06-27T10:42:13.306+0700] {processor.py:179} INFO - Processing /home/laptop24h/Project/HUST/datn/venv/lib/python3.10/site-packages/airflow/example_dags/example_trigger_controller_dag.py took 0.089 seconds
[2024-06-27T10:43:05.139+0700] {processor.py:157} INFO - Started process (PID=23399) to work on /home/laptop24h/Project/HUST/datn/venv/lib/python3.10/site-packages/airflow/example_dags/example_trigger_controller_dag.py
[2024-06-27T10:43:05.143+0700] {processor.py:826} INFO - Processing file /home/laptop24h/Project/HUST/datn/venv/lib/python3.10/site-packages/airflow/example_dags/example_trigger_controller_dag.py for tasks to queue
[2024-06-27T10:43:05.145+0700] {logging_mixin.py:150} INFO - [2024-06-27T10:43:05.144+0700] {dagbag.py:541} INFO - Filling up the DagBag from /home/laptop24h/Project/HUST/datn/venv/lib/python3.10/site-packages/airflow/example_dags/example_trigger_controller_dag.py
[2024-06-27T10:43:05.151+0700] {processor.py:836} INFO - DAG(s) dict_keys(['example_trigger_controller_dag']) retrieved from /home/laptop24h/Project/HUST/datn/venv/lib/python3.10/site-packages/airflow/example_dags/example_trigger_controller_dag.py
[2024-06-27T10:43:05.176+0700] {logging_mixin.py:150} INFO - [2024-06-27T10:43:05.176+0700] {dag.py:2742} INFO - Sync 1 DAGs
[2024-06-27T10:43:05.243+0700] {logging_mixin.py:150} INFO - [2024-06-27T10:43:05.243+0700] {dag.py:3504} INFO - Setting next_dagrun for example_trigger_controller_dag to 2021-01-01T00:00:00+00:00, run_after=2021-01-01T00:00:00+00:00
[2024-06-27T10:43:05.305+0700] {processor.py:179} INFO - Processing /home/laptop24h/Project/HUST/datn/venv/lib/python3.10/site-packages/airflow/example_dags/example_trigger_controller_dag.py took 0.170 seconds
[2024-06-27T10:43:50.014+0700] {processor.py:157} INFO - Started process (PID=23571) to work on /home/laptop24h/Project/HUST/datn/venv/lib/python3.10/site-packages/airflow/example_dags/example_trigger_controller_dag.py
[2024-06-27T10:43:50.015+0700] {processor.py:826} INFO - Processing file /home/laptop24h/Project/HUST/datn/venv/lib/python3.10/site-packages/airflow/example_dags/example_trigger_controller_dag.py for tasks to queue
[2024-06-27T10:43:50.016+0700] {logging_mixin.py:150} INFO - [2024-06-27T10:43:50.016+0700] {dagbag.py:541} INFO - Filling up the DagBag from /home/laptop24h/Project/HUST/datn/venv/lib/python3.10/site-packages/airflow/example_dags/example_trigger_controller_dag.py
[2024-06-27T10:43:50.022+0700] {processor.py:836} INFO - DAG(s) dict_keys(['example_trigger_controller_dag']) retrieved from /home/laptop24h/Project/HUST/datn/venv/lib/python3.10/site-packages/airflow/example_dags/example_trigger_controller_dag.py
[2024-06-27T10:43:50.043+0700] {logging_mixin.py:150} INFO - [2024-06-27T10:43:50.042+0700] {dag.py:2742} INFO - Sync 1 DAGs
[2024-06-27T10:43:50.066+0700] {logging_mixin.py:150} INFO - [2024-06-27T10:43:50.066+0700] {dag.py:3504} INFO - Setting next_dagrun for example_trigger_controller_dag to 2021-01-01T00:00:00+00:00, run_after=2021-01-01T00:00:00+00:00
[2024-06-27T10:43:50.097+0700] {processor.py:179} INFO - Processing /home/laptop24h/Project/HUST/datn/venv/lib/python3.10/site-packages/airflow/example_dags/example_trigger_controller_dag.py took 0.086 seconds
