[2024-06-27T10:42:40.082+0700] {processor.py:157} INFO - Started process (PID=23300) to work on /home/laptop24h/Project/HUST/datn/venv/lib/python3.10/site-packages/airflow/example_dags/example_external_task_marker_dag.py
[2024-06-27T10:42:40.082+0700] {processor.py:826} INFO - Processing file /home/laptop24h/Project/HUST/datn/venv/lib/python3.10/site-packages/airflow/example_dags/example_external_task_marker_dag.py for tasks to queue
[2024-06-27T10:42:40.083+0700] {logging_mixin.py:150} INFO - [2024-06-27T10:42:40.083+0700] {dagbag.py:541} INFO - Filling up the DagBag from /home/laptop24h/Project/HUST/datn/venv/lib/python3.10/site-packages/airflow/example_dags/example_external_task_marker_dag.py
[2024-06-27T10:42:40.090+0700] {processor.py:836} INFO - DAG(s) dict_keys(['example_external_task_marker_parent', 'example_external_task_marker_child']) retrieved from /home/laptop24h/Project/HUST/datn/venv/lib/python3.10/site-packages/airflow/example_dags/example_external_task_marker_dag.py
[2024-06-27T10:42:40.233+0700] {logging_mixin.py:150} INFO - [2024-06-27T10:42:40.232+0700] {manager.py:504} INFO - Created Permission View: can read on DAG:example_external_task_marker_parent
[2024-06-27T10:42:40.247+0700] {logging_mixin.py:150} INFO - [2024-06-27T10:42:40.247+0700] {manager.py:504} INFO - Created Permission View: can edit on DAG:example_external_task_marker_parent
[2024-06-27T10:42:40.274+0700] {logging_mixin.py:150} INFO - [2024-06-27T10:42:40.273+0700] {manager.py:504} INFO - Created Permission View: can delete on DAG:example_external_task_marker_parent
[2024-06-27T10:42:40.300+0700] {logging_mixin.py:150} INFO - [2024-06-27T10:42:40.300+0700] {manager.py:504} INFO - Created Permission View: can read on DAG:example_external_task_marker_child
[2024-06-27T10:42:40.307+0700] {logging_mixin.py:150} INFO - [2024-06-27T10:42:40.306+0700] {manager.py:504} INFO - Created Permission View: can edit on DAG:example_external_task_marker_child
[2024-06-27T10:42:40.314+0700] {logging_mixin.py:150} INFO - [2024-06-27T10:42:40.314+0700] {manager.py:504} INFO - Created Permission View: can delete on DAG:example_external_task_marker_child
[2024-06-27T10:42:40.320+0700] {logging_mixin.py:150} INFO - [2024-06-27T10:42:40.319+0700] {dag.py:2742} INFO - Sync 2 DAGs
[2024-06-27T10:42:40.328+0700] {logging_mixin.py:150} INFO - [2024-06-27T10:42:40.328+0700] {dag.py:2763} INFO - Creating ORM DAG for example_external_task_marker_child
[2024-06-27T10:42:40.328+0700] {logging_mixin.py:150} INFO - [2024-06-27T10:42:40.328+0700] {dag.py:2763} INFO - Creating ORM DAG for example_external_task_marker_parent
[2024-06-27T10:42:40.336+0700] {logging_mixin.py:150} INFO - [2024-06-27T10:42:40.336+0700] {dag.py:3504} INFO - Setting next_dagrun for example_external_task_marker_child to None, run_after=None
[2024-06-27T10:42:40.337+0700] {logging_mixin.py:150} INFO - [2024-06-27T10:42:40.336+0700] {dag.py:3504} INFO - Setting next_dagrun for example_external_task_marker_parent to None, run_after=None
[2024-06-27T10:42:40.355+0700] {processor.py:179} INFO - Processing /home/laptop24h/Project/HUST/datn/venv/lib/python3.10/site-packages/airflow/example_dags/example_external_task_marker_dag.py took 0.276 seconds
[2024-06-27T10:43:32.114+0700] {processor.py:157} INFO - Started process (PID=23502) to work on /home/laptop24h/Project/HUST/datn/venv/lib/python3.10/site-packages/airflow/example_dags/example_external_task_marker_dag.py
[2024-06-27T10:43:32.119+0700] {processor.py:826} INFO - Processing file /home/laptop24h/Project/HUST/datn/venv/lib/python3.10/site-packages/airflow/example_dags/example_external_task_marker_dag.py for tasks to queue
[2024-06-27T10:43:32.121+0700] {logging_mixin.py:150} INFO - [2024-06-27T10:43:32.120+0700] {dagbag.py:541} INFO - Filling up the DagBag from /home/laptop24h/Project/HUST/datn/venv/lib/python3.10/site-packages/airflow/example_dags/example_external_task_marker_dag.py
[2024-06-27T10:43:32.137+0700] {processor.py:836} INFO - DAG(s) dict_keys(['example_external_task_marker_child', 'example_external_task_marker_parent']) retrieved from /home/laptop24h/Project/HUST/datn/venv/lib/python3.10/site-packages/airflow/example_dags/example_external_task_marker_dag.py
[2024-06-27T10:43:32.180+0700] {logging_mixin.py:150} INFO - [2024-06-27T10:43:32.180+0700] {dag.py:2742} INFO - Sync 2 DAGs
[2024-06-27T10:43:32.214+0700] {logging_mixin.py:150} INFO - [2024-06-27T10:43:32.214+0700] {dag.py:3504} INFO - Setting next_dagrun for example_external_task_marker_child to None, run_after=None
[2024-06-27T10:43:32.217+0700] {logging_mixin.py:150} INFO - [2024-06-27T10:43:32.217+0700] {dag.py:3504} INFO - Setting next_dagrun for example_external_task_marker_parent to None, run_after=None
[2024-06-27T10:43:32.244+0700] {processor.py:179} INFO - Processing /home/laptop24h/Project/HUST/datn/venv/lib/python3.10/site-packages/airflow/example_dags/example_external_task_marker_dag.py took 0.140 seconds
[2024-06-27T10:44:21.801+0700] {processor.py:157} INFO - Started process (PID=23704) to work on /home/laptop24h/Project/HUST/datn/venv/lib/python3.10/site-packages/airflow/example_dags/example_external_task_marker_dag.py
[2024-06-27T10:44:21.805+0700] {processor.py:826} INFO - Processing file /home/laptop24h/Project/HUST/datn/venv/lib/python3.10/site-packages/airflow/example_dags/example_external_task_marker_dag.py for tasks to queue
[2024-06-27T10:44:21.806+0700] {logging_mixin.py:150} INFO - [2024-06-27T10:44:21.806+0700] {dagbag.py:541} INFO - Filling up the DagBag from /home/laptop24h/Project/HUST/datn/venv/lib/python3.10/site-packages/airflow/example_dags/example_external_task_marker_dag.py
[2024-06-27T10:44:21.812+0700] {processor.py:836} INFO - DAG(s) dict_keys(['example_external_task_marker_parent', 'example_external_task_marker_child']) retrieved from /home/laptop24h/Project/HUST/datn/venv/lib/python3.10/site-packages/airflow/example_dags/example_external_task_marker_dag.py
[2024-06-27T10:44:21.834+0700] {logging_mixin.py:150} INFO - [2024-06-27T10:44:21.834+0700] {dag.py:2742} INFO - Sync 2 DAGs
[2024-06-27T10:44:21.855+0700] {logging_mixin.py:150} INFO - [2024-06-27T10:44:21.854+0700] {dag.py:3504} INFO - Setting next_dagrun for example_external_task_marker_child to None, run_after=None
[2024-06-27T10:44:21.858+0700] {logging_mixin.py:150} INFO - [2024-06-27T10:44:21.858+0700] {dag.py:3504} INFO - Setting next_dagrun for example_external_task_marker_parent to None, run_after=None
[2024-06-27T10:44:21.879+0700] {processor.py:179} INFO - Processing /home/laptop24h/Project/HUST/datn/venv/lib/python3.10/site-packages/airflow/example_dags/example_external_task_marker_dag.py took 0.082 seconds
