[2024-06-27T10:42:26.981+0700] {processor.py:157} INFO - Started process (PID=23246) to work on /home/laptop24h/Project/HUST/datn/venv/lib/python3.10/site-packages/airflow/example_dags/example_sensors.py
[2024-06-27T10:42:26.983+0700] {processor.py:826} INFO - Processing file /home/laptop24h/Project/HUST/datn/venv/lib/python3.10/site-packages/airflow/example_dags/example_sensors.py for tasks to queue
[2024-06-27T10:42:26.984+0700] {logging_mixin.py:150} INFO - [2024-06-27T10:42:26.983+0700] {dagbag.py:541} INFO - Filling up the DagBag from /home/laptop24h/Project/HUST/datn/venv/lib/python3.10/site-packages/airflow/example_dags/example_sensors.py
[2024-06-27T10:42:26.995+0700] {processor.py:836} INFO - DAG(s) dict_keys(['example_sensors']) retrieved from /home/laptop24h/Project/HUST/datn/venv/lib/python3.10/site-packages/airflow/example_dags/example_sensors.py
[2024-06-27T10:42:27.089+0700] {logging_mixin.py:150} INFO - [2024-06-27T10:42:27.089+0700] {manager.py:504} INFO - Created Permission View: can read on DAG:example_sensors
[2024-06-27T10:42:27.099+0700] {logging_mixin.py:150} INFO - [2024-06-27T10:42:27.098+0700] {manager.py:504} INFO - Created Permission View: can edit on DAG:example_sensors
[2024-06-27T10:42:27.107+0700] {logging_mixin.py:150} INFO - [2024-06-27T10:42:27.107+0700] {manager.py:504} INFO - Created Permission View: can delete on DAG:example_sensors
[2024-06-27T10:42:27.117+0700] {logging_mixin.py:150} INFO - [2024-06-27T10:42:27.117+0700] {dag.py:2742} INFO - Sync 1 DAGs
[2024-06-27T10:42:27.127+0700] {logging_mixin.py:150} INFO - [2024-06-27T10:42:27.126+0700] {dag.py:2763} INFO - Creating ORM DAG for example_sensors
[2024-06-27T10:42:27.134+0700] {logging_mixin.py:150} INFO - [2024-06-27T10:42:27.134+0700] {dag.py:3504} INFO - Setting next_dagrun for example_sensors to None, run_after=None
[2024-06-27T10:42:27.152+0700] {processor.py:179} INFO - Processing /home/laptop24h/Project/HUST/datn/venv/lib/python3.10/site-packages/airflow/example_dags/example_sensors.py took 0.177 seconds
[2024-06-27T10:43:18.185+0700] {processor.py:157} INFO - Started process (PID=23455) to work on /home/laptop24h/Project/HUST/datn/venv/lib/python3.10/site-packages/airflow/example_dags/example_sensors.py
[2024-06-27T10:43:18.190+0700] {processor.py:826} INFO - Processing file /home/laptop24h/Project/HUST/datn/venv/lib/python3.10/site-packages/airflow/example_dags/example_sensors.py for tasks to queue
[2024-06-27T10:43:18.191+0700] {logging_mixin.py:150} INFO - [2024-06-27T10:43:18.191+0700] {dagbag.py:541} INFO - Filling up the DagBag from /home/laptop24h/Project/HUST/datn/venv/lib/python3.10/site-packages/airflow/example_dags/example_sensors.py
[2024-06-27T10:43:18.209+0700] {processor.py:836} INFO - DAG(s) dict_keys(['example_sensors']) retrieved from /home/laptop24h/Project/HUST/datn/venv/lib/python3.10/site-packages/airflow/example_dags/example_sensors.py
[2024-06-27T10:43:18.241+0700] {logging_mixin.py:150} INFO - [2024-06-27T10:43:18.240+0700] {dag.py:2742} INFO - Sync 1 DAGs
[2024-06-27T10:43:18.259+0700] {logging_mixin.py:150} INFO - [2024-06-27T10:43:18.259+0700] {dag.py:3504} INFO - Setting next_dagrun for example_sensors to None, run_after=None
[2024-06-27T10:43:18.298+0700] {processor.py:179} INFO - Processing /home/laptop24h/Project/HUST/datn/venv/lib/python3.10/site-packages/airflow/example_dags/example_sensors.py took 0.118 seconds
[2024-06-27T10:44:09.284+0700] {processor.py:157} INFO - Started process (PID=23641) to work on /home/laptop24h/Project/HUST/datn/venv/lib/python3.10/site-packages/airflow/example_dags/example_sensors.py
[2024-06-27T10:44:09.289+0700] {processor.py:826} INFO - Processing file /home/laptop24h/Project/HUST/datn/venv/lib/python3.10/site-packages/airflow/example_dags/example_sensors.py for tasks to queue
[2024-06-27T10:44:09.291+0700] {logging_mixin.py:150} INFO - [2024-06-27T10:44:09.290+0700] {dagbag.py:541} INFO - Filling up the DagBag from /home/laptop24h/Project/HUST/datn/venv/lib/python3.10/site-packages/airflow/example_dags/example_sensors.py
[2024-06-27T10:44:09.310+0700] {processor.py:836} INFO - DAG(s) dict_keys(['example_sensors']) retrieved from /home/laptop24h/Project/HUST/datn/venv/lib/python3.10/site-packages/airflow/example_dags/example_sensors.py
[2024-06-27T10:44:09.339+0700] {logging_mixin.py:150} INFO - [2024-06-27T10:44:09.339+0700] {dag.py:2742} INFO - Sync 1 DAGs
[2024-06-27T10:44:09.357+0700] {logging_mixin.py:150} INFO - [2024-06-27T10:44:09.357+0700] {dag.py:3504} INFO - Setting next_dagrun for example_sensors to None, run_after=None
[2024-06-27T10:44:09.396+0700] {processor.py:179} INFO - Processing /home/laptop24h/Project/HUST/datn/venv/lib/python3.10/site-packages/airflow/example_dags/example_sensors.py took 0.118 seconds
