[2024-06-27T10:42:22.118+0700] {processor.py:157} INFO - Started process (PID=23230) to work on /home/laptop24h/Project/HUST/datn/venv/lib/python3.10/site-packages/airflow/example_dags/example_short_circuit_decorator.py
[2024-06-27T10:42:22.120+0700] {processor.py:826} INFO - Processing file /home/laptop24h/Project/HUST/datn/venv/lib/python3.10/site-packages/airflow/example_dags/example_short_circuit_decorator.py for tasks to queue
[2024-06-27T10:42:22.121+0700] {logging_mixin.py:150} INFO - [2024-06-27T10:42:22.120+0700] {dagbag.py:541} INFO - Filling up the DagBag from /home/laptop24h/Project/HUST/datn/venv/lib/python3.10/site-packages/airflow/example_dags/example_short_circuit_decorator.py
[2024-06-27T10:42:22.139+0700] {processor.py:836} INFO - DAG(s) dict_keys(['example_short_circuit_decorator']) retrieved from /home/laptop24h/Project/HUST/datn/venv/lib/python3.10/site-packages/airflow/example_dags/example_short_circuit_decorator.py
[2024-06-27T10:42:22.235+0700] {logging_mixin.py:150} INFO - [2024-06-27T10:42:22.235+0700] {manager.py:504} INFO - Created Permission View: can read on DAG:example_short_circuit_decorator
[2024-06-27T10:42:22.244+0700] {logging_mixin.py:150} INFO - [2024-06-27T10:42:22.244+0700] {manager.py:504} INFO - Created Permission View: can edit on DAG:example_short_circuit_decorator
[2024-06-27T10:42:22.252+0700] {logging_mixin.py:150} INFO - [2024-06-27T10:42:22.251+0700] {manager.py:504} INFO - Created Permission View: can delete on DAG:example_short_circuit_decorator
[2024-06-27T10:42:22.262+0700] {logging_mixin.py:150} INFO - [2024-06-27T10:42:22.261+0700] {dag.py:2742} INFO - Sync 1 DAGs
[2024-06-27T10:42:22.270+0700] {logging_mixin.py:150} INFO - [2024-06-27T10:42:22.270+0700] {dag.py:2763} INFO - Creating ORM DAG for example_short_circuit_decorator
[2024-06-27T10:42:22.279+0700] {logging_mixin.py:150} INFO - [2024-06-27T10:42:22.279+0700] {dag.py:3504} INFO - Setting next_dagrun for example_short_circuit_decorator to 2024-06-26T03:42:22.279398+00:00, run_after=2024-06-27T03:42:22.279398+00:00
[2024-06-27T10:42:22.297+0700] {processor.py:179} INFO - Processing /home/laptop24h/Project/HUST/datn/venv/lib/python3.10/site-packages/airflow/example_dags/example_short_circuit_decorator.py took 0.184 seconds
[2024-06-27T10:43:14.120+0700] {processor.py:157} INFO - Started process (PID=23441) to work on /home/laptop24h/Project/HUST/datn/venv/lib/python3.10/site-packages/airflow/example_dags/example_short_circuit_decorator.py
[2024-06-27T10:43:14.126+0700] {processor.py:826} INFO - Processing file /home/laptop24h/Project/HUST/datn/venv/lib/python3.10/site-packages/airflow/example_dags/example_short_circuit_decorator.py for tasks to queue
[2024-06-27T10:43:14.127+0700] {logging_mixin.py:150} INFO - [2024-06-27T10:43:14.127+0700] {dagbag.py:541} INFO - Filling up the DagBag from /home/laptop24h/Project/HUST/datn/venv/lib/python3.10/site-packages/airflow/example_dags/example_short_circuit_decorator.py
[2024-06-27T10:43:14.145+0700] {processor.py:836} INFO - DAG(s) dict_keys(['example_short_circuit_decorator']) retrieved from /home/laptop24h/Project/HUST/datn/venv/lib/python3.10/site-packages/airflow/example_dags/example_short_circuit_decorator.py
[2024-06-27T10:43:14.176+0700] {logging_mixin.py:150} INFO - [2024-06-27T10:43:14.176+0700] {dag.py:2742} INFO - Sync 1 DAGs
[2024-06-27T10:43:14.200+0700] {logging_mixin.py:150} INFO - [2024-06-27T10:43:14.200+0700] {dag.py:3504} INFO - Setting next_dagrun for example_short_circuit_decorator to 2024-06-26T03:43:14.200199+00:00, run_after=2024-06-27T03:43:14.200199+00:00
[2024-06-27T10:43:14.223+0700] {processor.py:179} INFO - Processing /home/laptop24h/Project/HUST/datn/venv/lib/python3.10/site-packages/airflow/example_dags/example_short_circuit_decorator.py took 0.107 seconds
[2024-06-27T10:44:06.224+0700] {processor.py:157} INFO - Started process (PID=23634) to work on /home/laptop24h/Project/HUST/datn/venv/lib/python3.10/site-packages/airflow/example_dags/example_short_circuit_decorator.py
[2024-06-27T10:44:06.229+0700] {processor.py:826} INFO - Processing file /home/laptop24h/Project/HUST/datn/venv/lib/python3.10/site-packages/airflow/example_dags/example_short_circuit_decorator.py for tasks to queue
[2024-06-27T10:44:06.231+0700] {logging_mixin.py:150} INFO - [2024-06-27T10:44:06.230+0700] {dagbag.py:541} INFO - Filling up the DagBag from /home/laptop24h/Project/HUST/datn/venv/lib/python3.10/site-packages/airflow/example_dags/example_short_circuit_decorator.py
[2024-06-27T10:44:06.248+0700] {processor.py:836} INFO - DAG(s) dict_keys(['example_short_circuit_decorator']) retrieved from /home/laptop24h/Project/HUST/datn/venv/lib/python3.10/site-packages/airflow/example_dags/example_short_circuit_decorator.py
[2024-06-27T10:44:06.288+0700] {logging_mixin.py:150} INFO - [2024-06-27T10:44:06.288+0700] {dag.py:2742} INFO - Sync 1 DAGs
[2024-06-27T10:44:06.320+0700] {logging_mixin.py:150} INFO - [2024-06-27T10:44:06.319+0700] {dag.py:3504} INFO - Setting next_dagrun for example_short_circuit_decorator to 2024-06-26T03:44:06.319481+00:00, run_after=2024-06-27T03:44:06.319481+00:00
[2024-06-27T10:44:06.348+0700] {processor.py:179} INFO - Processing /home/laptop24h/Project/HUST/datn/venv/lib/python3.10/site-packages/airflow/example_dags/example_short_circuit_decorator.py took 0.131 seconds
