[2024-06-27T10:42:34.910+0700] {processor.py:157} INFO - Started process (PID=23282) to work on /home/laptop24h/Project/HUST/datn/venv/lib/python3.10/site-packages/airflow/example_dags/example_time_delta_sensor_async.py
[2024-06-27T10:42:34.910+0700] {processor.py:826} INFO - Processing file /home/laptop24h/Project/HUST/datn/venv/lib/python3.10/site-packages/airflow/example_dags/example_time_delta_sensor_async.py for tasks to queue
[2024-06-27T10:42:34.912+0700] {logging_mixin.py:150} INFO - [2024-06-27T10:42:34.911+0700] {dagbag.py:541} INFO - Filling up the DagBag from /home/laptop24h/Project/HUST/datn/venv/lib/python3.10/site-packages/airflow/example_dags/example_time_delta_sensor_async.py
[2024-06-27T10:42:34.917+0700] {processor.py:836} INFO - DAG(s) dict_keys(['example_time_delta_sensor_async']) retrieved from /home/laptop24h/Project/HUST/datn/venv/lib/python3.10/site-packages/airflow/example_dags/example_time_delta_sensor_async.py
[2024-06-27T10:42:35.028+0700] {logging_mixin.py:150} INFO - [2024-06-27T10:42:35.028+0700] {manager.py:504} INFO - Created Permission View: can read on DAG:example_time_delta_sensor_async
[2024-06-27T10:42:35.041+0700] {logging_mixin.py:150} INFO - [2024-06-27T10:42:35.040+0700] {manager.py:504} INFO - Created Permission View: can edit on DAG:example_time_delta_sensor_async
[2024-06-27T10:42:35.048+0700] {logging_mixin.py:150} INFO - [2024-06-27T10:42:35.048+0700] {manager.py:504} INFO - Created Permission View: can delete on DAG:example_time_delta_sensor_async
[2024-06-27T10:42:35.061+0700] {logging_mixin.py:150} INFO - [2024-06-27T10:42:35.060+0700] {dag.py:2742} INFO - Sync 1 DAGs
[2024-06-27T10:42:35.077+0700] {logging_mixin.py:150} INFO - [2024-06-27T10:42:35.077+0700] {dag.py:2763} INFO - Creating ORM DAG for example_time_delta_sensor_async
[2024-06-27T10:42:35.091+0700] {logging_mixin.py:150} INFO - [2024-06-27T10:42:35.091+0700] {dag.py:3504} INFO - Setting next_dagrun for example_time_delta_sensor_async to None, run_after=None
[2024-06-27T10:42:35.116+0700] {processor.py:179} INFO - Processing /home/laptop24h/Project/HUST/datn/venv/lib/python3.10/site-packages/airflow/example_dags/example_time_delta_sensor_async.py took 0.209 seconds
[2024-06-27T10:43:25.728+0700] {processor.py:157} INFO - Started process (PID=23482) to work on /home/laptop24h/Project/HUST/datn/venv/lib/python3.10/site-packages/airflow/example_dags/example_time_delta_sensor_async.py
[2024-06-27T10:43:25.733+0700] {processor.py:826} INFO - Processing file /home/laptop24h/Project/HUST/datn/venv/lib/python3.10/site-packages/airflow/example_dags/example_time_delta_sensor_async.py for tasks to queue
[2024-06-27T10:43:25.735+0700] {logging_mixin.py:150} INFO - [2024-06-27T10:43:25.734+0700] {dagbag.py:541} INFO - Filling up the DagBag from /home/laptop24h/Project/HUST/datn/venv/lib/python3.10/site-packages/airflow/example_dags/example_time_delta_sensor_async.py
[2024-06-27T10:43:25.742+0700] {processor.py:836} INFO - DAG(s) dict_keys(['example_time_delta_sensor_async']) retrieved from /home/laptop24h/Project/HUST/datn/venv/lib/python3.10/site-packages/airflow/example_dags/example_time_delta_sensor_async.py
[2024-06-27T10:43:25.774+0700] {logging_mixin.py:150} INFO - [2024-06-27T10:43:25.774+0700] {dag.py:2742} INFO - Sync 1 DAGs
[2024-06-27T10:43:25.821+0700] {logging_mixin.py:150} INFO - [2024-06-27T10:43:25.821+0700] {dag.py:3504} INFO - Setting next_dagrun for example_time_delta_sensor_async to None, run_after=None
[2024-06-27T10:43:25.844+0700] {processor.py:179} INFO - Processing /home/laptop24h/Project/HUST/datn/venv/lib/python3.10/site-packages/airflow/example_dags/example_time_delta_sensor_async.py took 0.121 seconds
[2024-06-27T10:44:16.636+0700] {processor.py:157} INFO - Started process (PID=23669) to work on /home/laptop24h/Project/HUST/datn/venv/lib/python3.10/site-packages/airflow/example_dags/example_time_delta_sensor_async.py
[2024-06-27T10:44:16.644+0700] {processor.py:826} INFO - Processing file /home/laptop24h/Project/HUST/datn/venv/lib/python3.10/site-packages/airflow/example_dags/example_time_delta_sensor_async.py for tasks to queue
[2024-06-27T10:44:16.645+0700] {logging_mixin.py:150} INFO - [2024-06-27T10:44:16.645+0700] {dagbag.py:541} INFO - Filling up the DagBag from /home/laptop24h/Project/HUST/datn/venv/lib/python3.10/site-packages/airflow/example_dags/example_time_delta_sensor_async.py
[2024-06-27T10:44:16.649+0700] {processor.py:836} INFO - DAG(s) dict_keys(['example_time_delta_sensor_async']) retrieved from /home/laptop24h/Project/HUST/datn/venv/lib/python3.10/site-packages/airflow/example_dags/example_time_delta_sensor_async.py
[2024-06-27T10:44:16.664+0700] {logging_mixin.py:150} INFO - [2024-06-27T10:44:16.664+0700] {dag.py:2742} INFO - Sync 1 DAGs
[2024-06-27T10:44:16.682+0700] {logging_mixin.py:150} INFO - [2024-06-27T10:44:16.682+0700] {dag.py:3504} INFO - Setting next_dagrun for example_time_delta_sensor_async to None, run_after=None
[2024-06-27T10:44:16.701+0700] {processor.py:179} INFO - Processing /home/laptop24h/Project/HUST/datn/venv/lib/python3.10/site-packages/airflow/example_dags/example_time_delta_sensor_async.py took 0.067 seconds
