[2024-06-27T10:42:38.841+0700] {processor.py:157} INFO - Started process (PID=23293) to work on /home/laptop24h/Project/HUST/datn/venv/lib/python3.10/site-packages/airflow/example_dags/example_dynamic_task_mapping.py
[2024-06-27T10:42:38.842+0700] {processor.py:826} INFO - Processing file /home/laptop24h/Project/HUST/datn/venv/lib/python3.10/site-packages/airflow/example_dags/example_dynamic_task_mapping.py for tasks to queue
[2024-06-27T10:42:38.844+0700] {logging_mixin.py:150} INFO - [2024-06-27T10:42:38.843+0700] {dagbag.py:541} INFO - Filling up the DagBag from /home/laptop24h/Project/HUST/datn/venv/lib/python3.10/site-packages/airflow/example_dags/example_dynamic_task_mapping.py
[2024-06-27T10:42:38.856+0700] {processor.py:836} INFO - DAG(s) dict_keys(['example_dynamic_task_mapping']) retrieved from /home/laptop24h/Project/HUST/datn/venv/lib/python3.10/site-packages/airflow/example_dags/example_dynamic_task_mapping.py
[2024-06-27T10:42:38.952+0700] {logging_mixin.py:150} INFO - [2024-06-27T10:42:38.952+0700] {manager.py:504} INFO - Created Permission View: can read on DAG:example_dynamic_task_mapping
[2024-06-27T10:42:38.962+0700] {logging_mixin.py:150} INFO - [2024-06-27T10:42:38.962+0700] {manager.py:504} INFO - Created Permission View: can edit on DAG:example_dynamic_task_mapping
[2024-06-27T10:42:38.969+0700] {logging_mixin.py:150} INFO - [2024-06-27T10:42:38.969+0700] {manager.py:504} INFO - Created Permission View: can delete on DAG:example_dynamic_task_mapping
[2024-06-27T10:42:38.982+0700] {logging_mixin.py:150} INFO - [2024-06-27T10:42:38.981+0700] {dag.py:2742} INFO - Sync 1 DAGs
[2024-06-27T10:42:38.990+0700] {logging_mixin.py:150} INFO - [2024-06-27T10:42:38.990+0700] {dag.py:2763} INFO - Creating ORM DAG for example_dynamic_task_mapping
[2024-06-27T10:42:38.998+0700] {logging_mixin.py:150} INFO - [2024-06-27T10:42:38.998+0700] {dag.py:3504} INFO - Setting next_dagrun for example_dynamic_task_mapping to 2022-03-04T00:00:00+00:00, run_after=2022-03-05T00:00:00+00:00
[2024-06-27T10:42:39.014+0700] {processor.py:179} INFO - Processing /home/laptop24h/Project/HUST/datn/venv/lib/python3.10/site-packages/airflow/example_dags/example_dynamic_task_mapping.py took 0.178 seconds
[2024-06-27T10:43:30.832+0700] {processor.py:157} INFO - Started process (PID=23497) to work on /home/laptop24h/Project/HUST/datn/venv/lib/python3.10/site-packages/airflow/example_dags/example_dynamic_task_mapping.py
[2024-06-27T10:43:30.834+0700] {processor.py:826} INFO - Processing file /home/laptop24h/Project/HUST/datn/venv/lib/python3.10/site-packages/airflow/example_dags/example_dynamic_task_mapping.py for tasks to queue
[2024-06-27T10:43:30.835+0700] {logging_mixin.py:150} INFO - [2024-06-27T10:43:30.835+0700] {dagbag.py:541} INFO - Filling up the DagBag from /home/laptop24h/Project/HUST/datn/venv/lib/python3.10/site-packages/airflow/example_dags/example_dynamic_task_mapping.py
[2024-06-27T10:43:30.848+0700] {processor.py:836} INFO - DAG(s) dict_keys(['example_dynamic_task_mapping']) retrieved from /home/laptop24h/Project/HUST/datn/venv/lib/python3.10/site-packages/airflow/example_dags/example_dynamic_task_mapping.py
[2024-06-27T10:43:30.885+0700] {logging_mixin.py:150} INFO - [2024-06-27T10:43:30.884+0700] {dag.py:2742} INFO - Sync 1 DAGs
[2024-06-27T10:43:30.928+0700] {logging_mixin.py:150} INFO - [2024-06-27T10:43:30.928+0700] {dag.py:3504} INFO - Setting next_dagrun for example_dynamic_task_mapping to 2022-03-04T00:00:00+00:00, run_after=2022-03-05T00:00:00+00:00
[2024-06-27T10:43:30.982+0700] {processor.py:179} INFO - Processing /home/laptop24h/Project/HUST/datn/venv/lib/python3.10/site-packages/airflow/example_dags/example_dynamic_task_mapping.py took 0.154 seconds
[2024-06-27T10:44:20.763+0700] {processor.py:157} INFO - Started process (PID=23700) to work on /home/laptop24h/Project/HUST/datn/venv/lib/python3.10/site-packages/airflow/example_dags/example_dynamic_task_mapping.py
[2024-06-27T10:44:20.768+0700] {processor.py:826} INFO - Processing file /home/laptop24h/Project/HUST/datn/venv/lib/python3.10/site-packages/airflow/example_dags/example_dynamic_task_mapping.py for tasks to queue
[2024-06-27T10:44:20.770+0700] {logging_mixin.py:150} INFO - [2024-06-27T10:44:20.770+0700] {dagbag.py:541} INFO - Filling up the DagBag from /home/laptop24h/Project/HUST/datn/venv/lib/python3.10/site-packages/airflow/example_dags/example_dynamic_task_mapping.py
[2024-06-27T10:44:20.782+0700] {processor.py:836} INFO - DAG(s) dict_keys(['example_dynamic_task_mapping']) retrieved from /home/laptop24h/Project/HUST/datn/venv/lib/python3.10/site-packages/airflow/example_dags/example_dynamic_task_mapping.py
[2024-06-27T10:44:20.802+0700] {logging_mixin.py:150} INFO - [2024-06-27T10:44:20.801+0700] {dag.py:2742} INFO - Sync 1 DAGs
[2024-06-27T10:44:20.820+0700] {logging_mixin.py:150} INFO - [2024-06-27T10:44:20.819+0700] {dag.py:3504} INFO - Setting next_dagrun for example_dynamic_task_mapping to 2022-03-04T00:00:00+00:00, run_after=2022-03-05T00:00:00+00:00
[2024-06-27T10:44:20.838+0700] {processor.py:179} INFO - Processing /home/laptop24h/Project/HUST/datn/venv/lib/python3.10/site-packages/airflow/example_dags/example_dynamic_task_mapping.py took 0.080 seconds
