[2024-06-27T10:42:49.238+0700] {processor.py:157} INFO - Started process (PID=23328) to work on /home/laptop24h/Project/HUST/datn/venv/lib/python3.10/site-packages/airflow/example_dags/example_datasets.py
[2024-06-27T10:42:49.239+0700] {processor.py:826} INFO - Processing file /home/laptop24h/Project/HUST/datn/venv/lib/python3.10/site-packages/airflow/example_dags/example_datasets.py for tasks to queue
[2024-06-27T10:42:49.240+0700] {logging_mixin.py:150} INFO - [2024-06-27T10:42:49.240+0700] {dagbag.py:541} INFO - Filling up the DagBag from /home/laptop24h/Project/HUST/datn/venv/lib/python3.10/site-packages/airflow/example_dags/example_datasets.py
[2024-06-27T10:42:49.252+0700] {processor.py:836} INFO - DAG(s) dict_keys(['dataset_consumes_1_and_2', 'dataset_consumes_unknown_never_scheduled', 'dataset_produces_1', 'dataset_consumes_1', 'dataset_produces_2', 'dataset_consumes_1_never_scheduled']) retrieved from /home/laptop24h/Project/HUST/datn/venv/lib/python3.10/site-packages/airflow/example_dags/example_datasets.py
[2024-06-27T10:42:49.344+0700] {logging_mixin.py:150} INFO - [2024-06-27T10:42:49.344+0700] {manager.py:504} INFO - Created Permission View: can read on DAG:dataset_consumes_1_and_2
[2024-06-27T10:42:49.354+0700] {logging_mixin.py:150} INFO - [2024-06-27T10:42:49.354+0700] {manager.py:504} INFO - Created Permission View: can edit on DAG:dataset_consumes_1_and_2
[2024-06-27T10:42:49.377+0700] {logging_mixin.py:150} INFO - [2024-06-27T10:42:49.376+0700] {manager.py:504} INFO - Created Permission View: can delete on DAG:dataset_consumes_1_and_2
[2024-06-27T10:42:49.401+0700] {logging_mixin.py:150} INFO - [2024-06-27T10:42:49.400+0700] {manager.py:504} INFO - Created Permission View: can read on DAG:dataset_consumes_unknown_never_scheduled
[2024-06-27T10:42:49.408+0700] {logging_mixin.py:150} INFO - [2024-06-27T10:42:49.407+0700] {manager.py:504} INFO - Created Permission View: can edit on DAG:dataset_consumes_unknown_never_scheduled
[2024-06-27T10:42:49.415+0700] {logging_mixin.py:150} INFO - [2024-06-27T10:42:49.414+0700] {manager.py:504} INFO - Created Permission View: can delete on DAG:dataset_consumes_unknown_never_scheduled
[2024-06-27T10:42:49.431+0700] {logging_mixin.py:150} INFO - [2024-06-27T10:42:49.431+0700] {manager.py:504} INFO - Created Permission View: can read on DAG:dataset_produces_1
[2024-06-27T10:42:49.438+0700] {logging_mixin.py:150} INFO - [2024-06-27T10:42:49.438+0700] {manager.py:504} INFO - Created Permission View: can edit on DAG:dataset_produces_1
[2024-06-27T10:42:49.445+0700] {logging_mixin.py:150} INFO - [2024-06-27T10:42:49.445+0700] {manager.py:504} INFO - Created Permission View: can delete on DAG:dataset_produces_1
[2024-06-27T10:42:49.463+0700] {logging_mixin.py:150} INFO - [2024-06-27T10:42:49.463+0700] {manager.py:504} INFO - Created Permission View: can read on DAG:dataset_consumes_1
[2024-06-27T10:42:49.470+0700] {logging_mixin.py:150} INFO - [2024-06-27T10:42:49.469+0700] {manager.py:504} INFO - Created Permission View: can edit on DAG:dataset_consumes_1
[2024-06-27T10:42:49.477+0700] {logging_mixin.py:150} INFO - [2024-06-27T10:42:49.477+0700] {manager.py:504} INFO - Created Permission View: can delete on DAG:dataset_consumes_1
[2024-06-27T10:42:49.494+0700] {logging_mixin.py:150} INFO - [2024-06-27T10:42:49.494+0700] {manager.py:504} INFO - Created Permission View: can read on DAG:dataset_produces_2
[2024-06-27T10:42:49.502+0700] {logging_mixin.py:150} INFO - [2024-06-27T10:42:49.502+0700] {manager.py:504} INFO - Created Permission View: can edit on DAG:dataset_produces_2
[2024-06-27T10:42:49.508+0700] {logging_mixin.py:150} INFO - [2024-06-27T10:42:49.508+0700] {manager.py:504} INFO - Created Permission View: can delete on DAG:dataset_produces_2
[2024-06-27T10:42:49.527+0700] {logging_mixin.py:150} INFO - [2024-06-27T10:42:49.527+0700] {manager.py:504} INFO - Created Permission View: can read on DAG:dataset_consumes_1_never_scheduled
[2024-06-27T10:42:49.535+0700] {logging_mixin.py:150} INFO - [2024-06-27T10:42:49.534+0700] {manager.py:504} INFO - Created Permission View: can edit on DAG:dataset_consumes_1_never_scheduled
[2024-06-27T10:42:49.542+0700] {logging_mixin.py:150} INFO - [2024-06-27T10:42:49.541+0700] {manager.py:504} INFO - Created Permission View: can delete on DAG:dataset_consumes_1_never_scheduled
[2024-06-27T10:42:49.546+0700] {logging_mixin.py:150} INFO - [2024-06-27T10:42:49.546+0700] {dag.py:2742} INFO - Sync 6 DAGs
[2024-06-27T10:42:49.555+0700] {logging_mixin.py:150} INFO - [2024-06-27T10:42:49.554+0700] {dag.py:2763} INFO - Creating ORM DAG for dataset_produces_2
[2024-06-27T10:42:49.555+0700] {logging_mixin.py:150} INFO - [2024-06-27T10:42:49.555+0700] {dag.py:2763} INFO - Creating ORM DAG for dataset_consumes_1
[2024-06-27T10:42:49.555+0700] {logging_mixin.py:150} INFO - [2024-06-27T10:42:49.555+0700] {dag.py:2763} INFO - Creating ORM DAG for dataset_consumes_1_and_2
[2024-06-27T10:42:49.556+0700] {logging_mixin.py:150} INFO - [2024-06-27T10:42:49.556+0700] {dag.py:2763} INFO - Creating ORM DAG for dataset_consumes_unknown_never_scheduled
[2024-06-27T10:42:49.556+0700] {logging_mixin.py:150} INFO - [2024-06-27T10:42:49.556+0700] {dag.py:2763} INFO - Creating ORM DAG for dataset_consumes_1_never_scheduled
[2024-06-27T10:42:49.557+0700] {logging_mixin.py:150} INFO - [2024-06-27T10:42:49.557+0700] {dag.py:2763} INFO - Creating ORM DAG for dataset_produces_1
[2024-06-27T10:42:49.564+0700] {logging_mixin.py:150} INFO - [2024-06-27T10:42:49.564+0700] {dag.py:3504} INFO - Setting next_dagrun for dataset_consumes_1 to None, run_after=None
[2024-06-27T10:42:49.565+0700] {logging_mixin.py:150} INFO - [2024-06-27T10:42:49.565+0700] {dag.py:3504} INFO - Setting next_dagrun for dataset_consumes_1_and_2 to None, run_after=None
[2024-06-27T10:42:49.565+0700] {logging_mixin.py:150} INFO - [2024-06-27T10:42:49.565+0700] {dag.py:3504} INFO - Setting next_dagrun for dataset_consumes_1_never_scheduled to None, run_after=None
[2024-06-27T10:42:49.566+0700] {logging_mixin.py:150} INFO - [2024-06-27T10:42:49.566+0700] {dag.py:3504} INFO - Setting next_dagrun for dataset_consumes_unknown_never_scheduled to None, run_after=None
[2024-06-27T10:42:49.567+0700] {logging_mixin.py:150} INFO - [2024-06-27T10:42:49.567+0700] {dag.py:3504} INFO - Setting next_dagrun for dataset_produces_1 to 2024-06-26T00:00:00+00:00, run_after=2024-06-27T00:00:00+00:00
[2024-06-27T10:42:49.568+0700] {logging_mixin.py:150} INFO - [2024-06-27T10:42:49.568+0700] {dag.py:3504} INFO - Setting next_dagrun for dataset_produces_2 to None, run_after=None
[2024-06-27T10:42:49.599+0700] {processor.py:179} INFO - Processing /home/laptop24h/Project/HUST/datn/venv/lib/python3.10/site-packages/airflow/example_dags/example_datasets.py took 0.366 seconds
[2024-06-27T10:43:41.271+0700] {processor.py:157} INFO - Started process (PID=23535) to work on /home/laptop24h/Project/HUST/datn/venv/lib/python3.10/site-packages/airflow/example_dags/example_datasets.py
[2024-06-27T10:43:41.277+0700] {processor.py:826} INFO - Processing file /home/laptop24h/Project/HUST/datn/venv/lib/python3.10/site-packages/airflow/example_dags/example_datasets.py for tasks to queue
[2024-06-27T10:43:41.280+0700] {logging_mixin.py:150} INFO - [2024-06-27T10:43:41.279+0700] {dagbag.py:541} INFO - Filling up the DagBag from /home/laptop24h/Project/HUST/datn/venv/lib/python3.10/site-packages/airflow/example_dags/example_datasets.py
[2024-06-27T10:43:41.313+0700] {processor.py:836} INFO - DAG(s) dict_keys(['dataset_consumes_1', 'dataset_produces_1', 'dataset_consumes_unknown_never_scheduled', 'dataset_consumes_1_never_scheduled', 'dataset_consumes_1_and_2', 'dataset_produces_2']) retrieved from /home/laptop24h/Project/HUST/datn/venv/lib/python3.10/site-packages/airflow/example_dags/example_datasets.py
[2024-06-27T10:43:41.394+0700] {logging_mixin.py:150} INFO - [2024-06-27T10:43:41.394+0700] {dag.py:2742} INFO - Sync 6 DAGs
[2024-06-27T10:43:41.430+0700] {logging_mixin.py:150} INFO - [2024-06-27T10:43:41.429+0700] {dag.py:3504} INFO - Setting next_dagrun for dataset_consumes_1 to None, run_after=None
[2024-06-27T10:43:41.434+0700] {logging_mixin.py:150} INFO - [2024-06-27T10:43:41.434+0700] {dag.py:3504} INFO - Setting next_dagrun for dataset_consumes_1_and_2 to None, run_after=None
[2024-06-27T10:43:41.436+0700] {logging_mixin.py:150} INFO - [2024-06-27T10:43:41.436+0700] {dag.py:3504} INFO - Setting next_dagrun for dataset_consumes_1_never_scheduled to None, run_after=None
[2024-06-27T10:43:41.438+0700] {logging_mixin.py:150} INFO - [2024-06-27T10:43:41.437+0700] {dag.py:3504} INFO - Setting next_dagrun for dataset_consumes_unknown_never_scheduled to None, run_after=None
[2024-06-27T10:43:41.442+0700] {logging_mixin.py:150} INFO - [2024-06-27T10:43:41.442+0700] {dag.py:3504} INFO - Setting next_dagrun for dataset_produces_1 to 2024-06-26T00:00:00+00:00, run_after=2024-06-27T00:00:00+00:00
[2024-06-27T10:43:41.443+0700] {logging_mixin.py:150} INFO - [2024-06-27T10:43:41.443+0700] {dag.py:3504} INFO - Setting next_dagrun for dataset_produces_2 to None, run_after=None
[2024-06-27T10:43:41.496+0700] {processor.py:179} INFO - Processing /home/laptop24h/Project/HUST/datn/venv/lib/python3.10/site-packages/airflow/example_dags/example_datasets.py took 0.232 seconds
