[2024-06-27T10:12:10.507+0700] {processor.py:157} INFO - Started process (PID=17533) to work on /home/laptop24h/Project/HUST/datn/venv/lib/python3.10/site-packages/airflow/example_dags/tutorial_taskflow_api_virtualenv.py
[2024-06-27T10:12:10.508+0700] {processor.py:826} INFO - Processing file /home/laptop24h/Project/HUST/datn/venv/lib/python3.10/site-packages/airflow/example_dags/tutorial_taskflow_api_virtualenv.py for tasks to queue
[2024-06-27T10:12:10.509+0700] {logging_mixin.py:150} INFO - [2024-06-27T10:12:10.508+0700] {dagbag.py:541} INFO - Filling up the DagBag from /home/laptop24h/Project/HUST/datn/venv/lib/python3.10/site-packages/airflow/example_dags/tutorial_taskflow_api_virtualenv.py
[2024-06-27T10:12:10.511+0700] {logging_mixin.py:150} INFO - [2024-06-27T10:12:10.511+0700] {tutorial_taskflow_api_virtualenv.py:29} WARNING - The tutorial_taskflow_api_virtualenv example DAG requires virtualenv, please install it.
[2024-06-27T10:12:10.511+0700] {processor.py:838} WARNING - No viable dags retrieved from /home/laptop24h/Project/HUST/datn/venv/lib/python3.10/site-packages/airflow/example_dags/tutorial_taskflow_api_virtualenv.py
[2024-06-27T10:12:10.522+0700] {processor.py:179} INFO - Processing /home/laptop24h/Project/HUST/datn/venv/lib/python3.10/site-packages/airflow/example_dags/tutorial_taskflow_api_virtualenv.py took 0.018 seconds
[2024-06-27T10:32:54.324+0700] {processor.py:157} INFO - Started process (PID=21154) to work on /home/laptop24h/Project/HUST/datn/venv/lib/python3.10/site-packages/airflow/example_dags/tutorial_taskflow_api_virtualenv.py
[2024-06-27T10:32:54.328+0700] {processor.py:826} INFO - Processing file /home/laptop24h/Project/HUST/datn/venv/lib/python3.10/site-packages/airflow/example_dags/tutorial_taskflow_api_virtualenv.py for tasks to queue
[2024-06-27T10:32:54.330+0700] {logging_mixin.py:150} INFO - [2024-06-27T10:32:54.329+0700] {dagbag.py:541} INFO - Filling up the DagBag from /home/laptop24h/Project/HUST/datn/venv/lib/python3.10/site-packages/airflow/example_dags/tutorial_taskflow_api_virtualenv.py
[2024-06-27T10:32:54.334+0700] {logging_mixin.py:150} INFO - [2024-06-27T10:32:54.334+0700] {tutorial_taskflow_api_virtualenv.py:29} WARNING - The tutorial_taskflow_api_virtualenv example DAG requires virtualenv, please install it.
[2024-06-27T10:32:54.334+0700] {processor.py:838} WARNING - No viable dags retrieved from /home/laptop24h/Project/HUST/datn/venv/lib/python3.10/site-packages/airflow/example_dags/tutorial_taskflow_api_virtualenv.py
[2024-06-27T10:32:54.351+0700] {processor.py:179} INFO - Processing /home/laptop24h/Project/HUST/datn/venv/lib/python3.10/site-packages/airflow/example_dags/tutorial_taskflow_api_virtualenv.py took 0.030 seconds
[2024-06-27T10:39:11.515+0700] {processor.py:157} INFO - Started process (PID=22278) to work on /home/laptop24h/Project/HUST/datn/venv/lib/python3.10/site-packages/airflow/example_dags/tutorial_taskflow_api_virtualenv.py
[2024-06-27T10:39:11.519+0700] {processor.py:826} INFO - Processing file /home/laptop24h/Project/HUST/datn/venv/lib/python3.10/site-packages/airflow/example_dags/tutorial_taskflow_api_virtualenv.py for tasks to queue
[2024-06-27T10:39:11.520+0700] {logging_mixin.py:150} INFO - [2024-06-27T10:39:11.519+0700] {dagbag.py:541} INFO - Filling up the DagBag from /home/laptop24h/Project/HUST/datn/venv/lib/python3.10/site-packages/airflow/example_dags/tutorial_taskflow_api_virtualenv.py
[2024-06-27T10:39:11.522+0700] {logging_mixin.py:150} INFO - [2024-06-27T10:39:11.522+0700] {tutorial_taskflow_api_virtualenv.py:29} WARNING - The tutorial_taskflow_api_virtualenv example DAG requires virtualenv, please install it.
[2024-06-27T10:39:11.522+0700] {processor.py:838} WARNING - No viable dags retrieved from /home/laptop24h/Project/HUST/datn/venv/lib/python3.10/site-packages/airflow/example_dags/tutorial_taskflow_api_virtualenv.py
[2024-06-27T10:39:11.533+0700] {processor.py:179} INFO - Processing /home/laptop24h/Project/HUST/datn/venv/lib/python3.10/site-packages/airflow/example_dags/tutorial_taskflow_api_virtualenv.py took 0.022 seconds
[2024-06-27T10:42:09.638+0700] {processor.py:157} INFO - Started process (PID=23162) to work on /home/laptop24h/Project/HUST/datn/venv/lib/python3.10/site-packages/airflow/example_dags/tutorial_taskflow_api_virtualenv.py
[2024-06-27T10:42:09.643+0700] {processor.py:826} INFO - Processing file /home/laptop24h/Project/HUST/datn/venv/lib/python3.10/site-packages/airflow/example_dags/tutorial_taskflow_api_virtualenv.py for tasks to queue
[2024-06-27T10:42:09.644+0700] {logging_mixin.py:150} INFO - [2024-06-27T10:42:09.643+0700] {dagbag.py:541} INFO - Filling up the DagBag from /home/laptop24h/Project/HUST/datn/venv/lib/python3.10/site-packages/airflow/example_dags/tutorial_taskflow_api_virtualenv.py
[2024-06-27T10:42:09.646+0700] {logging_mixin.py:150} INFO - [2024-06-27T10:42:09.646+0700] {tutorial_taskflow_api_virtualenv.py:29} WARNING - The tutorial_taskflow_api_virtualenv example DAG requires virtualenv, please install it.
[2024-06-27T10:42:09.646+0700] {processor.py:838} WARNING - No viable dags retrieved from /home/laptop24h/Project/HUST/datn/venv/lib/python3.10/site-packages/airflow/example_dags/tutorial_taskflow_api_virtualenv.py
[2024-06-27T10:42:09.656+0700] {processor.py:179} INFO - Processing /home/laptop24h/Project/HUST/datn/venv/lib/python3.10/site-packages/airflow/example_dags/tutorial_taskflow_api_virtualenv.py took 0.021 seconds
[2024-06-27T10:43:02.297+0700] {processor.py:157} INFO - Started process (PID=23383) to work on /home/laptop24h/Project/HUST/datn/venv/lib/python3.10/site-packages/airflow/example_dags/tutorial_taskflow_api_virtualenv.py
[2024-06-27T10:43:02.302+0700] {processor.py:826} INFO - Processing file /home/laptop24h/Project/HUST/datn/venv/lib/python3.10/site-packages/airflow/example_dags/tutorial_taskflow_api_virtualenv.py for tasks to queue
[2024-06-27T10:43:02.303+0700] {logging_mixin.py:150} INFO - [2024-06-27T10:43:02.303+0700] {dagbag.py:541} INFO - Filling up the DagBag from /home/laptop24h/Project/HUST/datn/venv/lib/python3.10/site-packages/airflow/example_dags/tutorial_taskflow_api_virtualenv.py
[2024-06-27T10:43:02.308+0700] {logging_mixin.py:150} INFO - [2024-06-27T10:43:02.307+0700] {tutorial_taskflow_api_virtualenv.py:29} WARNING - The tutorial_taskflow_api_virtualenv example DAG requires virtualenv, please install it.
[2024-06-27T10:43:02.308+0700] {processor.py:838} WARNING - No viable dags retrieved from /home/laptop24h/Project/HUST/datn/venv/lib/python3.10/site-packages/airflow/example_dags/tutorial_taskflow_api_virtualenv.py
[2024-06-27T10:43:02.325+0700] {processor.py:179} INFO - Processing /home/laptop24h/Project/HUST/datn/venv/lib/python3.10/site-packages/airflow/example_dags/tutorial_taskflow_api_virtualenv.py took 0.035 seconds
[2024-06-27T10:43:46.467+0700] {processor.py:157} INFO - Started process (PID=23552) to work on /home/laptop24h/Project/HUST/datn/venv/lib/python3.10/site-packages/airflow/example_dags/tutorial_taskflow_api_virtualenv.py
[2024-06-27T10:43:46.473+0700] {processor.py:826} INFO - Processing file /home/laptop24h/Project/HUST/datn/venv/lib/python3.10/site-packages/airflow/example_dags/tutorial_taskflow_api_virtualenv.py for tasks to queue
[2024-06-27T10:43:46.477+0700] {logging_mixin.py:150} INFO - [2024-06-27T10:43:46.476+0700] {dagbag.py:541} INFO - Filling up the DagBag from /home/laptop24h/Project/HUST/datn/venv/lib/python3.10/site-packages/airflow/example_dags/tutorial_taskflow_api_virtualenv.py
[2024-06-27T10:43:46.484+0700] {logging_mixin.py:150} INFO - [2024-06-27T10:43:46.484+0700] {tutorial_taskflow_api_virtualenv.py:29} WARNING - The tutorial_taskflow_api_virtualenv example DAG requires virtualenv, please install it.
[2024-06-27T10:43:46.485+0700] {processor.py:838} WARNING - No viable dags retrieved from /home/laptop24h/Project/HUST/datn/venv/lib/python3.10/site-packages/airflow/example_dags/tutorial_taskflow_api_virtualenv.py
[2024-06-27T10:43:46.513+0700] {processor.py:179} INFO - Processing /home/laptop24h/Project/HUST/datn/venv/lib/python3.10/site-packages/airflow/example_dags/tutorial_taskflow_api_virtualenv.py took 0.056 seconds
