[2024-06-27T10:12:16.806+0700] {processor.py:157} INFO - Started process (PID=17605) to work on /home/laptop24h/Project/HUST/datn/venv/lib/python3.10/site-packages/airflow/example_dags/tutorial_taskflow_api.py
[2024-06-27T10:12:16.807+0700] {processor.py:826} INFO - Processing file /home/laptop24h/Project/HUST/datn/venv/lib/python3.10/site-packages/airflow/example_dags/tutorial_taskflow_api.py for tasks to queue
[2024-06-27T10:12:16.808+0700] {logging_mixin.py:150} INFO - [2024-06-27T10:12:16.808+0700] {dagbag.py:541} INFO - Filling up the DagBag from /home/laptop24h/Project/HUST/datn/venv/lib/python3.10/site-packages/airflow/example_dags/tutorial_taskflow_api.py
[2024-06-27T10:12:16.816+0700] {processor.py:836} INFO - DAG(s) dict_keys(['tutorial_taskflow_api']) retrieved from /home/laptop24h/Project/HUST/datn/venv/lib/python3.10/site-packages/airflow/example_dags/tutorial_taskflow_api.py
[2024-06-27T10:12:16.914+0700] {logging_mixin.py:150} INFO - [2024-06-27T10:12:16.913+0700] {manager.py:504} INFO - Created Permission View: can read on DAG:tutorial_taskflow_api
[2024-06-27T10:12:16.927+0700] {logging_mixin.py:150} INFO - [2024-06-27T10:12:16.926+0700] {manager.py:504} INFO - Created Permission View: can edit on DAG:tutorial_taskflow_api
[2024-06-27T10:12:16.934+0700] {logging_mixin.py:150} INFO - [2024-06-27T10:12:16.934+0700] {manager.py:504} INFO - Created Permission View: can delete on DAG:tutorial_taskflow_api
[2024-06-27T10:12:16.946+0700] {logging_mixin.py:150} INFO - [2024-06-27T10:12:16.946+0700] {dag.py:2742} INFO - Sync 1 DAGs
[2024-06-27T10:12:16.957+0700] {logging_mixin.py:150} INFO - [2024-06-27T10:12:16.957+0700] {dag.py:2763} INFO - Creating ORM DAG for tutorial_taskflow_api
[2024-06-27T10:12:16.969+0700] {logging_mixin.py:150} INFO - [2024-06-27T10:12:16.969+0700] {dag.py:3504} INFO - Setting next_dagrun for tutorial_taskflow_api to None, run_after=None
[2024-06-27T10:12:16.995+0700] {processor.py:179} INFO - Processing /home/laptop24h/Project/HUST/datn/venv/lib/python3.10/site-packages/airflow/example_dags/tutorial_taskflow_api.py took 0.192 seconds
[2024-06-27T10:42:15.510+0700] {processor.py:157} INFO - Started process (PID=23209) to work on /home/laptop24h/Project/HUST/datn/venv/lib/python3.10/site-packages/airflow/example_dags/tutorial_taskflow_api.py
[2024-06-27T10:42:15.515+0700] {processor.py:826} INFO - Processing file /home/laptop24h/Project/HUST/datn/venv/lib/python3.10/site-packages/airflow/example_dags/tutorial_taskflow_api.py for tasks to queue
[2024-06-27T10:42:15.517+0700] {logging_mixin.py:150} INFO - [2024-06-27T10:42:15.516+0700] {dagbag.py:541} INFO - Filling up the DagBag from /home/laptop24h/Project/HUST/datn/venv/lib/python3.10/site-packages/airflow/example_dags/tutorial_taskflow_api.py
[2024-06-27T10:42:15.530+0700] {processor.py:836} INFO - DAG(s) dict_keys(['tutorial_taskflow_api']) retrieved from /home/laptop24h/Project/HUST/datn/venv/lib/python3.10/site-packages/airflow/example_dags/tutorial_taskflow_api.py
[2024-06-27T10:42:15.553+0700] {logging_mixin.py:150} INFO - [2024-06-27T10:42:15.552+0700] {dag.py:2742} INFO - Sync 1 DAGs
[2024-06-27T10:42:15.570+0700] {logging_mixin.py:150} INFO - [2024-06-27T10:42:15.570+0700] {dag.py:3504} INFO - Setting next_dagrun for tutorial_taskflow_api to None, run_after=None
[2024-06-27T10:42:15.593+0700] {processor.py:179} INFO - Processing /home/laptop24h/Project/HUST/datn/venv/lib/python3.10/site-packages/airflow/example_dags/tutorial_taskflow_api.py took 0.089 seconds
[2024-06-27T10:43:07.129+0700] {processor.py:157} INFO - Started process (PID=23415) to work on /home/laptop24h/Project/HUST/datn/venv/lib/python3.10/site-packages/airflow/example_dags/tutorial_taskflow_api.py
[2024-06-27T10:43:07.134+0700] {processor.py:826} INFO - Processing file /home/laptop24h/Project/HUST/datn/venv/lib/python3.10/site-packages/airflow/example_dags/tutorial_taskflow_api.py for tasks to queue
[2024-06-27T10:43:07.136+0700] {logging_mixin.py:150} INFO - [2024-06-27T10:43:07.135+0700] {dagbag.py:541} INFO - Filling up the DagBag from /home/laptop24h/Project/HUST/datn/venv/lib/python3.10/site-packages/airflow/example_dags/tutorial_taskflow_api.py
[2024-06-27T10:43:07.144+0700] {processor.py:836} INFO - DAG(s) dict_keys(['tutorial_taskflow_api']) retrieved from /home/laptop24h/Project/HUST/datn/venv/lib/python3.10/site-packages/airflow/example_dags/tutorial_taskflow_api.py
[2024-06-27T10:43:07.160+0700] {logging_mixin.py:150} INFO - [2024-06-27T10:43:07.160+0700] {dag.py:2742} INFO - Sync 1 DAGs
[2024-06-27T10:43:07.178+0700] {logging_mixin.py:150} INFO - [2024-06-27T10:43:07.178+0700] {dag.py:3504} INFO - Setting next_dagrun for tutorial_taskflow_api to None, run_after=None
[2024-06-27T10:43:07.197+0700] {processor.py:179} INFO - Processing /home/laptop24h/Project/HUST/datn/venv/lib/python3.10/site-packages/airflow/example_dags/tutorial_taskflow_api.py took 0.074 seconds
[2024-06-27T10:43:51.592+0700] {processor.py:157} INFO - Started process (PID=23577) to work on /home/laptop24h/Project/HUST/datn/venv/lib/python3.10/site-packages/airflow/example_dags/tutorial_taskflow_api.py
[2024-06-27T10:43:51.596+0700] {processor.py:826} INFO - Processing file /home/laptop24h/Project/HUST/datn/venv/lib/python3.10/site-packages/airflow/example_dags/tutorial_taskflow_api.py for tasks to queue
[2024-06-27T10:43:51.597+0700] {logging_mixin.py:150} INFO - [2024-06-27T10:43:51.597+0700] {dagbag.py:541} INFO - Filling up the DagBag from /home/laptop24h/Project/HUST/datn/venv/lib/python3.10/site-packages/airflow/example_dags/tutorial_taskflow_api.py
[2024-06-27T10:43:51.604+0700] {processor.py:836} INFO - DAG(s) dict_keys(['tutorial_taskflow_api']) retrieved from /home/laptop24h/Project/HUST/datn/venv/lib/python3.10/site-packages/airflow/example_dags/tutorial_taskflow_api.py
[2024-06-27T10:43:51.622+0700] {logging_mixin.py:150} INFO - [2024-06-27T10:43:51.622+0700] {dag.py:2742} INFO - Sync 1 DAGs
[2024-06-27T10:43:51.656+0700] {logging_mixin.py:150} INFO - [2024-06-27T10:43:51.656+0700] {dag.py:3504} INFO - Setting next_dagrun for tutorial_taskflow_api to None, run_after=None
[2024-06-27T10:43:51.690+0700] {processor.py:179} INFO - Processing /home/laptop24h/Project/HUST/datn/venv/lib/python3.10/site-packages/airflow/example_dags/tutorial_taskflow_api.py took 0.101 seconds
