[2024-06-27T10:12:09.333+0700] {processor.py:157} INFO - Started process (PID=17529) to work on /home/laptop24h/Project/HUST/datn/venv/lib/python3.10/site-packages/airflow/example_dags/subdags/subdag.py
[2024-06-27T10:12:09.334+0700] {processor.py:826} INFO - Processing file /home/laptop24h/Project/HUST/datn/venv/lib/python3.10/site-packages/airflow/example_dags/subdags/subdag.py for tasks to queue
[2024-06-27T10:12:09.335+0700] {logging_mixin.py:150} INFO - [2024-06-27T10:12:09.334+0700] {dagbag.py:541} INFO - Filling up the DagBag from /home/laptop24h/Project/HUST/datn/venv/lib/python3.10/site-packages/airflow/example_dags/subdags/subdag.py
[2024-06-27T10:12:09.337+0700] {processor.py:838} WARNING - No viable dags retrieved from /home/laptop24h/Project/HUST/datn/venv/lib/python3.10/site-packages/airflow/example_dags/subdags/subdag.py
[2024-06-27T10:12:09.347+0700] {processor.py:179} INFO - Processing /home/laptop24h/Project/HUST/datn/venv/lib/python3.10/site-packages/airflow/example_dags/subdags/subdag.py took 0.018 seconds
[2024-06-27T10:32:53.161+0700] {processor.py:157} INFO - Started process (PID=21147) to work on /home/laptop24h/Project/HUST/datn/venv/lib/python3.10/site-packages/airflow/example_dags/subdags/subdag.py
[2024-06-27T10:32:53.167+0700] {processor.py:826} INFO - Processing file /home/laptop24h/Project/HUST/datn/venv/lib/python3.10/site-packages/airflow/example_dags/subdags/subdag.py for tasks to queue
[2024-06-27T10:32:53.169+0700] {logging_mixin.py:150} INFO - [2024-06-27T10:32:53.168+0700] {dagbag.py:541} INFO - Filling up the DagBag from /home/laptop24h/Project/HUST/datn/venv/lib/python3.10/site-packages/airflow/example_dags/subdags/subdag.py
[2024-06-27T10:32:53.174+0700] {processor.py:838} WARNING - No viable dags retrieved from /home/laptop24h/Project/HUST/datn/venv/lib/python3.10/site-packages/airflow/example_dags/subdags/subdag.py
[2024-06-27T10:32:53.192+0700] {processor.py:179} INFO - Processing /home/laptop24h/Project/HUST/datn/venv/lib/python3.10/site-packages/airflow/example_dags/subdags/subdag.py took 0.037 seconds
[2024-06-27T10:39:10.335+0700] {processor.py:157} INFO - Started process (PID=22258) to work on /home/laptop24h/Project/HUST/datn/venv/lib/python3.10/site-packages/airflow/example_dags/subdags/subdag.py
[2024-06-27T10:39:10.339+0700] {processor.py:826} INFO - Processing file /home/laptop24h/Project/HUST/datn/venv/lib/python3.10/site-packages/airflow/example_dags/subdags/subdag.py for tasks to queue
[2024-06-27T10:39:10.340+0700] {logging_mixin.py:150} INFO - [2024-06-27T10:39:10.340+0700] {dagbag.py:541} INFO - Filling up the DagBag from /home/laptop24h/Project/HUST/datn/venv/lib/python3.10/site-packages/airflow/example_dags/subdags/subdag.py
[2024-06-27T10:39:10.342+0700] {processor.py:838} WARNING - No viable dags retrieved from /home/laptop24h/Project/HUST/datn/venv/lib/python3.10/site-packages/airflow/example_dags/subdags/subdag.py
[2024-06-27T10:39:10.352+0700] {processor.py:179} INFO - Processing /home/laptop24h/Project/HUST/datn/venv/lib/python3.10/site-packages/airflow/example_dags/subdags/subdag.py took 0.019 seconds
[2024-06-27T10:40:40.479+0700] {processor.py:157} INFO - Started process (PID=22720) to work on /home/laptop24h/Project/HUST/datn/venv/lib/python3.10/site-packages/airflow/example_dags/subdags/subdag.py
[2024-06-27T10:40:40.484+0700] {processor.py:826} INFO - Processing file /home/laptop24h/Project/HUST/datn/venv/lib/python3.10/site-packages/airflow/example_dags/subdags/subdag.py for tasks to queue
[2024-06-27T10:40:40.485+0700] {logging_mixin.py:150} INFO - [2024-06-27T10:40:40.484+0700] {dagbag.py:541} INFO - Filling up the DagBag from /home/laptop24h/Project/HUST/datn/venv/lib/python3.10/site-packages/airflow/example_dags/subdags/subdag.py
[2024-06-27T10:40:40.487+0700] {processor.py:838} WARNING - No viable dags retrieved from /home/laptop24h/Project/HUST/datn/venv/lib/python3.10/site-packages/airflow/example_dags/subdags/subdag.py
[2024-06-27T10:40:40.496+0700] {processor.py:179} INFO - Processing /home/laptop24h/Project/HUST/datn/venv/lib/python3.10/site-packages/airflow/example_dags/subdags/subdag.py took 0.019 seconds
[2024-06-27T10:42:08.459+0700] {processor.py:157} INFO - Started process (PID=23155) to work on /home/laptop24h/Project/HUST/datn/venv/lib/python3.10/site-packages/airflow/example_dags/subdags/subdag.py
[2024-06-27T10:42:08.467+0700] {processor.py:826} INFO - Processing file /home/laptop24h/Project/HUST/datn/venv/lib/python3.10/site-packages/airflow/example_dags/subdags/subdag.py for tasks to queue
[2024-06-27T10:42:08.469+0700] {logging_mixin.py:150} INFO - [2024-06-27T10:42:08.468+0700] {dagbag.py:541} INFO - Filling up the DagBag from /home/laptop24h/Project/HUST/datn/venv/lib/python3.10/site-packages/airflow/example_dags/subdags/subdag.py
[2024-06-27T10:42:08.473+0700] {processor.py:838} WARNING - No viable dags retrieved from /home/laptop24h/Project/HUST/datn/venv/lib/python3.10/site-packages/airflow/example_dags/subdags/subdag.py
[2024-06-27T10:42:08.489+0700] {processor.py:179} INFO - Processing /home/laptop24h/Project/HUST/datn/venv/lib/python3.10/site-packages/airflow/example_dags/subdags/subdag.py took 0.035 seconds
[2024-06-27T10:43:01.142+0700] {processor.py:157} INFO - Started process (PID=23378) to work on /home/laptop24h/Project/HUST/datn/venv/lib/python3.10/site-packages/airflow/example_dags/subdags/subdag.py
[2024-06-27T10:43:01.147+0700] {processor.py:826} INFO - Processing file /home/laptop24h/Project/HUST/datn/venv/lib/python3.10/site-packages/airflow/example_dags/subdags/subdag.py for tasks to queue
[2024-06-27T10:43:01.148+0700] {logging_mixin.py:150} INFO - [2024-06-27T10:43:01.148+0700] {dagbag.py:541} INFO - Filling up the DagBag from /home/laptop24h/Project/HUST/datn/venv/lib/python3.10/site-packages/airflow/example_dags/subdags/subdag.py
[2024-06-27T10:43:01.152+0700] {processor.py:838} WARNING - No viable dags retrieved from /home/laptop24h/Project/HUST/datn/venv/lib/python3.10/site-packages/airflow/example_dags/subdags/subdag.py
[2024-06-27T10:43:01.168+0700] {processor.py:179} INFO - Processing /home/laptop24h/Project/HUST/datn/venv/lib/python3.10/site-packages/airflow/example_dags/subdags/subdag.py took 0.031 seconds
[2024-06-27T10:43:45.264+0700] {processor.py:157} INFO - Started process (PID=23545) to work on /home/laptop24h/Project/HUST/datn/venv/lib/python3.10/site-packages/airflow/example_dags/subdags/subdag.py
[2024-06-27T10:43:45.272+0700] {processor.py:826} INFO - Processing file /home/laptop24h/Project/HUST/datn/venv/lib/python3.10/site-packages/airflow/example_dags/subdags/subdag.py for tasks to queue
[2024-06-27T10:43:45.274+0700] {logging_mixin.py:150} INFO - [2024-06-27T10:43:45.273+0700] {dagbag.py:541} INFO - Filling up the DagBag from /home/laptop24h/Project/HUST/datn/venv/lib/python3.10/site-packages/airflow/example_dags/subdags/subdag.py
[2024-06-27T10:43:45.279+0700] {processor.py:838} WARNING - No viable dags retrieved from /home/laptop24h/Project/HUST/datn/venv/lib/python3.10/site-packages/airflow/example_dags/subdags/subdag.py
[2024-06-27T10:43:45.300+0700] {processor.py:179} INFO - Processing /home/laptop24h/Project/HUST/datn/venv/lib/python3.10/site-packages/airflow/example_dags/subdags/subdag.py took 0.045 seconds
