[2024-06-30T21:11:10.989+0700] {processor.py:157} INFO - Started process (PID=54619) to work on /home/laptop24h/Project/HUST/datn/venv/lib/python3.10/site-packages/airflow/example_dags/example_xcomargs.py
[2024-06-30T21:11:10.990+0700] {processor.py:826} INFO - Processing file /home/laptop24h/Project/HUST/datn/venv/lib/python3.10/site-packages/airflow/example_dags/example_xcomargs.py for tasks to queue
[2024-06-30T21:11:10.990+0700] {logging_mixin.py:150} INFO - [2024-06-30T21:11:10.990+0700] {dagbag.py:541} INFO - Filling up the DagBag from /home/laptop24h/Project/HUST/datn/venv/lib/python3.10/site-packages/airflow/example_dags/example_xcomargs.py
[2024-06-30T21:11:11.000+0700] {processor.py:836} INFO - DAG(s) dict_keys(['example_xcom_args_with_operators', 'example_xcom_args']) retrieved from /home/laptop24h/Project/HUST/datn/venv/lib/python3.10/site-packages/airflow/example_dags/example_xcomargs.py
[2024-06-30T21:11:11.022+0700] {logging_mixin.py:150} INFO - [2024-06-30T21:11:11.022+0700] {dag.py:2742} INFO - Sync 2 DAGs
[2024-06-30T21:11:11.039+0700] {logging_mixin.py:150} INFO - [2024-06-30T21:11:11.039+0700] {dag.py:3504} INFO - Setting next_dagrun for example_xcom_args to None, run_after=None
[2024-06-30T21:11:11.042+0700] {logging_mixin.py:150} INFO - [2024-06-30T21:11:11.042+0700] {dag.py:3504} INFO - Setting next_dagrun for example_xcom_args_with_operators to None, run_after=None
[2024-06-30T21:11:11.063+0700] {processor.py:179} INFO - Processing /home/laptop24h/Project/HUST/datn/venv/lib/python3.10/site-packages/airflow/example_dags/example_xcomargs.py took 0.077 seconds
[2024-06-30T21:22:51.096+0700] {processor.py:157} INFO - Started process (PID=56656) to work on /home/laptop24h/Project/HUST/datn/venv/lib/python3.10/site-packages/airflow/example_dags/example_xcomargs.py
[2024-06-30T21:22:51.101+0700] {processor.py:826} INFO - Processing file /home/laptop24h/Project/HUST/datn/venv/lib/python3.10/site-packages/airflow/example_dags/example_xcomargs.py for tasks to queue
[2024-06-30T21:22:51.103+0700] {logging_mixin.py:150} INFO - [2024-06-30T21:22:51.102+0700] {dagbag.py:541} INFO - Filling up the DagBag from /home/laptop24h/Project/HUST/datn/venv/lib/python3.10/site-packages/airflow/example_dags/example_xcomargs.py
[2024-06-30T21:22:51.120+0700] {processor.py:836} INFO - DAG(s) dict_keys(['example_xcom_args', 'example_xcom_args_with_operators']) retrieved from /home/laptop24h/Project/HUST/datn/venv/lib/python3.10/site-packages/airflow/example_dags/example_xcomargs.py
[2024-06-30T21:22:51.147+0700] {logging_mixin.py:150} INFO - [2024-06-30T21:22:51.147+0700] {dag.py:2742} INFO - Sync 2 DAGs
[2024-06-30T21:22:51.164+0700] {logging_mixin.py:150} INFO - [2024-06-30T21:22:51.164+0700] {dag.py:3504} INFO - Setting next_dagrun for example_xcom_args to None, run_after=None
[2024-06-30T21:22:51.166+0700] {logging_mixin.py:150} INFO - [2024-06-30T21:22:51.166+0700] {dag.py:3504} INFO - Setting next_dagrun for example_xcom_args_with_operators to None, run_after=None
[2024-06-30T21:22:51.191+0700] {processor.py:179} INFO - Processing /home/laptop24h/Project/HUST/datn/venv/lib/python3.10/site-packages/airflow/example_dags/example_xcomargs.py took 0.100 seconds
[2024-06-30T21:24:06.421+0700] {processor.py:157} INFO - Started process (PID=57196) to work on /home/laptop24h/Project/HUST/datn/venv/lib/python3.10/site-packages/airflow/example_dags/example_xcomargs.py
[2024-06-30T21:24:06.425+0700] {processor.py:826} INFO - Processing file /home/laptop24h/Project/HUST/datn/venv/lib/python3.10/site-packages/airflow/example_dags/example_xcomargs.py for tasks to queue
[2024-06-30T21:24:06.426+0700] {logging_mixin.py:150} INFO - [2024-06-30T21:24:06.426+0700] {dagbag.py:541} INFO - Filling up the DagBag from /home/laptop24h/Project/HUST/datn/venv/lib/python3.10/site-packages/airflow/example_dags/example_xcomargs.py
[2024-06-30T21:24:06.443+0700] {processor.py:836} INFO - DAG(s) dict_keys(['example_xcom_args_with_operators', 'example_xcom_args']) retrieved from /home/laptop24h/Project/HUST/datn/venv/lib/python3.10/site-packages/airflow/example_dags/example_xcomargs.py
[2024-06-30T21:24:06.469+0700] {logging_mixin.py:150} INFO - [2024-06-30T21:24:06.469+0700] {dag.py:2742} INFO - Sync 2 DAGs
[2024-06-30T21:24:06.486+0700] {logging_mixin.py:150} INFO - [2024-06-30T21:24:06.485+0700] {dag.py:3504} INFO - Setting next_dagrun for example_xcom_args to None, run_after=None
[2024-06-30T21:24:06.488+0700] {logging_mixin.py:150} INFO - [2024-06-30T21:24:06.488+0700] {dag.py:3504} INFO - Setting next_dagrun for example_xcom_args_with_operators to None, run_after=None
[2024-06-30T21:24:06.506+0700] {processor.py:179} INFO - Processing /home/laptop24h/Project/HUST/datn/venv/lib/python3.10/site-packages/airflow/example_dags/example_xcomargs.py took 0.090 seconds
