[2024-06-30T21:11:11.149+0700] {processor.py:157} INFO - Started process (PID=54620) to work on /home/laptop24h/Project/HUST/datn/venv/lib/python3.10/site-packages/airflow/example_dags/example_trigger_controller_dag.py
[2024-06-30T21:11:11.150+0700] {processor.py:826} INFO - Processing file /home/laptop24h/Project/HUST/datn/venv/lib/python3.10/site-packages/airflow/example_dags/example_trigger_controller_dag.py for tasks to queue
[2024-06-30T21:11:11.150+0700] {logging_mixin.py:150} INFO - [2024-06-30T21:11:11.150+0700] {dagbag.py:541} INFO - Filling up the DagBag from /home/laptop24h/Project/HUST/datn/venv/lib/python3.10/site-packages/airflow/example_dags/example_trigger_controller_dag.py
[2024-06-30T21:11:11.156+0700] {processor.py:836} INFO - DAG(s) dict_keys(['example_trigger_controller_dag']) retrieved from /home/laptop24h/Project/HUST/datn/venv/lib/python3.10/site-packages/airflow/example_dags/example_trigger_controller_dag.py
[2024-06-30T21:11:11.172+0700] {logging_mixin.py:150} INFO - [2024-06-30T21:11:11.172+0700] {dag.py:2742} INFO - Sync 1 DAGs
[2024-06-30T21:11:11.189+0700] {logging_mixin.py:150} INFO - [2024-06-30T21:11:11.189+0700] {dag.py:3504} INFO - Setting next_dagrun for example_trigger_controller_dag to 2021-01-01T00:00:00+00:00, run_after=2021-01-01T00:00:00+00:00
[2024-06-30T21:11:11.216+0700] {processor.py:179} INFO - Processing /home/laptop24h/Project/HUST/datn/venv/lib/python3.10/site-packages/airflow/example_dags/example_trigger_controller_dag.py took 0.070 seconds
[2024-06-30T21:22:52.354+0700] {processor.py:157} INFO - Started process (PID=56674) to work on /home/laptop24h/Project/HUST/datn/venv/lib/python3.10/site-packages/airflow/example_dags/example_trigger_controller_dag.py
[2024-06-30T21:22:52.359+0700] {processor.py:826} INFO - Processing file /home/laptop24h/Project/HUST/datn/venv/lib/python3.10/site-packages/airflow/example_dags/example_trigger_controller_dag.py for tasks to queue
[2024-06-30T21:22:52.360+0700] {logging_mixin.py:150} INFO - [2024-06-30T21:22:52.359+0700] {dagbag.py:541} INFO - Filling up the DagBag from /home/laptop24h/Project/HUST/datn/venv/lib/python3.10/site-packages/airflow/example_dags/example_trigger_controller_dag.py
[2024-06-30T21:22:52.365+0700] {processor.py:836} INFO - DAG(s) dict_keys(['example_trigger_controller_dag']) retrieved from /home/laptop24h/Project/HUST/datn/venv/lib/python3.10/site-packages/airflow/example_dags/example_trigger_controller_dag.py
[2024-06-30T21:22:52.381+0700] {logging_mixin.py:150} INFO - [2024-06-30T21:22:52.381+0700] {dag.py:2742} INFO - Sync 1 DAGs
[2024-06-30T21:22:52.398+0700] {logging_mixin.py:150} INFO - [2024-06-30T21:22:52.398+0700] {dag.py:3504} INFO - Setting next_dagrun for example_trigger_controller_dag to 2021-01-01T00:00:00+00:00, run_after=2021-01-01T00:00:00+00:00
[2024-06-30T21:22:52.418+0700] {processor.py:179} INFO - Processing /home/laptop24h/Project/HUST/datn/venv/lib/python3.10/site-packages/airflow/example_dags/example_trigger_controller_dag.py took 0.066 seconds
[2024-06-30T21:24:07.565+0700] {processor.py:157} INFO - Started process (PID=57210) to work on /home/laptop24h/Project/HUST/datn/venv/lib/python3.10/site-packages/airflow/example_dags/example_trigger_controller_dag.py
[2024-06-30T21:24:07.566+0700] {processor.py:826} INFO - Processing file /home/laptop24h/Project/HUST/datn/venv/lib/python3.10/site-packages/airflow/example_dags/example_trigger_controller_dag.py for tasks to queue
[2024-06-30T21:24:07.567+0700] {logging_mixin.py:150} INFO - [2024-06-30T21:24:07.567+0700] {dagbag.py:541} INFO - Filling up the DagBag from /home/laptop24h/Project/HUST/datn/venv/lib/python3.10/site-packages/airflow/example_dags/example_trigger_controller_dag.py
[2024-06-30T21:24:07.574+0700] {processor.py:836} INFO - DAG(s) dict_keys(['example_trigger_controller_dag']) retrieved from /home/laptop24h/Project/HUST/datn/venv/lib/python3.10/site-packages/airflow/example_dags/example_trigger_controller_dag.py
[2024-06-30T21:24:07.596+0700] {logging_mixin.py:150} INFO - [2024-06-30T21:24:07.596+0700] {dag.py:2742} INFO - Sync 1 DAGs
[2024-06-30T21:24:07.619+0700] {logging_mixin.py:150} INFO - [2024-06-30T21:24:07.618+0700] {dag.py:3504} INFO - Setting next_dagrun for example_trigger_controller_dag to 2021-01-01T00:00:00+00:00, run_after=2021-01-01T00:00:00+00:00
[2024-06-30T21:24:07.652+0700] {processor.py:179} INFO - Processing /home/laptop24h/Project/HUST/datn/venv/lib/python3.10/site-packages/airflow/example_dags/example_trigger_controller_dag.py took 0.090 seconds
